{"/Users/nathan/Code/repos/nathanmarks/material-ui/src/styles/theme.js":{"path":"/Users/nathan/Code/repos/nathanmarks/material-ui/src/styles/theme.js","statementMap":{"0":{"start":{"line":19,"column":6},"end":{"line":19,"column":12}},"1":{"start":{"line":21,"column":16},"end":{"line":32,"column":3}},"2":{"start":{"line":34,"column":2},"end":{"line":34,"column":15}}},"fnMap":{"0":{"name":"createMuiTheme","decl":{"start":{"line":12,"column":16},"end":{"line":12,"column":30}},"loc":{"start":{"line":12,"column":44},"end":{"line":35,"column":1}}}},"branchMap":{"0":{"loc":{"start":{"line":12,"column":31},"end":{"line":12,"column":42}},"type":"default-arg","locations":[{"start":{"line":12,"column":40},"end":{"line":12,"column":42}}]},"1":{"loc":{"start":{"line":14,"column":4},"end":{"line":14,"column":29}},"type":"default-arg","locations":[{"start":{"line":14,"column":14},"end":{"line":14,"column":29}}]},"2":{"loc":{"start":{"line":15,"column":4},"end":{"line":15,"column":37}},"type":"default-arg","locations":[{"start":{"line":15,"column":18},"end":{"line":15,"column":37}}]},"3":{"loc":{"start":{"line":16,"column":4},"end":{"line":16,"column":47}},"type":"default-arg","locations":[{"start":{"line":16,"column":13},"end":{"line":16,"column":47}}]},"4":{"loc":{"start":{"line":17,"column":4},"end":{"line":17,"column":42}},"type":"default-arg","locations":[{"start":{"line":17,"column":17},"end":{"line":17,"column":42}}]}},"s":{"0":82,"1":82,"2":82},"f":{"0":82},"b":{"0":[81],"1":[81],"2":[82],"3":[82],"4":[82]},"_coverageSchema":"332fd63041d2c1bcb487cc26dd0d5f7d97098a6c","hash":"ae1317ce52a85078835ca233e12a2f1d9c654789","contentHash":"144f4dec3fb8f9567701b00094c0b619_10.1.2"},"/Users/nathan/Code/repos/nathanmarks/material-ui/src/styles/shadows.js":{"path":"/Users/nathan/Code/repos/nathanmarks/material-ui/src/styles/shadows.js","statementMap":{"0":{"start":{"line":3,"column":30},"end":{"line":3,"column":33}},"1":{"start":{"line":4,"column":33},"end":{"line":4,"column":37}},"2":{"start":{"line":5,"column":35},"end":{"line":5,"column":39}},"3":{"start":{"line":7,"column":28},"end":{"line":13,"column":1}},"4":{"start":{"line":8,"column":2},"end":{"line":12,"column":14}},"5":{"start":{"line":15,"column":16},"end":{"line":41,"column":1}}},"fnMap":{"0":{"name":"(anonymous_0)","decl":{"start":{"line":7,"column":28},"end":{"line":7,"column":29}},"loc":{"start":{"line":7,"column":39},"end":{"line":13,"column":1}}}},"branchMap":{},"s":{"0":1,"1":1,"2":1,"3":1,"4":24,"5":1},"f":{"0":24},"b":{},"_coverageSchema":"332fd63041d2c1bcb487cc26dd0d5f7d97098a6c","hash":"e18cb53a3cb3c5c1688ad3f2659d3d08638b8935","contentHash":"d422574601158748cef4d0d9a65d66d3_10.1.2"},"/Users/nathan/Code/repos/nathanmarks/material-ui/src/styles/transitions.js":{"path":"/Users/nathan/Code/repos/nathanmarks/material-ui/src/styles/transitions.js","statementMap":{"0":{"start":{"line":6,"column":22},"end":{"line":16,"column":1}},"1":{"start":{"line":20,"column":25},"end":{"line":29,"column":1}},"2":{"start":{"line":33,"column":4},"end":{"line":33,"column":52}},"3":{"start":{"line":35,"column":4},"end":{"line":43,"column":5}},"4":{"start":{"line":36,"column":24},"end":{"line":36,"column":26}},"5":{"start":{"line":37,"column":6},"end":{"line":40,"column":7}},"6":{"start":{"line":38,"column":8},"end":{"line":38,"column":44}},"7":{"start":{"line":38,"column":25},"end":{"line":38,"column":44}},"8":{"start":{"line":39,"column":8},"end":{"line":39,"column":79}},"9":{"start":{"line":42,"column":6},"end":{"line":42,"column":25}},"10":{"start":{"line":45,"column":4},"end":{"line":45,"column":64}},"11":{"start":{"line":49,"column":4},"end":{"line":49,"column":35}},"12":{"start":{"line":50,"column":4},"end":{"line":50,"column":33}},"13":{"start":{"line":51,"column":4},"end":{"line":51,"column":27}},"14":{"start":{"line":52,"column":4},"end":{"line":52,"column":52}},"15":{"start":{"line":54,"column":4},"end":{"line":54,"column":62}},"16":{"start":{"line":58,"column":4},"end":{"line":60,"column":5}},"17":{"start":{"line":59,"column":6},"end":{"line":59,"column":15}},"18":{"start":{"line":62,"column":21},"end":{"line":62,"column":32}},"19":{"start":{"line":63,"column":21},"end":{"line":63,"column":74}},"20":{"start":{"line":65,"column":4},"end":{"line":65,"column":32}}},"fnMap":{},"branchMap":{"0":{"loc":{"start":{"line":33,"column":19},"end":{"line":33,"column":51}},"type":"binary-expr","locations":[{"start":{"line":33,"column":19},"end":{"line":33,"column":31}},{"start":{"line":33,"column":35},"end":{"line":33,"column":51}}]},"1":{"loc":{"start":{"line":35,"column":4},"end":{"line":43,"column":5}},"type":"if","locations":[{"start":{"line":35,"column":4},"end":{"line":43,"column":5}},{"start":{"line":35,"column":4},"end":{"line":43,"column":5}}]},"2":{"loc":{"start":{"line":35,"column":8},"end":{"line":35,"column":43}},"type":"binary-expr","locations":[{"start":{"line":35,"column":8},"end":{"line":35,"column":16}},{"start":{"line":35,"column":20},"end":{"line":35,"column":43}}]},"3":{"loc":{"start":{"line":38,"column":8},"end":{"line":38,"column":44}},"type":"if","locations":[{"start":{"line":38,"column":8},"end":{"line":38,"column":44}},{"start":{"line":38,"column":8},"end":{"line":38,"column":44}}]},"4":{"loc":{"start":{"line":49,"column":15},"end":{"line":49,"column":34}},"type":"binary-expr","locations":[{"start":{"line":49,"column":15},"end":{"line":49,"column":23}},{"start":{"line":49,"column":27},"end":{"line":49,"column":34}}]},"5":{"loc":{"start":{"line":50,"column":15},"end":{"line":50,"column":32}},"type":"binary-expr","locations":[{"start":{"line":50,"column":15},"end":{"line":50,"column":23}},{"start":{"line":50,"column":27},"end":{"line":50,"column":32}}]},"6":{"loc":{"start":{"line":51,"column":12},"end":{"line":51,"column":26}},"type":"binary-expr","locations":[{"start":{"line":51,"column":12},"end":{"line":51,"column":17}},{"start":{"line":51,"column":21},"end":{"line":51,"column":26}}]},"7":{"loc":{"start":{"line":52,"column":19},"end":{"line":52,"column":51}},"type":"binary-expr","locations":[{"start":{"line":52,"column":19},"end":{"line":52,"column":31}},{"start":{"line":52,"column":35},"end":{"line":52,"column":51}}]},"8":{"loc":{"start":{"line":58,"column":4},"end":{"line":60,"column":5}},"type":"if","locations":[{"start":{"line":58,"column":4},"end":{"line":60,"column":5}},{"start":{"line":58,"column":4},"end":{"line":60,"column":5}}]}},"s":{"0":1,"1":1,"2":2,"3":2,"4":2,"5":2,"6":4,"7":2,"8":4,"9":2,"10":0,"11":86,"12":86,"13":86,"14":86,"15":86,"16":3,"17":3,"18":0,"19":0,"20":0},"f":{},"b":{"0":[2,2],"1":[2,0],"2":[2,2],"3":[2,2],"4":[86,8],"5":[86,3],"6":[86,73],"7":[86,72],"8":[3,0]},"_coverageSchema":"332fd63041d2c1bcb487cc26dd0d5f7d97098a6c","hash":"a7e576815ba7b3ae978f2fea83593d132f162d25","contentHash":"2d7f03271387bfa2218d66ab41f7d0e3_10.1.2"},"/Users/nathan/Code/repos/nathanmarks/material-ui/src/styles/typography.js":{"path":"/Users/nathan/Code/repos/nathanmarks/material-ui/src/styles/typography.js","statementMap":{"0":{"start":{"line":3,"column":25},"end":{"line":9,"column":1}},"1":{"start":{"line":12,"column":2},"end":{"line":95,"column":4}}},"fnMap":{"0":{"name":"createTypography","decl":{"start":{"line":11,"column":24},"end":{"line":11,"column":40}},"loc":{"start":{"line":11,"column":80},"end":{"line":96,"column":1}}}},"branchMap":{"0":{"loc":{"start":{"line":11,"column":50},"end":{"line":11,"column":78}},"type":"default-arg","locations":[{"start":{"line":11,"column":62},"end":{"line":11,"column":78}}]}},"s":{"0":1,"1":82},"f":{"0":82},"b":{"0":[82]},"_coverageSchema":"332fd63041d2c1bcb487cc26dd0d5f7d97098a6c","hash":"070ef758778fc4768121fca8dfd014a870a8ae75","contentHash":"2d28d0aa910392a33a0daa405461ad04_10.1.2"},"/Users/nathan/Code/repos/nathanmarks/material-ui/src/styles/breakpoints.js":{"path":"/Users/nathan/Code/repos/nathanmarks/material-ui/src/styles/breakpoints.js","statementMap":{"0":{"start":{"line":4,"column":20},"end":{"line":10,"column":1}},"1":{"start":{"line":23,"column":17},"end":{"line":23,"column":48}},"2":{"start":{"line":23,"column":33},"end":{"line":23,"column":47}},"3":{"start":{"line":26,"column":18},"end":{"line":26,"column":43}},"4":{"start":{"line":27,"column":4},"end":{"line":27,"column":48}},"5":{"start":{"line":31,"column":18},"end":{"line":31,"column":43}},"6":{"start":{"line":32,"column":4},"end":{"line":32,"column":48}},"7":{"start":{"line":36,"column":23},"end":{"line":36,"column":42}},"8":{"start":{"line":37,"column":21},"end":{"line":37,"column":38}},"9":{"start":{"line":38,"column":4},"end":{"line":39,"column":44}},"10":{"start":{"line":43,"column":21},"end":{"line":43,"column":39}},"11":{"start":{"line":44,"column":4},"end":{"line":46,"column":5}},"12":{"start":{"line":45,"column":6},"end":{"line":45,"column":22}},"13":{"start":{"line":47,"column":4},"end":{"line":47,"column":31}},"14":{"start":{"line":51,"column":4},"end":{"line":51,"column":29}},"15":{"start":{"line":54,"column":2},"end":{"line":54,"column":52}}},"fnMap":{"0":{"name":"createBreakpoints","decl":{"start":{"line":12,"column":24},"end":{"line":12,"column":41}},"loc":{"start":{"line":22,"column":2},"end":{"line":55,"column":1}}},"1":{"name":"(anonymous_1)","decl":{"start":{"line":23,"column":26},"end":{"line":23,"column":27}},"loc":{"start":{"line":23,"column":33},"end":{"line":23,"column":47}}},"2":{"name":"up","decl":{"start":{"line":25,"column":11},"end":{"line":25,"column":13}},"loc":{"start":{"line":25,"column":20},"end":{"line":28,"column":3}}},"3":{"name":"down","decl":{"start":{"line":30,"column":11},"end":{"line":30,"column":15}},"loc":{"start":{"line":30,"column":22},"end":{"line":33,"column":3}}},"4":{"name":"between","decl":{"start":{"line":35,"column":11},"end":{"line":35,"column":18}},"loc":{"start":{"line":35,"column":31},"end":{"line":40,"column":3}}},"5":{"name":"only","decl":{"start":{"line":42,"column":11},"end":{"line":42,"column":15}},"loc":{"start":{"line":42,"column":22},"end":{"line":48,"column":3}}},"6":{"name":"getWidth","decl":{"start":{"line":50,"column":11},"end":{"line":50,"column":19}},"loc":{"start":{"line":50,"column":26},"end":{"line":52,"column":3}}}},"branchMap":{"0":{"loc":{"start":{"line":13,"column":2},"end":{"line":19,"column":3}},"type":"default-arg","locations":[{"start":{"line":13,"column":16},"end":{"line":19,"column":3}}]},"1":{"loc":{"start":{"line":20,"column":2},"end":{"line":20,"column":13}},"type":"default-arg","locations":[{"start":{"line":20,"column":9},"end":{"line":20,"column":13}}]},"2":{"loc":{"start":{"line":21,"column":2},"end":{"line":21,"column":10}},"type":"default-arg","locations":[{"start":{"line":21,"column":9},"end":{"line":21,"column":10}}]},"3":{"loc":{"start":{"line":26,"column":18},"end":{"line":26,"column":43}},"type":"binary-expr","locations":[{"start":{"line":26,"column":18},"end":{"line":26,"column":35}},{"start":{"line":26,"column":39},"end":{"line":26,"column":43}}]},"4":{"loc":{"start":{"line":31,"column":18},"end":{"line":31,"column":43}},"type":"binary-expr","locations":[{"start":{"line":31,"column":18},"end":{"line":31,"column":35}},{"start":{"line":31,"column":39},"end":{"line":31,"column":43}}]},"5":{"loc":{"start":{"line":44,"column":4},"end":{"line":46,"column":5}},"type":"if","locations":[{"start":{"line":44,"column":4},"end":{"line":46,"column":5}},{"start":{"line":44,"column":4},"end":{"line":46,"column":5}}]}},"s":{"0":1,"1":82,"2":410,"3":10,"4":10,"5":0,"6":0,"7":0,"8":0,"9":0,"10":0,"11":0,"12":0,"13":0,"14":28,"15":82},"f":{"0":82,"1":410,"2":10,"3":0,"4":0,"5":0,"6":28},"b":{"0":[82],"1":[82],"2":[82],"3":[10,0],"4":[0,0],"5":[0,0]},"_coverageSchema":"332fd63041d2c1bcb487cc26dd0d5f7d97098a6c","hash":"651221c992a9d9ca2334f64a1f3aca371881c8a2","contentHash":"e4e44dcc92136120a6a500cc1736d803_10.1.2"},"/Users/nathan/Code/repos/nathanmarks/material-ui/src/styles/palette.js":{"path":"/Users/nathan/Code/repos/nathanmarks/material-ui/src/styles/palette.js","statementMap":{"0":{"start":{"line":6,"column":21},"end":{"line":27,"column":1}},"1":{"start":{"line":29,"column":20},"end":{"line":50,"column":1}},"2":{"start":{"line":52,"column":22},"end":{"line":52,"column":37}},"3":{"start":{"line":55,"column":2},"end":{"line":57,"column":3}},"4":{"start":{"line":56,"column":4},"end":{"line":56,"column":29}},"5":{"start":{"line":58,"column":2},"end":{"line":58,"column":28}},"6":{"start":{"line":67,"column":2},"end":{"line":79,"column":4}}},"fnMap":{"0":{"name":"getContrastText","decl":{"start":{"line":54,"column":16},"end":{"line":54,"column":31}},"loc":{"start":{"line":54,"column":39},"end":{"line":59,"column":1}}},"1":{"name":"createPalette","decl":{"start":{"line":61,"column":24},"end":{"line":61,"column":37}},"loc":{"start":{"line":66,"column":8},"end":{"line":80,"column":1}}}},"branchMap":{"0":{"loc":{"start":{"line":55,"column":2},"end":{"line":57,"column":3}},"type":"if","locations":[{"start":{"line":55,"column":2},"end":{"line":57,"column":3}},{"start":{"line":55,"column":2},"end":{"line":57,"column":3}}]},"1":{"loc":{"start":{"line":61,"column":38},"end":{"line":66,"column":6}},"type":"default-arg","locations":[{"start":{"line":66,"column":4},"end":{"line":66,"column":6}}]},"2":{"loc":{"start":{"line":62,"column":2},"end":{"line":62,"column":18}},"type":"default-arg","locations":[{"start":{"line":62,"column":12},"end":{"line":62,"column":18}}]},"3":{"loc":{"start":{"line":63,"column":2},"end":{"line":63,"column":15}},"type":"default-arg","locations":[{"start":{"line":63,"column":11},"end":{"line":63,"column":15}}]},"4":{"loc":{"start":{"line":64,"column":2},"end":{"line":64,"column":13}},"type":"default-arg","locations":[{"start":{"line":64,"column":10},"end":{"line":64,"column":13}}]},"5":{"loc":{"start":{"line":65,"column":2},"end":{"line":65,"column":16}},"type":"default-arg","locations":[{"start":{"line":65,"column":9},"end":{"line":65,"column":16}}]}},"s":{"0":1,"1":1,"2":1,"3":14,"4":12,"5":2,"6":85},"f":{"0":14,"1":85},"b":{"0":[12,2],"1":[82],"2":[83],"3":[83],"4":[85],"5":[84]},"_coverageSchema":"332fd63041d2c1bcb487cc26dd0d5f7d97098a6c","hash":"d9b6a2d50408b80adb6674c4e5ffe3aa095a6971","contentHash":"194a3ddc70fff1db82430ccf08fe864e_10.1.2"},"/Users/nathan/Code/repos/nathanmarks/material-ui/src/styles/colors.js":{"path":"/Users/nathan/Code/repos/nathanmarks/material-ui/src/styles/colors.js","statementMap":{"0":{"start":{"line":4,"column":21},"end":{"line":4,"column":30}},"1":{"start":{"line":5,"column":21},"end":{"line":5,"column":30}},"2":{"start":{"line":7,"column":27},"end":{"line":7,"column":45}},"3":{"start":{"line":8,"column":25},"end":{"line":8,"column":43}},"4":{"start":{"line":9,"column":25},"end":{"line":9,"column":46}},"5":{"start":{"line":10,"column":26},"end":{"line":10,"column":47}},"6":{"start":{"line":11,"column":24},"end":{"line":11,"column":45}},"7":{"start":{"line":12,"column":26},"end":{"line":12,"column":47}},"8":{"start":{"line":13,"column":25},"end":{"line":13,"column":49}},"9":{"start":{"line":14,"column":25},"end":{"line":14,"column":52}},"10":{"start":{"line":15,"column":26},"end":{"line":15,"column":53}},"11":{"start":{"line":17,"column":19},"end":{"line":33,"column":1}},"12":{"start":{"line":35,"column":20},"end":{"line":51,"column":1}},"13":{"start":{"line":53,"column":22},"end":{"line":69,"column":1}},"14":{"start":{"line":71,"column":26},"end":{"line":87,"column":1}},"15":{"start":{"line":89,"column":22},"end":{"line":105,"column":1}},"16":{"start":{"line":107,"column":20},"end":{"line":123,"column":1}},"17":{"start":{"line":125,"column":25},"end":{"line":141,"column":1}},"18":{"start":{"line":143,"column":20},"end":{"line":159,"column":1}},"19":{"start":{"line":161,"column":20},"end":{"line":177,"column":1}},"20":{"start":{"line":179,"column":21},"end":{"line":195,"column":1}},"21":{"start":{"line":197,"column":26},"end":{"line":213,"column":1}},"22":{"start":{"line":215,"column":20},"end":{"line":231,"column":1}},"23":{"start":{"line":233,"column":22},"end":{"line":249,"column":1}},"24":{"start":{"line":251,"column":21},"end":{"line":267,"column":1}},"25":{"start":{"line":269,"column":22},"end":{"line":285,"column":1}},"26":{"start":{"line":287,"column":26},"end":{"line":303,"column":1}},"27":{"start":{"line":305,"column":21},"end":{"line":321,"column":1}},"28":{"start":{"line":323,"column":20},"end":{"line":339,"column":1}}},"fnMap":{},"branchMap":{},"s":{"0":1,"1":1,"2":1,"3":1,"4":1,"5":1,"6":1,"7":1,"8":1,"9":1,"10":1,"11":1,"12":1,"13":1,"14":1,"15":1,"16":1,"17":1,"18":1,"19":1,"20":1,"21":1,"22":1,"23":1,"24":1,"25":1,"26":1,"27":1,"28":1},"f":{},"b":{},"_coverageSchema":"332fd63041d2c1bcb487cc26dd0d5f7d97098a6c","hash":"25ae8ee6f18693b779d65d9b3bacc9d7ab1207a8","contentHash":"977dc1de30056086613da524879841fb_10.1.2"},"/Users/nathan/Code/repos/nathanmarks/material-ui/src/styles/colorManipulator.js":{"path":"/Users/nathan/Code/repos/nathanmarks/material-ui/src/styles/colorManipulator.js","statementMap":{"0":{"start":{"line":13,"column":2},"end":{"line":15,"column":3}},"1":{"start":{"line":14,"column":4},"end":{"line":14,"column":15}},"2":{"start":{"line":16,"column":2},"end":{"line":18,"column":3}},"3":{"start":{"line":17,"column":4},"end":{"line":17,"column":15}},"4":{"start":{"line":19,"column":2},"end":{"line":19,"column":15}},"5":{"start":{"line":31,"column":25},"end":{"line":31,"column":30}},"6":{"start":{"line":33,"column":2},"end":{"line":38,"column":3}},"7":{"start":{"line":35,"column":4},"end":{"line":37,"column":5}},"8":{"start":{"line":36,"column":6},"end":{"line":36,"column":38}},"9":{"start":{"line":42,"column":2},"end":{"line":46,"column":3}},"10":{"start":{"line":43,"column":4},"end":{"line":43,"column":77}},"11":{"start":{"line":45,"column":4},"end":{"line":45,"column":75}},"12":{"start":{"line":48,"column":2},"end":{"line":52,"column":3}},"13":{"start":{"line":49,"column":4},"end":{"line":49,"column":43}},"14":{"start":{"line":51,"column":4},"end":{"line":51,"column":23}},"15":{"start":{"line":54,"column":2},"end":{"line":54,"column":21}},"16":{"start":{"line":64,"column":2},"end":{"line":70,"column":3}},"17":{"start":{"line":65,"column":24},"end":{"line":65,"column":27}},"18":{"start":{"line":66,"column":4},"end":{"line":68,"column":5}},"19":{"start":{"line":67,"column":6},"end":{"line":67,"column":57}},"20":{"start":{"line":69,"column":4},"end":{"line":69,"column":26}},"21":{"start":{"line":72,"column":17},"end":{"line":76,"column":3}},"22":{"start":{"line":78,"column":2},"end":{"line":78,"column":54}},"23":{"start":{"line":90,"column":2},"end":{"line":92,"column":3}},"24":{"start":{"line":91,"column":4},"end":{"line":91,"column":50}},"25":{"start":{"line":94,"column":17},"end":{"line":94,"column":35}},"26":{"start":{"line":95,"column":15},"end":{"line":95,"column":41}},"27":{"start":{"line":96,"column":15},"end":{"line":96,"column":71}},"28":{"start":{"line":97,"column":2},"end":{"line":97,"column":52}},"29":{"start":{"line":97,"column":33},"end":{"line":97,"column":50}},"30":{"start":{"line":99,"column":2},"end":{"line":99,"column":38}},"31":{"start":{"line":112,"column":15},"end":{"line":112,"column":39}},"32":{"start":{"line":113,"column":15},"end":{"line":113,"column":39}},"33":{"start":{"line":114,"column":24},"end":{"line":114,"column":85}},"34":{"start":{"line":116,"column":2},"end":{"line":116,"column":42}},"35":{"start":{"line":129,"column":2},"end":{"line":129,"column":32}},"36":{"start":{"line":131,"column":2},"end":{"line":139,"column":3}},"37":{"start":{"line":132,"column":16},"end":{"line":135,"column":6}},"38":{"start":{"line":133,"column":6},"end":{"line":133,"column":17}},"39":{"start":{"line":134,"column":6},"end":{"line":134,"column":81}},"40":{"start":{"line":136,"column":4},"end":{"line":136,"column":84}},"41":{"start":{"line":137,"column":9},"end":{"line":139,"column":3}},"42":{"start":{"line":138,"column":4},"end":{"line":138,"column":33}},"43":{"start":{"line":151,"column":2},"end":{"line":153,"column":32}},"44":{"start":{"line":165,"column":2},"end":{"line":165,"column":32}},"45":{"start":{"line":166,"column":2},"end":{"line":166,"column":29}},"46":{"start":{"line":168,"column":2},"end":{"line":170,"column":3}},"47":{"start":{"line":169,"column":4},"end":{"line":169,"column":22}},"48":{"start":{"line":171,"column":2},"end":{"line":171,"column":26}},"49":{"start":{"line":173,"column":2},"end":{"line":173,"column":37}},"50":{"start":{"line":184,"column":2},"end":{"line":184,"column":32}},"51":{"start":{"line":185,"column":2},"end":{"line":185,"column":41}},"52":{"start":{"line":187,"column":2},"end":{"line":193,"column":3}},"53":{"start":{"line":188,"column":4},"end":{"line":188,"column":39}},"54":{"start":{"line":189,"column":9},"end":{"line":193,"column":3}},"55":{"start":{"line":190,"column":4},"end":{"line":192,"column":5}},"56":{"start":{"line":191,"column":6},"end":{"line":191,"column":41}},"57":{"start":{"line":194,"column":2},"end":{"line":194,"column":37}},"58":{"start":{"line":205,"column":2},"end":{"line":205,"column":32}},"59":{"start":{"line":206,"column":2},"end":{"line":206,"column":41}},"60":{"start":{"line":208,"column":2},"end":{"line":214,"column":3}},"61":{"start":{"line":209,"column":4},"end":{"line":209,"column":61}},"62":{"start":{"line":210,"column":9},"end":{"line":214,"column":3}},"63":{"start":{"line":211,"column":4},"end":{"line":213,"column":5}},"64":{"start":{"line":212,"column":6},"end":{"line":212,"column":63}},"65":{"start":{"line":216,"column":2},"end":{"line":216,"column":37}}},"fnMap":{"0":{"name":"clamp","decl":{"start":{"line":12,"column":9},"end":{"line":12,"column":14}},"loc":{"start":{"line":12,"column":32},"end":{"line":20,"column":1}}},"1":{"name":"convertColorToString","decl":{"start":{"line":30,"column":16},"end":{"line":30,"column":36}},"loc":{"start":{"line":30,"column":44},"end":{"line":55,"column":1}}},"2":{"name":"convertHexToRGB","decl":{"start":{"line":63,"column":16},"end":{"line":63,"column":31}},"loc":{"start":{"line":63,"column":39},"end":{"line":79,"column":1}}},"3":{"name":"decomposeColor","decl":{"start":{"line":89,"column":16},"end":{"line":89,"column":30}},"loc":{"start":{"line":89,"column":38},"end":{"line":100,"column":1}}},"4":{"name":"(anonymous_4)","decl":{"start":{"line":97,"column":22},"end":{"line":97,"column":23}},"loc":{"start":{"line":97,"column":33},"end":{"line":97,"column":50}}},"5":{"name":"getContrastRatio","decl":{"start":{"line":111,"column":16},"end":{"line":111,"column":32}},"loc":{"start":{"line":111,"column":57},"end":{"line":117,"column":1}}},"6":{"name":"getLuminance","decl":{"start":{"line":128,"column":16},"end":{"line":128,"column":28}},"loc":{"start":{"line":128,"column":36},"end":{"line":140,"column":1}}},"7":{"name":"(anonymous_7)","decl":{"start":{"line":132,"column":33},"end":{"line":132,"column":34}},"loc":{"start":{"line":132,"column":42},"end":{"line":135,"column":5}}},"8":{"name":"emphasize","decl":{"start":{"line":150,"column":16},"end":{"line":150,"column":25}},"loc":{"start":{"line":150,"column":53},"end":{"line":154,"column":1}}},"9":{"name":"fade","decl":{"start":{"line":164,"column":16},"end":{"line":164,"column":20}},"loc":{"start":{"line":164,"column":35},"end":{"line":174,"column":1}}},"10":{"name":"darken","decl":{"start":{"line":183,"column":16},"end":{"line":183,"column":22}},"loc":{"start":{"line":183,"column":43},"end":{"line":195,"column":1}}},"11":{"name":"lighten","decl":{"start":{"line":204,"column":16},"end":{"line":204,"column":23}},"loc":{"start":{"line":204,"column":44},"end":{"line":217,"column":1}}}},"branchMap":{"0":{"loc":{"start":{"line":13,"column":2},"end":{"line":15,"column":3}},"type":"if","locations":[{"start":{"line":13,"column":2},"end":{"line":15,"column":3}},{"start":{"line":13,"column":2},"end":{"line":15,"column":3}}]},"1":{"loc":{"start":{"line":16,"column":2},"end":{"line":18,"column":3}},"type":"if","locations":[{"start":{"line":16,"column":2},"end":{"line":18,"column":3}},{"start":{"line":16,"column":2},"end":{"line":18,"column":3}}]},"2":{"loc":{"start":{"line":33,"column":2},"end":{"line":38,"column":3}},"type":"if","locations":[{"start":{"line":33,"column":2},"end":{"line":38,"column":3}},{"start":{"line":33,"column":2},"end":{"line":38,"column":3}}]},"3":{"loc":{"start":{"line":42,"column":2},"end":{"line":46,"column":3}},"type":"if","locations":[{"start":{"line":42,"column":2},"end":{"line":46,"column":3}},{"start":{"line":42,"column":2},"end":{"line":46,"column":3}}]},"4":{"loc":{"start":{"line":48,"column":2},"end":{"line":52,"column":3}},"type":"if","locations":[{"start":{"line":48,"column":2},"end":{"line":52,"column":3}},{"start":{"line":48,"column":2},"end":{"line":52,"column":3}}]},"5":{"loc":{"start":{"line":64,"column":2},"end":{"line":70,"column":3}},"type":"if","locations":[{"start":{"line":64,"column":2},"end":{"line":70,"column":3}},{"start":{"line":64,"column":2},"end":{"line":70,"column":3}}]},"6":{"loc":{"start":{"line":90,"column":2},"end":{"line":92,"column":3}},"type":"if","locations":[{"start":{"line":90,"column":2},"end":{"line":92,"column":3}},{"start":{"line":90,"column":2},"end":{"line":92,"column":3}}]},"7":{"loc":{"start":{"line":131,"column":2},"end":{"line":139,"column":3}},"type":"if","locations":[{"start":{"line":131,"column":2},"end":{"line":139,"column":3}},{"start":{"line":131,"column":2},"end":{"line":139,"column":3}}]},"8":{"loc":{"start":{"line":134,"column":13},"end":{"line":134,"column":80}},"type":"cond-expr","locations":[{"start":{"line":134,"column":30},"end":{"line":134,"column":41}},{"start":{"line":134,"column":44},"end":{"line":134,"column":80}}]},"9":{"loc":{"start":{"line":137,"column":9},"end":{"line":139,"column":3}},"type":"if","locations":[{"start":{"line":137,"column":9},"end":{"line":139,"column":3}},{"start":{"line":137,"column":9},"end":{"line":139,"column":3}}]},"10":{"loc":{"start":{"line":150,"column":33},"end":{"line":150,"column":51}},"type":"default-arg","locations":[{"start":{"line":150,"column":47},"end":{"line":150,"column":51}}]},"11":{"loc":{"start":{"line":151,"column":9},"end":{"line":153,"column":31}},"type":"cond-expr","locations":[{"start":{"line":152,"column":4},"end":{"line":152,"column":30}},{"start":{"line":153,"column":4},"end":{"line":153,"column":31}}]},"12":{"loc":{"start":{"line":168,"column":2},"end":{"line":170,"column":3}},"type":"if","locations":[{"start":{"line":168,"column":2},"end":{"line":170,"column":3}},{"start":{"line":168,"column":2},"end":{"line":170,"column":3}}]},"13":{"loc":{"start":{"line":168,"column":6},"end":{"line":168,"column":50}},"type":"binary-expr","locations":[{"start":{"line":168,"column":6},"end":{"line":168,"column":26}},{"start":{"line":168,"column":30},"end":{"line":168,"column":50}}]},"14":{"loc":{"start":{"line":187,"column":2},"end":{"line":193,"column":3}},"type":"if","locations":[{"start":{"line":187,"column":2},"end":{"line":193,"column":3}},{"start":{"line":187,"column":2},"end":{"line":193,"column":3}}]},"15":{"loc":{"start":{"line":189,"column":9},"end":{"line":193,"column":3}},"type":"if","locations":[{"start":{"line":189,"column":9},"end":{"line":193,"column":3}},{"start":{"line":189,"column":9},"end":{"line":193,"column":3}}]},"16":{"loc":{"start":{"line":208,"column":2},"end":{"line":214,"column":3}},"type":"if","locations":[{"start":{"line":208,"column":2},"end":{"line":214,"column":3}},{"start":{"line":208,"column":2},"end":{"line":214,"column":3}}]},"17":{"loc":{"start":{"line":210,"column":9},"end":{"line":214,"column":3}},"type":"if","locations":[{"start":{"line":210,"column":9},"end":{"line":214,"column":3}},{"start":{"line":210,"column":9},"end":{"line":214,"column":3}}]}},"s":{"0":43,"1":2,"2":41,"3":2,"4":39,"5":47,"6":47,"7":37,"8":111,"9":47,"10":10,"11":37,"12":47,"13":10,"14":37,"15":47,"16":43,"17":9,"18":9,"19":27,"20":9,"21":43,"22":43,"23":140,"24":41,"25":99,"26":99,"27":99,"28":99,"29":305,"30":99,"31":19,"32":19,"33":19,"34":19,"35":52,"36":52,"37":51,"38":153,"39":153,"40":51,"41":1,"42":1,"43":9,"44":6,"45":6,"46":6,"47":2,"48":6,"49":6,"50":21,"51":21,"52":21,"53":3,"54":18,"55":18,"56":54,"57":21,"58":16,"59":16,"60":16,"61":3,"62":13,"63":13,"64":39,"65":16},"f":{"0":43,"1":47,"2":43,"3":140,"4":305,"5":19,"6":52,"7":153,"8":9,"9":6,"10":21,"11":16},"b":{"0":[2,41],"1":[2,39],"2":[37,10],"3":[10,37],"4":[10,37],"5":[9,34],"6":[41,99],"7":[51,1],"8":[64,89],"9":[1,0],"10":[2],"11":[7,2],"12":[2,4],"13":[6,5],"14":[3,18],"15":[18,0],"16":[3,13],"17":[13,0]},"_coverageSchema":"332fd63041d2c1bcb487cc26dd0d5f7d97098a6c","hash":"a0e9a72107ab83befad7e096107cf5c743b7cd1e","contentHash":"c6b9888563ac449e42bcfec6a72096b7_10.1.2"},"/Users/nathan/Code/repos/nathanmarks/material-ui/src/styles/zIndex.js":{"path":"/Users/nathan/Code/repos/nathanmarks/material-ui/src/styles/zIndex.js","statementMap":{},"fnMap":{},"branchMap":{},"s":{},"f":{},"b":{},"_coverageSchema":"332fd63041d2c1bcb487cc26dd0d5f7d97098a6c","hash":"7c41b517e1ec96abf84e183808982ebe9bb62ffe","contentHash":"af861429cd5d606f9d2cf6941f6a704d_10.1.2"},"/Users/nathan/Code/repos/nathanmarks/material-ui/src/styles/mixins.js":{"path":"/Users/nathan/Code/repos/nathanmarks/material-ui/src/styles/mixins.js","statementMap":{"0":{"start":{"line":5,"column":4},"end":{"line":5,"column":42}},"1":{"start":{"line":6,"column":4},"end":{"line":6,"column":43}},"2":{"start":{"line":7,"column":4},"end":{"line":10,"column":6}},"3":{"start":{"line":11,"column":4},"end":{"line":11,"column":18}},"4":{"start":{"line":14,"column":2},"end":{"line":14,"column":21}}},"fnMap":{"0":{"name":"createMixins","decl":{"start":{"line":3,"column":24},"end":{"line":3,"column":36}},"loc":{"start":{"line":3,"column":59},"end":{"line":15,"column":1}}},"1":{"name":"gutters","decl":{"start":{"line":4,"column":11},"end":{"line":4,"column":18}},"loc":{"start":{"line":4,"column":27},"end":{"line":12,"column":3}}}},"branchMap":{},"s":{"0":1,"1":1,"2":1,"3":1,"4":82},"f":{"0":82,"1":1},"b":{},"_coverageSchema":"332fd63041d2c1bcb487cc26dd0d5f7d97098a6c","hash":"800dfd0ae4c206a0909439e7e33a145835e35e17","contentHash":"1c3e717ae238f7da3dc1ad299e7ff2e1_10.1.2"},"/Users/nathan/Code/repos/nathanmarks/material-ui/src/styles/spacing.js":{"path":"/Users/nathan/Code/repos/nathanmarks/material-ui/src/styles/spacing.js","statementMap":{},"fnMap":{},"branchMap":{},"s":{},"f":{},"b":{},"_coverageSchema":"332fd63041d2c1bcb487cc26dd0d5f7d97098a6c","hash":"63c113b9dde6dc4a2656671acfb4424707de71c8","contentHash":"4492b51e3f45a7e630dcfed1c309dbd5_10.1.2"},"/Users/nathan/Code/repos/nathanmarks/material-ui/src/List/index.js":{"path":"/Users/nathan/Code/repos/nathanmarks/material-ui/src/List/index.js","statementMap":{},"fnMap":{},"branchMap":{},"s":{},"f":{},"b":{},"_coverageSchema":"332fd63041d2c1bcb487cc26dd0d5f7d97098a6c","hash":"6cb666d761e08b7be778a1f570dd39df0938e69c","contentHash":"d1e589b5a0fda8e526ea4f3834d8de1b_10.1.2"},"/Users/nathan/Code/repos/nathanmarks/material-ui/src/List/List.js":{"path":"/Users/nathan/Code/repos/nathanmarks/material-ui/src/List/List.js","statementMap":{"0":{"start":{"line":8,"column":26},"end":{"line":25,"column":2}},"1":{"start":{"line":9,"column":2},"end":{"line":24,"column":4}},"2":{"start":{"line":39,"column":6},"end":{"line":39,"column":11}},"3":{"start":{"line":40,"column":18},"end":{"line":40,"column":57}},"4":{"start":{"line":41,"column":20},"end":{"line":44,"column":19}},"5":{"start":{"line":46,"column":2},"end":{"line":51,"column":4}},"6":{"start":{"line":54,"column":0},"end":{"line":70,"column":2}},"7":{"start":{"line":72,"column":0},"end":{"line":75,"column":2}},"8":{"start":{"line":77,"column":0},"end":{"line":79,"column":2}}},"fnMap":{"0":{"name":"(anonymous_0)","decl":{"start":{"line":8,"column":54},"end":{"line":8,"column":55}},"loc":{"start":{"line":8,"column":60},"end":{"line":25,"column":1}}},"1":{"name":"List","decl":{"start":{"line":30,"column":24},"end":{"line":30,"column":28}},"loc":{"start":{"line":30,"column":45},"end":{"line":52,"column":1}}}},"branchMap":{},"s":{"0":1,"1":4,"2":46,"3":46,"4":46,"5":46,"6":1,"7":1,"8":1},"f":{"0":4,"1":46},"b":{},"_coverageSchema":"332fd63041d2c1bcb487cc26dd0d5f7d97098a6c","hash":"b132a93bb74d27860d61f62163552fcdcd142786","contentHash":"700a41c10ef2fdd2dff323df7d0190c8_10.1.2"},"/Users/nathan/Code/repos/nathanmarks/material-ui/src/utils/customPropTypes.js":{"path":"/Users/nathan/Code/repos/nathanmarks/material-ui/src/utils/customPropTypes.js","statementMap":{"0":{"start":{"line":7,"column":22},"end":{"line":7,"column":24}},"1":{"start":{"line":9,"column":0},"end":{"line":28,"column":1}},"2":{"start":{"line":10,"column":21},"end":{"line":13,"column":4}},"3":{"start":{"line":15,"column":19},"end":{"line":18,"column":4}},"4":{"start":{"line":20,"column":2},"end":{"line":27,"column":4}},"5":{"start":{"line":30,"column":0},"end":{"line":56,"column":1}},"6":{"start":{"line":31,"column":2},"end":{"line":53,"column":4}},"7":{"start":{"line":39,"column":18},"end":{"line":41,"column":5}},"8":{"start":{"line":43,"column":4},"end":{"line":50,"column":5}},"9":{"start":{"line":44,"column":6},"end":{"line":49,"column":22}},"10":{"start":{"line":52,"column":4},"end":{"line":52,"column":17}},"11":{"start":{"line":55,"column":2},"end":{"line":55,"column":43}},"12":{"start":{"line":55,"column":38},"end":{"line":55,"column":42}}},"fnMap":{"0":{"name":"(anonymous_0)","decl":{"start":{"line":31,"column":32},"end":{"line":31,"column":33}},"loc":{"start":{"line":38,"column":7},"end":{"line":53,"column":3}}},"1":{"name":"(anonymous_1)","decl":{"start":{"line":55,"column":32},"end":{"line":55,"column":33}},"loc":{"start":{"line":55,"column":38},"end":{"line":55,"column":42}}}},"branchMap":{"0":{"loc":{"start":{"line":9,"column":0},"end":{"line":28,"column":1}},"type":"if","locations":[{"start":{"line":9,"column":0},"end":{"line":28,"column":1}},{"start":{"line":9,"column":0},"end":{"line":28,"column":1}}]},"1":{"loc":{"start":{"line":30,"column":0},"end":{"line":56,"column":1}},"type":"if","locations":[{"start":{"line":30,"column":0},"end":{"line":56,"column":1}},{"start":{"line":30,"column":0},"end":{"line":56,"column":1}}]},"2":{"loc":{"start":{"line":43,"column":4},"end":{"line":50,"column":5}},"type":"if","locations":[{"start":{"line":43,"column":4},"end":{"line":50,"column":5}},{"start":{"line":43,"column":4},"end":{"line":50,"column":5}}]}},"s":{"0":1,"1":1,"2":1,"3":1,"4":1,"5":1,"6":1,"7":693,"8":693,"9":0,"10":693,"11":0,"12":0},"f":{"0":693,"1":0},"b":{"0":[1,0],"1":[1,0],"2":[0,693]},"_coverageSchema":"332fd63041d2c1bcb487cc26dd0d5f7d97098a6c","hash":"d949bb4496cfe747d6b9df7139118590d2d13e75","contentHash":"b850a53f7e717da2760b4a1c206a9056_10.1.2"},"/Users/nathan/Code/repos/nathanmarks/material-ui/src/List/ListItem.js":{"path":"/Users/nathan/Code/repos/nathanmarks/material-ui/src/List/ListItem.js","statementMap":{"0":{"start":{"line":9,"column":26},"end":{"line":42,"column":2}},"1":{"start":{"line":10,"column":2},"end":{"line":41,"column":4}},"2":{"start":{"line":86,"column":8},"end":{"line":86,"column":18}},"3":{"start":{"line":88,"column":20},"end":{"line":88,"column":64}},"4":{"start":{"line":89,"column":22},"end":{"line":94,"column":21}},"5":{"start":{"line":96,"column":26},"end":{"line":96,"column":59}},"6":{"start":{"line":97,"column":24},"end":{"line":97,"column":37}},"7":{"start":{"line":99,"column":4},"end":{"line":103,"column":5}},"8":{"start":{"line":100,"column":6},"end":{"line":100,"column":33}},"9":{"start":{"line":101,"column":6},"end":{"line":101,"column":55}},"10":{"start":{"line":102,"column":6},"end":{"line":102,"column":71}},"11":{"start":{"line":105,"column":21},"end":{"line":105,"column":57}},"12":{"start":{"line":107,"column":4},"end":{"line":121,"column":5}},"13":{"start":{"line":112,"column":30},"end":{"line":112,"column":44}},"14":{"start":{"line":113,"column":6},"end":{"line":120,"column":8}},"15":{"start":{"line":123,"column":4},"end":{"line":127,"column":6}}},"fnMap":{"0":{"name":"(anonymous_0)","decl":{"start":{"line":9,"column":58},"end":{"line":9,"column":59}},"loc":{"start":{"line":9,"column":69},"end":{"line":42,"column":1}}},"1":{"name":"(anonymous_1)","decl":{"start":{"line":75,"column":2},"end":{"line":75,"column":3}},"loc":{"start":{"line":75,"column":11},"end":{"line":128,"column":3}}}},"branchMap":{"0":{"loc":{"start":{"line":93,"column":7},"end":{"line":93,"column":46}},"type":"cond-expr","locations":[{"start":{"line":93,"column":15},"end":{"line":93,"column":28}},{"start":{"line":93,"column":31},"end":{"line":93,"column":46}}]},"1":{"loc":{"start":{"line":99,"column":4},"end":{"line":103,"column":5}},"type":"if","locations":[{"start":{"line":99,"column":4},"end":{"line":103,"column":5}},{"start":{"line":99,"column":4},"end":{"line":103,"column":5}}]},"2":{"loc":{"start":{"line":101,"column":32},"end":{"line":101,"column":54}},"type":"binary-expr","locations":[{"start":{"line":101,"column":32},"end":{"line":101,"column":45}},{"start":{"line":101,"column":49},"end":{"line":101,"column":54}}]},"3":{"loc":{"start":{"line":107,"column":4},"end":{"line":121,"column":5}},"type":"if","locations":[{"start":{"line":107,"column":4},"end":{"line":121,"column":5}},{"start":{"line":107,"column":4},"end":{"line":121,"column":5}}]},"4":{"loc":{"start":{"line":108,"column":6},"end":{"line":110,"column":78}},"type":"binary-expr","locations":[{"start":{"line":108,"column":6},"end":{"line":108,"column":21}},{"start":{"line":109,"column":6},"end":{"line":109,"column":40}},{"start":{"line":110,"column":6},"end":{"line":110,"column":78}}]}},"s":{"0":1,"1":3,"2":142,"3":142,"4":142,"5":142,"6":142,"7":142,"8":138,"9":138,"10":138,"11":142,"12":142,"13":0,"14":0,"15":142},"f":{"0":3,"1":142},"b":{"0":[0,142],"1":[138,4],"2":[138,0],"3":[0,142],"4":[142,136,0]},"_coverageSchema":"332fd63041d2c1bcb487cc26dd0d5f7d97098a6c","hash":"48db8702bf0fef6db235cab2013a8f424d5471c7","contentHash":"8c7ca494ee52c3cb2c0b7311e3845f4f_10.1.2"},"/Users/nathan/Code/repos/nathanmarks/material-ui/src/internal/ButtonBase.js":{"path":"/Users/nathan/Code/repos/nathanmarks/material-ui/src/internal/ButtonBase.js","statementMap":{"0":{"start":{"line":12,"column":26},"end":{"line":28,"column":2}},"1":{"start":{"line":13,"column":2},"end":{"line":27,"column":4}},"2":{"start":{"line":93,"column":4},"end":{"line":93,"column":25}},"3":{"start":{"line":97,"column":4},"end":{"line":101,"column":5}},"4":{"start":{"line":98,"column":6},"end":{"line":100,"column":7}},"5":{"start":{"line":99,"column":8},"end":{"line":99,"column":30}},"6":{"start":{"line":105,"column":4},"end":{"line":105,"column":44}},"7":{"start":{"line":113,"column":16},"end":{"line":113,"column":35}},"8":{"start":{"line":116,"column":59},"end":{"line":116,"column":69}},"9":{"start":{"line":117,"column":16},"end":{"line":117,"column":30}},"10":{"start":{"line":120,"column":4},"end":{"line":126,"column":5}},"11":{"start":{"line":121,"column":6},"end":{"line":121,"column":26}},"12":{"start":{"line":122,"column":6},"end":{"line":122,"column":22}},"13":{"start":{"line":123,"column":6},"end":{"line":125,"column":9}},"14":{"start":{"line":124,"column":8},"end":{"line":124,"column":33}},"15":{"start":{"line":128,"column":4},"end":{"line":130,"column":5}},"16":{"start":{"line":129,"column":6},"end":{"line":129,"column":23}},"17":{"start":{"line":133,"column":4},"end":{"line":142,"column":5}},"18":{"start":{"line":140,"column":6},"end":{"line":140,"column":29}},"19":{"start":{"line":141,"column":6},"end":{"line":141,"column":21}},"20":{"start":{"line":146,"column":4},"end":{"line":150,"column":5}},"21":{"start":{"line":147,"column":6},"end":{"line":147,"column":27}},"22":{"start":{"line":148,"column":6},"end":{"line":148,"column":22}},"23":{"start":{"line":149,"column":6},"end":{"line":149,"column":64}},"24":{"start":{"line":149,"column":36},"end":{"line":149,"column":62}},"25":{"start":{"line":151,"column":4},"end":{"line":153,"column":5}},"26":{"start":{"line":152,"column":6},"end":{"line":152,"column":32}},"27":{"start":{"line":157,"column":4},"end":{"line":157,"column":44}},"28":{"start":{"line":158,"column":4},"end":{"line":158,"column":27}},"29":{"start":{"line":159,"column":4},"end":{"line":161,"column":5}},"30":{"start":{"line":160,"column":6},"end":{"line":160,"column":48}},"31":{"start":{"line":167,"column":4},"end":{"line":169,"column":5}},"32":{"start":{"line":168,"column":6},"end":{"line":168,"column":29}},"33":{"start":{"line":176,"column":4},"end":{"line":176,"column":46}},"34":{"start":{"line":180,"column":4},"end":{"line":182,"column":5}},"35":{"start":{"line":181,"column":6},"end":{"line":181,"column":13}},"36":{"start":{"line":184,"column":4},"end":{"line":184,"column":20}},"37":{"start":{"line":186,"column":4},"end":{"line":193,"column":7}},"38":{"start":{"line":187,"column":6},"end":{"line":187,"column":27}},"39":{"start":{"line":188,"column":6},"end":{"line":188,"column":47}},"40":{"start":{"line":190,"column":6},"end":{"line":192,"column":7}},"41":{"start":{"line":191,"column":8},"end":{"line":191,"column":42}},"42":{"start":{"line":195,"column":4},"end":{"line":197,"column":5}},"43":{"start":{"line":196,"column":6},"end":{"line":196,"column":32}},"44":{"start":{"line":201,"column":4},"end":{"line":203,"column":5}},"45":{"start":{"line":202,"column":6},"end":{"line":202,"column":79}},"46":{"start":{"line":202,"column":40},"end":{"line":202,"column":56}},"47":{"start":{"line":205,"column":4},"end":{"line":205,"column":16}},"48":{"start":{"line":230,"column":8},"end":{"line":230,"column":18}},"49":{"start":{"line":232,"column":20},"end":{"line":232,"column":64}},"50":{"start":{"line":234,"column":22},"end":{"line":237,"column":21}},"51":{"start":{"line":239,"column":24},"end":{"line":253,"column":5}},"52":{"start":{"line":240,"column":20},"end":{"line":240,"column":36}},"53":{"start":{"line":255,"column":18},"end":{"line":255,"column":27}},"54":{"start":{"line":257,"column":4},"end":{"line":259,"column":5}},"55":{"start":{"line":258,"column":6},"end":{"line":258,"column":20}},"56":{"start":{"line":261,"column":4},"end":{"line":266,"column":5}},"57":{"start":{"line":262,"column":6},"end":{"line":262,"column":30}},"58":{"start":{"line":263,"column":6},"end":{"line":263,"column":38}},"59":{"start":{"line":264,"column":11},"end":{"line":266,"column":5}},"60":{"start":{"line":265,"column":6},"end":{"line":265,"column":88}},"61":{"start":{"line":268,"column":4},"end":{"line":273,"column":6}}},"fnMap":{"0":{"name":"(anonymous_0)","decl":{"start":{"line":12,"column":60},"end":{"line":12,"column":61}},"loc":{"start":{"line":12,"column":66},"end":{"line":28,"column":1}}},"1":{"name":"(anonymous_1)","decl":{"start":{"line":92,"column":2},"end":{"line":92,"column":3}},"loc":{"start":{"line":92,"column":22},"end":{"line":94,"column":3}}},"2":{"name":"(anonymous_2)","decl":{"start":{"line":96,"column":2},"end":{"line":96,"column":3}},"loc":{"start":{"line":96,"column":44},"end":{"line":102,"column":3}}},"3":{"name":"(anonymous_3)","decl":{"start":{"line":104,"column":2},"end":{"line":104,"column":3}},"loc":{"start":{"line":104,"column":25},"end":{"line":106,"column":3}}},"4":{"name":"(anonymous_4)","decl":{"start":{"line":113,"column":10},"end":{"line":113,"column":11}},"loc":{"start":{"line":113,"column":16},"end":{"line":113,"column":35}}},"5":{"name":"(anonymous_5)","decl":{"start":{"line":115,"column":18},"end":{"line":115,"column":19}},"loc":{"start":{"line":115,"column":29},"end":{"line":143,"column":3}}},"6":{"name":"(anonymous_6)","decl":{"start":{"line":123,"column":30},"end":{"line":123,"column":31}},"loc":{"start":{"line":123,"column":36},"end":{"line":125,"column":7}}},"7":{"name":"(anonymous_7)","decl":{"start":{"line":145,"column":16},"end":{"line":145,"column":17}},"loc":{"start":{"line":145,"column":27},"end":{"line":154,"column":3}}},"8":{"name":"(anonymous_8)","decl":{"start":{"line":149,"column":30},"end":{"line":149,"column":31}},"loc":{"start":{"line":149,"column":36},"end":{"line":149,"column":62}}},"9":{"name":"(anonymous_9)","decl":{"start":{"line":156,"column":68},"end":{"line":156,"column":69}},"loc":{"start":{"line":156,"column":74},"end":{"line":162,"column":3}}},"10":{"name":"(anonymous_10)","decl":{"start":{"line":166,"column":69},"end":{"line":166,"column":70}},"loc":{"start":{"line":166,"column":80},"end":{"line":170,"column":3}}},"11":{"name":"(anonymous_11)","decl":{"start":{"line":175,"column":57},"end":{"line":175,"column":58}},"loc":{"start":{"line":175,"column":63},"end":{"line":177,"column":3}}},"12":{"name":"(anonymous_12)","decl":{"start":{"line":179,"column":16},"end":{"line":179,"column":17}},"loc":{"start":{"line":179,"column":27},"end":{"line":198,"column":3}}},"13":{"name":"(anonymous_13)","decl":{"start":{"line":186,"column":56},"end":{"line":186,"column":57}},"loc":{"start":{"line":186,"column":62},"end":{"line":193,"column":5}}},"14":{"name":"(anonymous_14)","decl":{"start":{"line":200,"column":2},"end":{"line":200,"column":3}},"loc":{"start":{"line":200,"column":31},"end":{"line":206,"column":3}}},"15":{"name":"(anonymous_15)","decl":{"start":{"line":202,"column":31},"end":{"line":202,"column":32}},"loc":{"start":{"line":202,"column":38},"end":{"line":202,"column":58}}},"16":{"name":"(anonymous_16)","decl":{"start":{"line":208,"column":2},"end":{"line":208,"column":3}},"loc":{"start":{"line":208,"column":11},"end":{"line":274,"column":3}}},"17":{"name":"(anonymous_17)","decl":{"start":{"line":240,"column":11},"end":{"line":240,"column":12}},"loc":{"start":{"line":240,"column":18},"end":{"line":240,"column":38}}}},"branchMap":{"0":{"loc":{"start":{"line":97,"column":4},"end":{"line":101,"column":5}},"type":"if","locations":[{"start":{"line":97,"column":4},"end":{"line":101,"column":5}},{"start":{"line":97,"column":4},"end":{"line":101,"column":5}}]},"1":{"loc":{"start":{"line":98,"column":6},"end":{"line":100,"column":7}},"type":"if","locations":[{"start":{"line":98,"column":6},"end":{"line":100,"column":7}},{"start":{"line":98,"column":6},"end":{"line":100,"column":7}}]},"2":{"loc":{"start":{"line":98,"column":10},"end":{"line":98,"column":66}},"type":"binary-expr","locations":[{"start":{"line":98,"column":10},"end":{"line":98,"column":35}},{"start":{"line":98,"column":39},"end":{"line":98,"column":66}}]},"3":{"loc":{"start":{"line":120,"column":4},"end":{"line":126,"column":5}},"type":"if","locations":[{"start":{"line":120,"column":4},"end":{"line":126,"column":5}},{"start":{"line":120,"column":4},"end":{"line":126,"column":5}}]},"4":{"loc":{"start":{"line":120,"column":8},"end":{"line":120,"column":85}},"type":"binary-expr","locations":[{"start":{"line":120,"column":8},"end":{"line":120,"column":19}},{"start":{"line":120,"column":23},"end":{"line":120,"column":36}},{"start":{"line":120,"column":40},"end":{"line":120,"column":66}},{"start":{"line":120,"column":70},"end":{"line":120,"column":85}}]},"5":{"loc":{"start":{"line":128,"column":4},"end":{"line":130,"column":5}},"type":"if","locations":[{"start":{"line":128,"column":4},"end":{"line":130,"column":5}},{"start":{"line":128,"column":4},"end":{"line":130,"column":5}}]},"6":{"loc":{"start":{"line":133,"column":4},"end":{"line":142,"column":5}},"type":"if","locations":[{"start":{"line":133,"column":4},"end":{"line":142,"column":5}},{"start":{"line":133,"column":4},"end":{"line":142,"column":5}}]},"7":{"loc":{"start":{"line":134,"column":6},"end":{"line":138,"column":42}},"type":"binary-expr","locations":[{"start":{"line":134,"column":6},"end":{"line":134,"column":34}},{"start":{"line":135,"column":6},"end":{"line":135,"column":13}},{"start":{"line":136,"column":6},"end":{"line":136,"column":23}},{"start":{"line":137,"column":6},"end":{"line":137,"column":28}},{"start":{"line":138,"column":7},"end":{"line":138,"column":22}},{"start":{"line":138,"column":26},"end":{"line":138,"column":41}}]},"8":{"loc":{"start":{"line":146,"column":4},"end":{"line":150,"column":5}},"type":"if","locations":[{"start":{"line":146,"column":4},"end":{"line":150,"column":5}},{"start":{"line":146,"column":4},"end":{"line":150,"column":5}}]},"9":{"loc":{"start":{"line":146,"column":8},"end":{"line":146,"column":90}},"type":"binary-expr","locations":[{"start":{"line":146,"column":8},"end":{"line":146,"column":30}},{"start":{"line":146,"column":34},"end":{"line":146,"column":60}},{"start":{"line":146,"column":64},"end":{"line":146,"column":90}}]},"10":{"loc":{"start":{"line":151,"column":4},"end":{"line":153,"column":5}},"type":"if","locations":[{"start":{"line":151,"column":4},"end":{"line":153,"column":5}},{"start":{"line":151,"column":4},"end":{"line":153,"column":5}}]},"11":{"loc":{"start":{"line":159,"column":4},"end":{"line":161,"column":5}},"type":"if","locations":[{"start":{"line":159,"column":4},"end":{"line":161,"column":5}},{"start":{"line":159,"column":4},"end":{"line":161,"column":5}}]},"12":{"loc":{"start":{"line":167,"column":4},"end":{"line":169,"column":5}},"type":"if","locations":[{"start":{"line":167,"column":4},"end":{"line":169,"column":5}},{"start":{"line":167,"column":4},"end":{"line":169,"column":5}}]},"13":{"loc":{"start":{"line":180,"column":4},"end":{"line":182,"column":5}},"type":"if","locations":[{"start":{"line":180,"column":4},"end":{"line":182,"column":5}},{"start":{"line":180,"column":4},"end":{"line":182,"column":5}}]},"14":{"loc":{"start":{"line":190,"column":6},"end":{"line":192,"column":7}},"type":"if","locations":[{"start":{"line":190,"column":6},"end":{"line":192,"column":7}},{"start":{"line":190,"column":6},"end":{"line":192,"column":7}}]},"15":{"loc":{"start":{"line":195,"column":4},"end":{"line":197,"column":5}},"type":"if","locations":[{"start":{"line":195,"column":4},"end":{"line":197,"column":5}},{"start":{"line":195,"column":4},"end":{"line":197,"column":5}}]},"16":{"loc":{"start":{"line":201,"column":4},"end":{"line":203,"column":5}},"type":"if","locations":[{"start":{"line":201,"column":4},"end":{"line":203,"column":5}},{"start":{"line":201,"column":4},"end":{"line":203,"column":5}}]},"17":{"loc":{"start":{"line":201,"column":8},"end":{"line":201,"column":47}},"type":"binary-expr","locations":[{"start":{"line":201,"column":8},"end":{"line":201,"column":23}},{"start":{"line":201,"column":27},"end":{"line":201,"column":47}}]},"18":{"loc":{"start":{"line":236,"column":34},"end":{"line":236,"column":88}},"type":"binary-expr","locations":[{"start":{"line":236,"column":34},"end":{"line":236,"column":58}},{"start":{"line":236,"column":62},"end":{"line":236,"column":88}}]},"19":{"loc":{"start":{"line":250,"column":16},"end":{"line":250,"column":42}},"type":"cond-expr","locations":[{"start":{"line":250,"column":27},"end":{"line":250,"column":31}},{"start":{"line":250,"column":34},"end":{"line":250,"column":42}}]},"20":{"loc":{"start":{"line":257,"column":4},"end":{"line":259,"column":5}},"type":"if","locations":[{"start":{"line":257,"column":4},"end":{"line":259,"column":5}},{"start":{"line":257,"column":4},"end":{"line":259,"column":5}}]},"21":{"loc":{"start":{"line":261,"column":4},"end":{"line":266,"column":5}},"type":"if","locations":[{"start":{"line":261,"column":4},"end":{"line":266,"column":5}},{"start":{"line":261,"column":4},"end":{"line":266,"column":5}}]},"22":{"loc":{"start":{"line":264,"column":11},"end":{"line":266,"column":5}},"type":"if","locations":[{"start":{"line":264,"column":11},"end":{"line":266,"column":5}},{"start":{"line":264,"column":11},"end":{"line":266,"column":5}}]},"23":{"loc":{"start":{"line":265,"column":25},"end":{"line":265,"column":87}},"type":"cond-expr","locations":[{"start":{"line":265,"column":61},"end":{"line":265,"column":76}},{"start":{"line":265,"column":79},"end":{"line":265,"column":87}}]}},"s":{"0":1,"1":7,"2":33,"3":135,"4":4,"5":1,"6":23,"7":0,"8":2,"9":2,"10":2,"11":1,"12":1,"13":1,"14":1,"15":2,"16":1,"17":2,"18":0,"19":0,"20":2,"21":1,"22":1,"23":1,"24":1,"25":2,"26":1,"27":4,"28":4,"29":4,"30":1,"31":3,"32":1,"33":15,"34":20,"35":0,"36":20,"37":20,"38":1,"39":1,"40":1,"41":0,"42":20,"43":19,"44":179,"45":39,"46":38,"47":140,"48":179,"49":179,"50":179,"51":179,"52":325,"53":179,"54":179,"55":1,"56":179,"57":23,"58":23,"59":156,"60":155,"61":179},"f":{"0":7,"1":33,"2":135,"3":23,"4":0,"5":2,"6":1,"7":2,"8":1,"9":4,"10":3,"11":15,"12":20,"13":1,"14":179,"15":38,"16":179,"17":325},"b":{"0":[4,131],"1":[1,3],"2":[4,1],"3":[1,1],"4":[2,1,1,1],"5":[1,1],"6":[0,2],"7":[2,0,0,0,0,0],"8":[1,1],"9":[2,1,1],"10":[1,1],"11":[1,3],"12":[1,2],"13":[0,20],"14":[0,1],"15":[19,1],"16":[39,140],"17":[179,40],"18":[179,153],"19":[1,178],"20":[1,178],"21":[23,156],"22":[155,1],"23":[154,1]},"_coverageSchema":"332fd63041d2c1bcb487cc26dd0d5f7d97098a6c","hash":"2c8b74ecb7963c90b572423dbfb01e0fdf2004bc","contentHash":"621dd8085e3aac4757f9fa74c7d8d5c4_10.1.2"},"/Users/nathan/Code/repos/nathanmarks/material-ui/src/utils/keyboardFocus.js":{"path":"/Users/nathan/Code/repos/nathanmarks/material-ui/src/utils/keyboardFocus.js","statementMap":{"0":{"start":{"line":7,"column":19},"end":{"line":7,"column":82}},"1":{"start":{"line":9,"column":17},"end":{"line":12,"column":1}},"2":{"start":{"line":15,"column":2},"end":{"line":15,"column":51}},"3":{"start":{"line":19,"column":2},"end":{"line":28,"column":9}},"4":{"start":{"line":20,"column":4},"end":{"line":27,"column":5}},"5":{"start":{"line":24,"column":6},"end":{"line":24,"column":11}},"6":{"start":{"line":25,"column":11},"end":{"line":27,"column":5}},"7":{"start":{"line":26,"column":6},"end":{"line":26,"column":62}},"8":{"start":{"line":32,"column":2},"end":{"line":39,"column":3}},"9":{"start":{"line":33,"column":4},"end":{"line":37,"column":7}},"10":{"start":{"line":34,"column":6},"end":{"line":36,"column":7}},"11":{"start":{"line":35,"column":8},"end":{"line":35,"column":40}},"12":{"start":{"line":38,"column":4},"end":{"line":38,"column":30}},"13":{"start":{"line":43,"column":2},"end":{"line":45,"column":3}},"14":{"start":{"line":44,"column":4},"end":{"line":44,"column":48}},"15":{"start":{"line":47,"column":2},"end":{"line":47,"column":34}}},"fnMap":{"0":{"name":"isFocusKey","decl":{"start":{"line":14,"column":9},"end":{"line":14,"column":19}},"loc":{"start":{"line":14,"column":27},"end":{"line":16,"column":1}}},"1":{"name":"detectKeyboardFocus","decl":{"start":{"line":18,"column":16},"end":{"line":18,"column":35}},"loc":{"start":{"line":18,"column":72},"end":{"line":29,"column":1}}},"2":{"name":"(anonymous_2)","decl":{"start":{"line":19,"column":45},"end":{"line":19,"column":46}},"loc":{"start":{"line":19,"column":51},"end":{"line":28,"column":3}}},"3":{"name":"listenForFocusKeys","decl":{"start":{"line":31,"column":16},"end":{"line":31,"column":34}},"loc":{"start":{"line":31,"column":37},"end":{"line":40,"column":1}}},"4":{"name":"(anonymous_4)","decl":{"start":{"line":33,"column":38},"end":{"line":33,"column":39}},"loc":{"start":{"line":33,"column":49},"end":{"line":37,"column":5}}},"5":{"name":"focusKeyPressed","decl":{"start":{"line":42,"column":16},"end":{"line":42,"column":31}},"loc":{"start":{"line":42,"column":41},"end":{"line":48,"column":1}}}},"branchMap":{"0":{"loc":{"start":{"line":18,"column":59},"end":{"line":18,"column":70}},"type":"default-arg","locations":[{"start":{"line":18,"column":69},"end":{"line":18,"column":70}}]},"1":{"loc":{"start":{"line":20,"column":4},"end":{"line":27,"column":5}},"type":"if","locations":[{"start":{"line":20,"column":4},"end":{"line":27,"column":5}},{"start":{"line":20,"column":4},"end":{"line":27,"column":5}}]},"2":{"loc":{"start":{"line":21,"column":6},"end":{"line":22,"column":87}},"type":"binary-expr","locations":[{"start":{"line":21,"column":6},"end":{"line":21,"column":23}},{"start":{"line":22,"column":7},"end":{"line":22,"column":41}},{"start":{"line":22,"column":45},"end":{"line":22,"column":86}}]},"3":{"loc":{"start":{"line":25,"column":11},"end":{"line":27,"column":5}},"type":"if","locations":[{"start":{"line":25,"column":11},"end":{"line":27,"column":5}},{"start":{"line":25,"column":11},"end":{"line":27,"column":5}}]},"4":{"loc":{"start":{"line":32,"column":2},"end":{"line":39,"column":3}},"type":"if","locations":[{"start":{"line":32,"column":2},"end":{"line":39,"column":3}},{"start":{"line":32,"column":2},"end":{"line":39,"column":3}}]},"5":{"loc":{"start":{"line":34,"column":6},"end":{"line":36,"column":7}},"type":"if","locations":[{"start":{"line":34,"column":6},"end":{"line":36,"column":7}},{"start":{"line":34,"column":6},"end":{"line":36,"column":7}}]},"6":{"loc":{"start":{"line":43,"column":2},"end":{"line":45,"column":3}},"type":"if","locations":[{"start":{"line":43,"column":2},"end":{"line":45,"column":3}},{"start":{"line":43,"column":2},"end":{"line":45,"column":3}}]}},"s":{"0":1,"1":1,"2":1,"3":54,"4":43,"5":1,"6":42,"7":34,"8":33,"9":1,"10":1,"11":1,"12":1,"13":47,"14":4,"15":47},"f":{"0":1,"1":54,"2":43,"3":33,"4":1,"5":47},"b":{"0":[20],"1":[1,42],"2":[43,1,0],"3":[34,8],"4":[1,32],"5":[1,0],"6":[4,43]},"_coverageSchema":"332fd63041d2c1bcb487cc26dd0d5f7d97098a6c","hash":"2c07aba2800b0e94d7ce3a84f3fb0dcd6bf21f9f","contentHash":"ffeea0fa576fc1e1adf5f8ff643da628_10.1.2"},"/Users/nathan/Code/repos/nathanmarks/material-ui/src/utils/addEventListener.js":{"path":"/Users/nathan/Code/repos/nathanmarks/material-ui/src/utils/addEventListener.js","statementMap":{"0":{"start":{"line":7,"column":2},"end":{"line":7,"column":50}},"1":{"start":{"line":8,"column":2},"end":{"line":12,"column":4}},"2":{"start":{"line":10,"column":6},"end":{"line":10,"column":57}}},"fnMap":{"0":{"name":"(anonymous_0)","decl":{"start":{"line":6,"column":15},"end":{"line":6,"column":16}},"loc":{"start":{"line":6,"column":56},"end":{"line":13,"column":1}}}},"branchMap":{},"s":{"0":29,"1":29,"2":26},"f":{"0":29},"b":{},"_coverageSchema":"332fd63041d2c1bcb487cc26dd0d5f7d97098a6c","hash":"0051687a488741939e8c07d921a9b92d29450be7","contentHash":"de1fedb3d7dfc93399444f60271acd29_10.1.2"},"/Users/nathan/Code/repos/nathanmarks/material-ui/src/Ripple/index.js":{"path":"/Users/nathan/Code/repos/nathanmarks/material-ui/src/Ripple/index.js","statementMap":{},"fnMap":{},"branchMap":{},"s":{},"f":{},"b":{},"_coverageSchema":"332fd63041d2c1bcb487cc26dd0d5f7d97098a6c","hash":"cc144f64a367fb7346099e36c74c51b96a4c7de0","contentHash":"4a156fd03724ea29699cf53c797c4b57_10.1.2"},"/Users/nathan/Code/repos/nathanmarks/material-ui/src/Ripple/rippleHandler.js":{"path":"/Users/nathan/Code/repos/nathanmarks/material-ui/src/Ripple/rippleHandler.js","statementMap":{"0":{"start":{"line":4,"column":2},"end":{"line":22,"column":4}},"1":{"start":{"line":5,"column":4},"end":{"line":7,"column":5}},"2":{"start":{"line":6,"column":6},"end":{"line":6,"column":31}},"3":{"start":{"line":9,"column":4},"end":{"line":11,"column":5}},"4":{"start":{"line":10,"column":6},"end":{"line":10,"column":19}},"5":{"start":{"line":13,"column":4},"end":{"line":15,"column":5}},"6":{"start":{"line":14,"column":6},"end":{"line":14,"column":37}},"7":{"start":{"line":17,"column":4},"end":{"line":19,"column":5}},"8":{"start":{"line":18,"column":6},"end":{"line":18,"column":46}},"9":{"start":{"line":21,"column":4},"end":{"line":21,"column":16}}},"fnMap":{"0":{"name":"createRippleHandler","decl":{"start":{"line":3,"column":16},"end":{"line":3,"column":35}},"loc":{"start":{"line":3,"column":69},"end":{"line":23,"column":1}}},"1":{"name":"handleEvent","decl":{"start":{"line":4,"column":18},"end":{"line":4,"column":29}},"loc":{"start":{"line":4,"column":37},"end":{"line":22,"column":3}}}},"branchMap":{"0":{"loc":{"start":{"line":5,"column":4},"end":{"line":7,"column":5}},"type":"if","locations":[{"start":{"line":5,"column":4},"end":{"line":7,"column":5}},{"start":{"line":5,"column":4},"end":{"line":7,"column":5}}]},"1":{"loc":{"start":{"line":9,"column":4},"end":{"line":11,"column":5}},"type":"if","locations":[{"start":{"line":9,"column":4},"end":{"line":11,"column":5}},{"start":{"line":9,"column":4},"end":{"line":11,"column":5}}]},"2":{"loc":{"start":{"line":13,"column":4},"end":{"line":15,"column":5}},"type":"if","locations":[{"start":{"line":13,"column":4},"end":{"line":15,"column":5}},{"start":{"line":13,"column":4},"end":{"line":15,"column":5}}]},"3":{"loc":{"start":{"line":17,"column":4},"end":{"line":19,"column":5}},"type":"if","locations":[{"start":{"line":17,"column":4},"end":{"line":19,"column":5}},{"start":{"line":17,"column":4},"end":{"line":19,"column":5}}]},"4":{"loc":{"start":{"line":17,"column":8},"end":{"line":17,"column":80}},"type":"binary-expr","locations":[{"start":{"line":17,"column":8},"end":{"line":17,"column":22}},{"start":{"line":17,"column":26},"end":{"line":17,"column":80}}]}},"s":{"0":264,"1":26,"2":22,"3":26,"4":1,"5":25,"6":7,"7":25,"8":6,"9":25},"f":{"0":264,"1":26},"b":{"0":[22,4],"1":[1,25],"2":[7,18],"3":[6,19],"4":[25,25]},"_coverageSchema":"332fd63041d2c1bcb487cc26dd0d5f7d97098a6c","hash":"311b0d9732672a40111ae042dd0c109d2f89a468","contentHash":"091b973609ed35ca75902e7b10bdb4a0_10.1.2"},"/Users/nathan/Code/repos/nathanmarks/material-ui/src/Ripple/Ripple.js":{"path":"/Users/nathan/Code/repos/nathanmarks/material-ui/src/Ripple/Ripple.js","statementMap":{"0":{"start":{"line":9,"column":26},"end":{"line":71,"column":3}},"1":{"start":{"line":9,"column":63},"end":{"line":71,"column":1}},"2":{"start":{"line":98,"column":4},"end":{"line":98,"column":34}},"3":{"start":{"line":102,"column":4},"end":{"line":102,"column":25}},"4":{"start":{"line":106,"column":4},"end":{"line":106,"column":16}},"5":{"start":{"line":107,"column":4},"end":{"line":109,"column":12}},"6":{"start":{"line":108,"column":6},"end":{"line":108,"column":17}},"7":{"start":{"line":116,"column":4},"end":{"line":118,"column":17}},"8":{"start":{"line":122,"column":4},"end":{"line":124,"column":7}},"9":{"start":{"line":128,"column":45},"end":{"line":128,"column":55}},"10":{"start":{"line":130,"column":25},"end":{"line":135,"column":5}},"11":{"start":{"line":137,"column":4},"end":{"line":137,"column":24}},"12":{"start":{"line":141,"column":35},"end":{"line":141,"column":45}},"13":{"start":{"line":142,"column":45},"end":{"line":142,"column":55}},"14":{"start":{"line":143,"column":20},"end":{"line":143,"column":64}},"15":{"start":{"line":145,"column":28},"end":{"line":148,"column":17}},"16":{"start":{"line":150,"column":29},"end":{"line":153,"column":6}},"17":{"start":{"line":155,"column":25},"end":{"line":155,"column":47}},"18":{"start":{"line":157,"column":4},"end":{"line":161,"column":6}},"19":{"start":{"line":159,"column":28},"end":{"line":159,"column":44}}},"fnMap":{"0":{"name":"(anonymous_0)","decl":{"start":{"line":9,"column":56},"end":{"line":9,"column":57}},"loc":{"start":{"line":9,"column":63},"end":{"line":71,"column":1}}},"1":{"name":"(anonymous_1)","decl":{"start":{"line":97,"column":2},"end":{"line":97,"column":3}},"loc":{"start":{"line":97,"column":25},"end":{"line":99,"column":3}}},"2":{"name":"(anonymous_2)","decl":{"start":{"line":101,"column":2},"end":{"line":101,"column":3}},"loc":{"start":{"line":101,"column":31},"end":{"line":103,"column":3}}},"3":{"name":"(anonymous_3)","decl":{"start":{"line":105,"column":2},"end":{"line":105,"column":3}},"loc":{"start":{"line":105,"column":31},"end":{"line":110,"column":3}}},"4":{"name":"(anonymous_4)","decl":{"start":{"line":107,"column":33},"end":{"line":107,"column":34}},"loc":{"start":{"line":107,"column":39},"end":{"line":109,"column":5}}},"5":{"name":"(anonymous_5)","decl":{"start":{"line":115,"column":10},"end":{"line":115,"column":11}},"loc":{"start":{"line":115,"column":24},"end":{"line":119,"column":3}}},"6":{"name":"(anonymous_6)","decl":{"start":{"line":121,"column":9},"end":{"line":121,"column":10}},"loc":{"start":{"line":121,"column":15},"end":{"line":125,"column":3}}},"7":{"name":"(anonymous_7)","decl":{"start":{"line":127,"column":2},"end":{"line":127,"column":3}},"loc":{"start":{"line":127,"column":20},"end":{"line":138,"column":3}}},"8":{"name":"(anonymous_8)","decl":{"start":{"line":140,"column":2},"end":{"line":140,"column":3}},"loc":{"start":{"line":140,"column":11},"end":{"line":162,"column":3}}},"9":{"name":"(anonymous_9)","decl":{"start":{"line":159,"column":19},"end":{"line":159,"column":20}},"loc":{"start":{"line":159,"column":26},"end":{"line":159,"column":46}}}},"branchMap":{},"s":{"0":1,"1":6,"2":0,"3":2,"4":0,"5":0,"6":0,"7":2,"8":2,"9":8,"10":8,"11":8,"12":8,"13":8,"14":8,"15":8,"16":8,"17":8,"18":8,"19":0},"f":{"0":6,"1":0,"2":2,"3":0,"4":0,"5":2,"6":2,"7":8,"8":8,"9":0},"b":{},"_coverageSchema":"332fd63041d2c1bcb487cc26dd0d5f7d97098a6c","hash":"84b61234717ac791e753244c785ee058e5fad3c6","contentHash":"93c1c37c8fedb05f9bd923047b41aba3_10.1.2"},"/Users/nathan/Code/repos/nathanmarks/material-ui/src/Ripple/TouchRipple.js":{"path":"/Users/nathan/Code/repos/nathanmarks/material-ui/src/Ripple/TouchRipple.js","statementMap":{"0":{"start":{"line":12,"column":26},"end":{"line":25,"column":3}},"1":{"start":{"line":12,"column":68},"end":{"line":25,"column":1}},"2":{"start":{"line":52,"column":4},"end":{"line":52,"column":55}},"3":{"start":{"line":56,"column":4},"end":{"line":60,"column":6}},"4":{"start":{"line":67,"column":4},"end":{"line":67,"column":38}},"5":{"start":{"line":74,"column":8},"end":{"line":74,"column":15}},"6":{"start":{"line":76,"column":4},"end":{"line":79,"column":5}},"7":{"start":{"line":77,"column":6},"end":{"line":77,"column":37}},"8":{"start":{"line":78,"column":6},"end":{"line":78,"column":13}},"9":{"start":{"line":81,"column":4},"end":{"line":83,"column":5}},"10":{"start":{"line":82,"column":6},"end":{"line":82,"column":36}},"11":{"start":{"line":85,"column":18},"end":{"line":85,"column":36}},"12":{"start":{"line":87,"column":17},"end":{"line":87,"column":43}},"13":{"start":{"line":88,"column":17},"end":{"line":93,"column":5}},"14":{"start":{"line":100,"column":4},"end":{"line":112,"column":5}},"15":{"start":{"line":105,"column":6},"end":{"line":105,"column":43}},"16":{"start":{"line":106,"column":6},"end":{"line":106,"column":44}},"17":{"start":{"line":108,"column":22},"end":{"line":108,"column":78}},"18":{"start":{"line":109,"column":22},"end":{"line":109,"column":78}},"19":{"start":{"line":110,"column":6},"end":{"line":110,"column":48}},"20":{"start":{"line":111,"column":6},"end":{"line":111,"column":47}},"21":{"start":{"line":114,"column":4},"end":{"line":120,"column":5}},"22":{"start":{"line":115,"column":6},"end":{"line":115,"column":93}},"23":{"start":{"line":117,"column":20},"end":{"line":117,"column":98}},"24":{"start":{"line":118,"column":20},"end":{"line":118,"column":99}},"25":{"start":{"line":119,"column":6},"end":{"line":119,"column":70}},"26":{"start":{"line":123,"column":4},"end":{"line":134,"column":7}},"27":{"start":{"line":125,"column":22},"end":{"line":125,"column":42}},"28":{"start":{"line":136,"column":4},"end":{"line":139,"column":11}},"29":{"start":{"line":143,"column":24},"end":{"line":143,"column":34}},"30":{"start":{"line":144,"column":4},"end":{"line":148,"column":5}},"31":{"start":{"line":145,"column":6},"end":{"line":147,"column":13}},"32":{"start":{"line":156,"column":8},"end":{"line":156,"column":18}},"33":{"start":{"line":158,"column":20},"end":{"line":158,"column":64}},"34":{"start":{"line":160,"column":4},"end":{"line":170,"column":6}}},"fnMap":{"0":{"name":"(anonymous_0)","decl":{"start":{"line":12,"column":61},"end":{"line":12,"column":62}},"loc":{"start":{"line":12,"column":68},"end":{"line":25,"column":1}}},"1":{"name":"(anonymous_1)","decl":{"start":{"line":50,"column":2},"end":{"line":50,"column":3}},"loc":{"start":{"line":50,"column":23},"end":{"line":53,"column":3}}},"2":{"name":"(anonymous_2)","decl":{"start":{"line":55,"column":2},"end":{"line":55,"column":3}},"loc":{"start":{"line":55,"column":59},"end":{"line":61,"column":3}}},"3":{"name":"(anonymous_3)","decl":{"start":{"line":66,"column":12},"end":{"line":66,"column":13}},"loc":{"start":{"line":66,"column":18},"end":{"line":68,"column":3}}},"4":{"name":"(anonymous_4)","decl":{"start":{"line":70,"column":10},"end":{"line":70,"column":11}},"loc":{"start":{"line":70,"column":44},"end":{"line":140,"column":3}}},"5":{"name":"(anonymous_5)","decl":{"start":{"line":125,"column":13},"end":{"line":125,"column":14}},"loc":{"start":{"line":125,"column":20},"end":{"line":125,"column":44}}},"6":{"name":"(anonymous_6)","decl":{"start":{"line":142,"column":9},"end":{"line":142,"column":10}},"loc":{"start":{"line":142,"column":24},"end":{"line":149,"column":3}}},"7":{"name":"(anonymous_7)","decl":{"start":{"line":151,"column":2},"end":{"line":151,"column":3}},"loc":{"start":{"line":151,"column":11},"end":{"line":171,"column":3}}}},"branchMap":{"0":{"loc":{"start":{"line":57,"column":6},"end":{"line":59,"column":58}},"type":"binary-expr","locations":[{"start":{"line":57,"column":6},"end":{"line":57,"column":42}},{"start":{"line":58,"column":6},"end":{"line":58,"column":42}},{"start":{"line":59,"column":6},"end":{"line":59,"column":58}}]},"1":{"loc":{"start":{"line":70,"column":11},"end":{"line":70,"column":21}},"type":"default-arg","locations":[{"start":{"line":70,"column":19},"end":{"line":70,"column":21}}]},"2":{"loc":{"start":{"line":70,"column":23},"end":{"line":70,"column":35}},"type":"default-arg","locations":[{"start":{"line":70,"column":33},"end":{"line":70,"column":35}}]},"3":{"loc":{"start":{"line":72,"column":6},"end":{"line":72,"column":21}},"type":"default-arg","locations":[{"start":{"line":72,"column":16},"end":{"line":72,"column":21}}]},"4":{"loc":{"start":{"line":73,"column":6},"end":{"line":73,"column":51}},"type":"default-arg","locations":[{"start":{"line":73,"column":15},"end":{"line":73,"column":51}}]},"5":{"loc":{"start":{"line":73,"column":15},"end":{"line":73,"column":51}},"type":"binary-expr","locations":[{"start":{"line":73,"column":15},"end":{"line":73,"column":32}},{"start":{"line":73,"column":36},"end":{"line":73,"column":51}}]},"6":{"loc":{"start":{"line":76,"column":4},"end":{"line":79,"column":5}},"type":"if","locations":[{"start":{"line":76,"column":4},"end":{"line":79,"column":5}},{"start":{"line":76,"column":4},"end":{"line":79,"column":5}}]},"7":{"loc":{"start":{"line":76,"column":8},"end":{"line":76,"column":60}},"type":"binary-expr","locations":[{"start":{"line":76,"column":8},"end":{"line":76,"column":34}},{"start":{"line":76,"column":38},"end":{"line":76,"column":60}}]},"8":{"loc":{"start":{"line":81,"column":4},"end":{"line":83,"column":5}},"type":"if","locations":[{"start":{"line":81,"column":4},"end":{"line":83,"column":5}},{"start":{"line":81,"column":4},"end":{"line":83,"column":5}}]},"9":{"loc":{"start":{"line":88,"column":17},"end":{"line":93,"column":5}},"type":"cond-expr","locations":[{"start":{"line":88,"column":24},"end":{"line":88,"column":52}},{"start":{"line":88,"column":55},"end":{"line":93,"column":5}}]},"10":{"loc":{"start":{"line":100,"column":4},"end":{"line":112,"column":5}},"type":"if","locations":[{"start":{"line":100,"column":4},"end":{"line":112,"column":5}},{"start":{"line":100,"column":4},"end":{"line":112,"column":5}}]},"11":{"loc":{"start":{"line":101,"column":6},"end":{"line":103,"column":40}},"type":"binary-expr","locations":[{"start":{"line":101,"column":6},"end":{"line":101,"column":12}},{"start":{"line":102,"column":7},"end":{"line":102,"column":26}},{"start":{"line":102,"column":30},"end":{"line":102,"column":49}},{"start":{"line":103,"column":7},"end":{"line":103,"column":21}},{"start":{"line":103,"column":25},"end":{"line":103,"column":39}}]},"12":{"loc":{"start":{"line":108,"column":22},"end":{"line":108,"column":78}},"type":"cond-expr","locations":[{"start":{"line":108,"column":38},"end":{"line":108,"column":51}},{"start":{"line":108,"column":54},"end":{"line":108,"column":78}}]},"13":{"loc":{"start":{"line":109,"column":22},"end":{"line":109,"column":78}},"type":"cond-expr","locations":[{"start":{"line":109,"column":38},"end":{"line":109,"column":51}},{"start":{"line":109,"column":54},"end":{"line":109,"column":78}}]},"14":{"loc":{"start":{"line":114,"column":4},"end":{"line":120,"column":5}},"type":"if","locations":[{"start":{"line":114,"column":4},"end":{"line":120,"column":5}},{"start":{"line":114,"column":4},"end":{"line":120,"column":5}}]},"15":{"loc":{"start":{"line":117,"column":40},"end":{"line":117,"column":67}},"type":"cond-expr","locations":[{"start":{"line":117,"column":47},"end":{"line":117,"column":63}},{"start":{"line":117,"column":66},"end":{"line":117,"column":67}}]},"16":{"loc":{"start":{"line":118,"column":40},"end":{"line":118,"column":68}},"type":"cond-expr","locations":[{"start":{"line":118,"column":47},"end":{"line":118,"column":64}},{"start":{"line":118,"column":67},"end":{"line":118,"column":68}}]},"17":{"loc":{"start":{"line":144,"column":4},"end":{"line":148,"column":5}},"type":"if","locations":[{"start":{"line":144,"column":4},"end":{"line":148,"column":5}},{"start":{"line":144,"column":4},"end":{"line":148,"column":5}}]},"18":{"loc":{"start":{"line":144,"column":8},"end":{"line":144,"column":33}},"type":"binary-expr","locations":[{"start":{"line":144,"column":8},"end":{"line":144,"column":15}},{"start":{"line":144,"column":19},"end":{"line":144,"column":33}}]}},"s":{"0":1,"1":5,"2":17,"3":15,"4":0,"5":3,"6":3,"7":0,"8":0,"9":3,"10":0,"11":3,"12":3,"13":3,"14":3,"15":3,"16":3,"17":0,"18":0,"19":0,"20":0,"21":3,"22":0,"23":3,"24":3,"25":3,"26":3,"27":0,"28":3,"29":3,"30":3,"31":3,"32":23,"33":23,"34":23},"f":{"0":5,"1":17,"2":15,"3":0,"4":3,"5":0,"6":3,"7":23},"b":{"0":[15,15,9],"1":[0],"2":[3],"3":[3],"4":[3],"5":[3,3],"6":[0,3],"7":[3,0],"8":[0,3],"9":[0,3],"10":[3,0],"11":[3,3,3,0,0],"12":[0,0],"13":[0,0],"14":[0,3],"15":[0,3],"16":[0,3],"17":[3,0],"18":[3,3]},"_coverageSchema":"332fd63041d2c1bcb487cc26dd0d5f7d97098a6c","hash":"a638b2c0b5d4b069415afa1ec2ae7adfe45e38cc","contentHash":"16a124724181598df87855ab7c3ad197_10.1.2"},"/Users/nathan/Code/repos/nathanmarks/material-ui/src/List/ListItemText.js":{"path":"/Users/nathan/Code/repos/nathanmarks/material-ui/src/List/ListItemText.js","statementMap":{"0":{"start":{"line":9,"column":26},"end":{"line":24,"column":2}},"1":{"start":{"line":10,"column":2},"end":{"line":23,"column":4}},"2":{"start":{"line":33,"column":6},"end":{"line":33,"column":11}},"3":{"start":{"line":34,"column":18},"end":{"line":34,"column":57}},"4":{"start":{"line":35,"column":20},"end":{"line":37,"column":19}},"5":{"start":{"line":39,"column":2},"end":{"line":56,"column":4}},"6":{"start":{"line":59,"column":0},"end":{"line":71,"column":2}},"7":{"start":{"line":73,"column":0},"end":{"line":77,"column":2}},"8":{"start":{"line":79,"column":0},"end":{"line":81,"column":2}}},"fnMap":{"0":{"name":"(anonymous_0)","decl":{"start":{"line":9,"column":62},"end":{"line":9,"column":63}},"loc":{"start":{"line":9,"column":68},"end":{"line":24,"column":1}}},"1":{"name":"ListItemText","decl":{"start":{"line":26,"column":24},"end":{"line":26,"column":36}},"loc":{"start":{"line":26,"column":53},"end":{"line":57,"column":1}}}},"branchMap":{"0":{"loc":{"start":{"line":41,"column":7},"end":{"line":47,"column":7}},"type":"binary-expr","locations":[{"start":{"line":41,"column":7},"end":{"line":41,"column":14}},{"start":{"line":42,"column":8},"end":{"line":46,"column":19}}]},"1":{"loc":{"start":{"line":42,"column":8},"end":{"line":46,"column":19}},"type":"cond-expr","locations":[{"start":{"line":43,"column":10},"end":{"line":45,"column":17}},{"start":{"line":46,"column":12},"end":{"line":46,"column":19}}]},"2":{"loc":{"start":{"line":48,"column":7},"end":{"line":54,"column":7}},"type":"binary-expr","locations":[{"start":{"line":48,"column":7},"end":{"line":48,"column":16}},{"start":{"line":49,"column":8},"end":{"line":53,"column":21}}]},"3":{"loc":{"start":{"line":49,"column":8},"end":{"line":53,"column":21}},"type":"cond-expr","locations":[{"start":{"line":50,"column":10},"end":{"line":52,"column":17}},{"start":{"line":53,"column":12},"end":{"line":53,"column":21}}]}},"s":{"0":1,"1":1,"2":9,"3":9,"4":9,"5":9,"6":1,"7":1,"8":1},"f":{"0":1,"1":9},"b":{"0":[9,3],"1":[2,1],"2":[9,3],"3":[2,1]},"_coverageSchema":"332fd63041d2c1bcb487cc26dd0d5f7d97098a6c","hash":"c3b1121983247dad7ba858ad8998fe14f5089695","contentHash":"4fae9fb0b18cdf96b25a12140c30f5ed_10.1.2"},"/Users/nathan/Code/repos/nathanmarks/material-ui/src/Text/index.js":{"path":"/Users/nathan/Code/repos/nathanmarks/material-ui/src/Text/index.js","statementMap":{},"fnMap":{},"branchMap":{},"s":{},"f":{},"b":{},"_coverageSchema":"332fd63041d2c1bcb487cc26dd0d5f7d97098a6c","hash":"8959c168c02c1932db5404d870005eedf0d65f4c","contentHash":"0ef2a36527e8a370c897d962fa58ee07_10.1.2"},"/Users/nathan/Code/repos/nathanmarks/material-ui/src/Text/Text.js":{"path":"/Users/nathan/Code/repos/nathanmarks/material-ui/src/Text/Text.js","statementMap":{"0":{"start":{"line":8,"column":26},"end":{"line":46,"column":2}},"1":{"start":{"line":9,"column":2},"end":{"line":45,"column":4}},"2":{"start":{"line":60,"column":6},"end":{"line":60,"column":11}},"3":{"start":{"line":61,"column":18},"end":{"line":61,"column":57}},"4":{"start":{"line":63,"column":20},"end":{"line":70,"column":19}},"5":{"start":{"line":72,"column":20},"end":{"line":72,"column":51}},"6":{"start":{"line":74,"column":2},"end":{"line":74,"column":56}},"7":{"start":{"line":77,"column":0},"end":{"line":106,"column":2}},"8":{"start":{"line":108,"column":0},"end":{"line":117,"column":2}},"9":{"start":{"line":119,"column":0},"end":{"line":121,"column":2}}},"fnMap":{"0":{"name":"(anonymous_0)","decl":{"start":{"line":8,"column":54},"end":{"line":8,"column":55}},"loc":{"start":{"line":8,"column":65},"end":{"line":46,"column":1}}},"1":{"name":"Text","decl":{"start":{"line":48,"column":24},"end":{"line":48,"column":28}},"loc":{"start":{"line":48,"column":45},"end":{"line":75,"column":1}}}},"branchMap":{"0":{"loc":{"start":{"line":72,"column":20},"end":{"line":72,"column":51}},"type":"cond-expr","locations":[{"start":{"line":72,"column":32},"end":{"line":72,"column":35}},{"start":{"line":72,"column":38},"end":{"line":72,"column":51}}]}},"s":{"0":1,"1":1,"2":18,"3":18,"4":18,"5":18,"6":18,"7":1,"8":1,"9":1},"f":{"0":1,"1":18},"b":{"0":[0,18]},"_coverageSchema":"332fd63041d2c1bcb487cc26dd0d5f7d97098a6c","hash":"0628ab3abb958ef4e3e68d50a012792a5f0572d1","contentHash":"169522fda9811e2785a1a8bf3f8d834c_10.1.2"},"/Users/nathan/Code/repos/nathanmarks/material-ui/src/List/ListItemIcon.js":{"path":"/Users/nathan/Code/repos/nathanmarks/material-ui/src/List/ListItemIcon.js","statementMap":{"0":{"start":{"line":8,"column":26},"end":{"line":14,"column":2}},"1":{"start":{"line":9,"column":2},"end":{"line":13,"column":4}},"2":{"start":{"line":22,"column":8},"end":{"line":22,"column":18}},"3":{"start":{"line":23,"column":20},"end":{"line":23,"column":64}},"4":{"start":{"line":25,"column":4},"end":{"line":28,"column":7}},"5":{"start":{"line":32,"column":0},"end":{"line":38,"column":2}},"6":{"start":{"line":40,"column":0},"end":{"line":42,"column":2}}},"fnMap":{"0":{"name":"(anonymous_0)","decl":{"start":{"line":8,"column":62},"end":{"line":8,"column":63}},"loc":{"start":{"line":8,"column":68},"end":{"line":14,"column":1}}},"1":{"name":"(anonymous_1)","decl":{"start":{"line":17,"column":2},"end":{"line":17,"column":3}},"loc":{"start":{"line":17,"column":11},"end":{"line":29,"column":3}}}},"branchMap":{},"s":{"0":1,"1":1,"2":2,"3":2,"4":2,"5":1,"6":1},"f":{"0":1,"1":2},"b":{},"_coverageSchema":"332fd63041d2c1bcb487cc26dd0d5f7d97098a6c","hash":"fc6c96250019fa667167705324389d0f45ec6314","contentHash":"5d275016469f020a0a760fa5f844d6ae_10.1.2"},"/Users/nathan/Code/repos/nathanmarks/material-ui/src/List/ListItemSecondaryAction.js":{"path":"/Users/nathan/Code/repos/nathanmarks/material-ui/src/List/ListItemSecondaryAction.js","statementMap":{"0":{"start":{"line":8,"column":26},"end":{"line":15,"column":3}},"1":{"start":{"line":8,"column":80},"end":{"line":15,"column":1}},"2":{"start":{"line":21,"column":6},"end":{"line":21,"column":11}},"3":{"start":{"line":22,"column":18},"end":{"line":22,"column":57}},"4":{"start":{"line":23,"column":20},"end":{"line":23,"column":70}},"5":{"start":{"line":25,"column":2},"end":{"line":29,"column":4}},"6":{"start":{"line":32,"column":0},"end":{"line":38,"column":2}},"7":{"start":{"line":40,"column":0},"
[...]
nd":{"line":106,"column":3}},"loc":{"start":{"line":106,"column":25},"end":{"line":116,"column":3}}},"5":{"name":"(anonymous_5)","decl":{"start":{"line":118,"column":2},"end":{"line":118,"column":3}},"loc":{"start":{"line":118,"column":11},"end":{"line":163,"column":3}}},"6":{"name":"(anonymous_6)","decl":{"start":{"line":136,"column":48},"end":{"line":136,"column":49}},"loc":{"start":{"line":136,"column":69},"end":{"line":144,"column":5}}},"7":{"name":"(anonymous_7)","decl":{"start":{"line":150,"column":15},"end":{"line":150,"column":16}},"loc":{"start":{"line":150,"column":22},"end":{"line":150,"column":40}}}},"branchMap":{},"s":{"0":1,"1":2,"2":1,"3":0,"4":0,"5":1,"6":1,"7":1,"8":5,"9":5,"10":5,"11":5,"12":8,"13":5,"14":3},"f":{"0":2,"1":1,"2":0,"3":0,"4":1,"5":5,"6":8,"7":3},"b":{},"_coverageSchema":"332fd63041d2c1bcb487cc26dd0d5f7d97098a6c","hash":"c72f8d5337d529a4c04c26af39a62c25c80b635c","contentHash":"76fccc8e9de6282b747af6ba48da56a7_10.1.2"},"/Users/nathan/Code/repos/nathanmarks/material-ui/src/TextField/TextField.js":{"path":"/Users/nathan/Code/repos/nathanmarks/material-ui/src/TextField/TextField.js","statementMap":{"0":{"start":{"line":77,"column":4},"end":{"line":80,"column":6}},"1":{"start":{"line":96,"column":8},"end":{"line":96,"column":18}},"2":{"start":{"line":98,"column":4},"end":{"line":118,"column":6}}},"fnMap":{"0":{"name":"(anonymous_0)","decl":{"start":{"line":76,"column":2},"end":{"line":76,"column":3}},"loc":{"start":{"line":76,"column":59},"end":{"line":81,"column":3}}},"1":{"name":"(anonymous_1)","decl":{"start":{"line":83,"column":2},"end":{"line":83,"column":3}},"loc":{"start":{"line":83,"column":11},"end":{"line":119,"column":3}}}},"branchMap":{"0":{"loc":{"start":{"line":78,"column":6},"end":{"line":79,"column":84}},"type":"binary-expr","locations":[{"start":{"line":78,"column":6},"end":{"line":78,"column":42}},{"start":{"line":79,"column":6},"end":{"line":79,"column":84}}]},"1":{"loc":{"start":{"line":105,"column":9},"end":{"line":109,"column":9}},"type":"binary-expr","locations":[{"start":{"line":105,"column":9},"end":{"line":105,"column":14}},{"start":{"line":106,"column":10},"end":{"line":108,"column":23}}]}},"s":{"0":8,"1":17,"2":17},"f":{"0":8,"1":17},"b":{"0":[8,0],"1":[17,5]},"_coverageSchema":"332fd63041d2c1bcb487cc26dd0d5f7d97098a6c","hash":"dc7b16d571580d100a3c0f7e54d07bd8264e0792","contentHash":"8561f415562f734170d943d2a0ca0db6_10.1.2"},"/Users/nathan/Code/repos/nathanmarks/material-ui/src/Input/index.js":{"path":"/Users/nathan/Code/repos/nathanmarks/material-ui/src/Input/index.js","statementMap":{},"fnMap":{},"branchMap":{},"s":{},"f":{},"b":{},"_coverageSchema":"332fd63041d2c1bcb487cc26dd0d5f7d97098a6c","hash":"5042a7d7bc352b0853e0c3ce55dd999315a8730e","contentHash":"06083cd52d9a70e37f30261ed4c84d24_10.1.2"},"/Users/nathan/Code/repos/nathanmarks/material-ui/src/TextField/TextFieldLabel.js":{"path":"/Users/nathan/Code/repos/nathanmarks/material-ui/src/TextField/TextFieldLabel.js","statementMap":{"0":{"start":{"line":10,"column":26},"end":{"line":26,"column":2}},"1":{"start":{"line":11,"column":2},"end":{"line":25,"column":4}},"2":{"start":{"line":35,"column":6},"end":{"line":35,"column":11}},"3":{"start":{"line":36,"column":18},"end":{"line":36,"column":57}},"4":{"start":{"line":38,"column":20},"end":{"line":41,"column":19}},"5":{"start":{"line":43,"column":2},"end":{"line":47,"column":4}},"6":{"start":{"line":50,"column":0},"end":{"line":73,"column":2}},"7":{"start":{"line":75,"column":0},"end":{"line":78,"column":2}},"8":{"start":{"line":80,"column":0},"end":{"line":82,"column":2}},"9":{"start":{"line":84,"column":0},"end":{"line":84,"column":42}}},"fnMap":{"0":{"name":"(anonymous_0)","decl":{"start":{"line":10,"column":64},"end":{"line":10,"column":65}},"loc":{"start":{"line":10,"column":75},"end":{"line":26,"column":1}}},"1":{"name":"TextFieldLabel","decl":{"start":{"line":28,"column":24},"end":{"line":28,"column":38}},"loc":{"start":{"line":28,"column":55},"end":{"line":48,"column":1}}}},"branchMap":{},"s":{"0":1,"1":1,"2":5,"3":5,"4":5,"5":5,"6":1,"7":1,"8":1,"9":1},"f":{"0":1,"1":5},"b":{},"_coverageSchema":"332fd63041d2c1bcb487cc26dd0d5f7d97098a6c","hash":"94b52255304f2239d578ec84e5233c4ae4fb7daa","contentHash":"ba19f5ec3bd1a1bee7f74cc416831f97_10.1.2"},"/Users/nathan/Code/repos/nathanmarks/material-ui/src/Toolbar/Toolbar.js":{"path":"/Users/nathan/Code/repos/nathanmarks/material-ui/src/Toolbar/Toolbar.js","statementMap":{"0":{"start":{"line":8,"column":26},"end":{"line":23,"column":2}},"1":{"start":{"line":9,"column":2},"end":{"line":22,"column":4}},"2":{"start":{"line":31,"column":6},"end":{"line":31,"column":11}},"3":{"start":{"line":33,"column":18},"end":{"line":33,"column":57}},"4":{"start":{"line":34,"column":20},"end":{"line":36,"column":19}},"5":{"start":{"line":38,"column":2},"end":{"line":42,"column":4}},"6":{"start":{"line":45,"column":0},"end":{"line":58,"column":2}},"7":{"start":{"line":60,"column":0},"end":{"line":62,"column":2}},"8":{"start":{"line":64,"column":0},"end":{"line":66,"column":2}}},"fnMap":{"0":{"name":"(anonymous_0)","decl":{"start":{"line":8,"column":57},"end":{"line":8,"column":58}},"loc":{"start":{"line":8,"column":68},"end":{"line":23,"column":1}}},"1":{"name":"Toolbar","decl":{"start":{"line":25,"column":24},"end":{"line":25,"column":31}},"loc":{"start":{"line":25,"column":48},"end":{"line":43,"column":1}}}},"branchMap":{},"s":{"0":1,"1":1,"2":3,"3":3,"4":3,"5":3,"6":1,"7":1,"8":1},"f":{"0":1,"1":3},"b":{},"_coverageSchema":"332fd63041d2c1bcb487cc26dd0d5f7d97098a6c","hash":"486ec75da98d9a69c47da777161f6affdc5eecc7","contentHash":"6165f8161d238b1064fad1d9374e77b4_10.1.2"},"/Users/nathan/Code/repos/nathanmarks/material-ui/src/transitions/Collapse.js":{"path":"/Users/nathan/Code/repos/nathanmarks/material-ui/src/transitions/Collapse.js","statementMap":{"0":{"start":{"line":9,"column":15},"end":{"line":9,"column":42}},"1":{"start":{"line":9,"column":25},"end":{"line":9,"column":42}},"2":{"start":{"line":11,"column":26},"end":{"line":23,"column":2}},"3":{"start":{"line":12,"column":2},"end":{"line":22,"column":4}},"4":{"start":{"line":82,"column":4},"end":{"line":82,"column":33}},"5":{"start":{"line":83,"column":4},"end":{"line":85,"column":5}},"6":{"start":{"line":84,"column":6},"end":{"line":84,"column":34}},"7":{"start":{"line":89,"column":35},"end":{"line":89,"column":45}},"8":{"start":{"line":90,"column":26},"end":{"line":90,"column":70}},"9":{"start":{"line":92,"column":4},"end":{"line":99,"column":5}},"10":{"start":{"line":93,"column":40},"end":{"line":93,"column":83}},"11":{"start":{"line":94,"column":6},"end":{"line":94,"column":85}},"12":{"start":{"line":95,"column":11},"end":{"line":99,"column":5}},"13":{"start":{"line":96,"column":6},"end":{"line":96,"column":67}},"14":{"start":{"line":98,"column":6},"end":{"line":98,"column":60}},"15":{"start":{"line":101,"column":4},"end":{"line":101,"column":48}},"16":{"start":{"line":103,"column":4},"end":{"line":105,"column":5}},"17":{"start":{"line":104,"column":6},"end":{"line":104,"column":37}},"18":{"start":{"line":109,"column":4},"end":{"line":109,"column":45}},"19":{"start":{"line":110,"column":4},"end":{"line":110,"column":34}},"20":{"start":{"line":111,"column":4},"end":{"line":111,"column":20}},"21":{"start":{"line":112,"column":4},"end":{"line":114,"column":5}},"22":{"start":{"line":113,"column":6},"end":{"line":113,"column":36}},"23":{"start":{"line":118,"column":26},"end":{"line":118,"column":70}},"24":{"start":{"line":119,"column":4},"end":{"line":119,"column":48}},"25":{"start":{"line":120,"column":4},"end":{"line":122,"column":5}},"26":{"start":{"line":121,"column":6},"end":{"line":121,"column":33}},"27":{"start":{"line":126,"column":35},"end":{"line":126,"column":45}},"28":{"start":{"line":127,"column":26},"end":{"line":127,"column":70}},"29":{"start":{"line":129,"column":4},"end":{"line":138,"column":5}},"30":{"start":{"line":130,"column":6},"end":{"line":137,"column":7}},"31":{"start":{"line":131,"column":42},"end":{"line":131,"column":85}},"32":{"start":{"line":132,"column":8},"end":{"line":132,"column":87}},"33":{"start":{"line":133,"column":13},"end":{"line":137,"column":7}},"34":{"start":{"line":134,"column":8},"end":{"line":134,"column":69}},"35":{"start":{"line":136,"column":8},"end":{"line":136,"column":62}},"36":{"start":{"line":140,"column":4},"end":{"line":140,"column":33}},"37":{"start":{"line":141,"column":4},"end":{"line":143,"column":5}},"38":{"start":{"line":142,"column":6},"end":{"line":142,"column":36}},"39":{"start":{"line":156,"column":8},"end":{"line":156,"column":18}},"40":{"start":{"line":158,"column":20},"end":{"line":158,"column":64}},"41":{"start":{"line":159,"column":29},"end":{"line":159,"column":78}},"42":{"start":{"line":161,"column":4},"end":{"line":177,"column":6}},"43":{"start":{"line":172,"column":29},"end":{"line":172,"column":46}}},"fnMap":{"0":{"name":"(anonymous_0)","decl":{"start":{"line":9,"column":15},"end":{"line":9,"column":16}},"loc":{"start":{"line":9,"column":25},"end":{"line":9,"column":42}}},"1":{"name":"(anonymous_1)","decl":{"start":{"line":11,"column":58},"end":{"line":11,"column":59}},"loc":{"start":{"line":11,"column":69},"end":{"line":23,"column":1}}},"2":{"name":"(anonymous_2)","decl":{"start":{"line":81,"column":16},"end":{"line":81,"column":17}},"loc":{"start":{"line":81,"column":29},"end":{"line":86,"column":3}}},"3":{"name":"(anonymous_3)","decl":{"start":{"line":88,"column":19},"end":{"line":88,"column":20}},"loc":{"start":{"line":88,"column":32},"end":{"line":106,"column":3}}},"4":{"name":"(anonymous_4)","decl":{"start":{"line":108,"column":18},"end":{"line":108,"column":19}},"loc":{"start":{"line":108,"column":31},"end":{"line":115,"column":3}}},"5":{"name":"(anonymous_5)","decl":{"start":{"line":117,"column":15},"end":{"line":117,"column":16}},"loc":{"start":{"line":117,"column":28},"end":{"line":123,"column":3}}},"6":{"name":"(anonymous_6)","decl":{"start":{"line":125,"column":18},"end":{"line":125,"column":19}},"loc":{"start":{"line":125,"column":31},"end":{"line":144,"column":3}}},"7":{"name":"(anonymous_7)","decl":{"start":{"line":146,"column":2},"end":{"line":146,"column":3}},"loc":{"start":{"line":146,"column":11},"end":{"line":178,"column":3}}},"8":{"name":"(anonymous_8)","decl":{"start":{"line":172,"column":20},"end":{"line":172,"column":21}},"loc":{"start":{"line":172,"column":27},"end":{"line":172,"column":48}}}},"branchMap":{"0":{"loc":{"start":{"line":83,"column":4},"end":{"line":85,"column":5}},"type":"if","locations":[{"start":{"line":83,"column":4},"end":{"line":85,"column":5}},{"start":{"line":83,"column":4},"end":{"line":85,"column":5}}]},"1":{"loc":{"start":{"line":90,"column":26},"end":{"line":90,"column":70}},"type":"cond-expr","locations":[{"start":{"line":90,"column":41},"end":{"line":90,"column":66}},{"start":{"line":90,"column":69},"end":{"line":90,"column":70}}]},"2":{"loc":{"start":{"line":92,"column":4},"end":{"line":99,"column":5}},"type":"if","locations":[{"start":{"line":92,"column":4},"end":{"line":99,"column":5}},{"start":{"line":92,"column":4},"end":{"line":99,"column":5}}]},"3":{"loc":{"start":{"line":95,"column":11},"end":{"line":99,"column":5}},"type":"if","locations":[{"start":{"line":95,"column":11},"end":{"line":99,"column":5}},{"start":{"line":95,"column":11},"end":{"line":99,"column":5}}]},"4":{"loc":{"start":{"line":103,"column":4},"end":{"line":105,"column":5}},"type":"if","locations":[{"start":{"line":103,"column":4},"end":{"line":105,"column":5}},{"start":{"line":103,"column":4},"end":{"line":105,"column":5}}]},"5":{"loc":{"start":{"line":112,"column":4},"end":{"line":114,"column":5}},"type":"if","locations":[{"start":{"line":112,"column":4},"end":{"line":114,"column":5}},{"start":{"line":112,"column":4},"end":{"line":114,"column":5}}]},"6":{"loc":{"start":{"line":118,"column":26},"end":{"line":118,"column":70}},"type":"cond-expr","locations":[{"start":{"line":118,"column":41},"end":{"line":118,"column":66}},{"start":{"line":118,"column":69},"end":{"line":118,"column":70}}]},"7":{"loc":{"start":{"line":120,"column":4},"end":{"line":122,"column":5}},"type":"if","locations":[{"start":{"line":120,"column":4},"end":{"line":122,"column":5}},{"start":{"line":120,"column":4},"end":{"line":122,"column":5}}]},"8":{"loc":{"start":{"line":127,"column":26},"end":{"line":127,"column":70}},"type":"cond-expr","locations":[{"start":{"line":127,"column":41},"end":{"line":127,"column":66}},{"start":{"line":127,"column":69},"end":{"line":127,"column":70}}]},"9":{"loc":{"start":{"line":129,"column":4},"end":{"line":138,"column":5}},"type":"if","locations":[{"start":{"line":129,"column":4},"end":{"line":138,"column":5}},{"start":{"line":129,"column":4},"end":{"line":138,"column":5}}]},"10":{"loc":{"start":{"line":130,"column":6},"end":{"line":137,"column":7}},"type":"if","locations":[{"start":{"line":130,"column":6},"end":{"line":137,"column":7}},{"start":{"line":130,"column":6},"end":{"line":137,"column":7}}]},"11":{"loc":{"start":{"line":133,"column":13},"end":{"line":137,"column":7}},"type":"if","locations":[{"start":{"line":133,"column":13},"end":{"line":137,"column":7}},{"start":{"line":133,"column":13},"end":{"line":137,"column":7}}]},"12":{"loc":{"start":{"line":141,"column":4},"end":{"line":143,"column":5}},"type":"if","locations":[{"start":{"line":141,"column":4},"end":{"line":143,"column":5}},{"start":{"line":141,"column":4},"end":{"line":143,"column":5}}]}},"s":{"0":1,"1":1,"2":1,"3":1,"4":2,"5":2,"6":1,"7":2,"8":2,"9":2,"10":0,"11":0,"12":2,"13":2,"14":0,"15":2,"16":2,"17":1,"18":1,"19":1,"20":1,"21":1,"22":0,"23":2,"24":2,"25":2,"26":1,"27":2,"28":2,"29":2,"30":2,"31":0,"32":0,"33":2,"34":2,"35":0,"36":2,"37":2,"38":1,"39":5,"40":5,"41":5,"42":5,"43":0},"f":{"0":1,"1":1,"2":2,"3":2,"4":1,"5":2,"6":2,"7":5,"8":0},"b":{"0":[1,1],"1":[1,1],"2":[0,2],"3":[2,0],"4":[1,1],"5":[0,1],"6":[1,1],"7":[1,1],"8":[1,1],"9":[2,0],"10":[0,2],"11":[2,0],"12":[1,1]},"_coverageSchema":"332fd63041d2c1bcb487cc26dd0d5f7d97098a6c","hash":"1f7889243c236d356443529b1ea42fd0fa29c20b","contentHash":"19af6e5222f3e86eebb295beaffc7f9d_10.1.2"},"/Users/nathan/Code/repos/nathanmarks/material-ui/src/utils/withWidth.js":{"path":"/Users/nathan/Code/repos/nathanmarks/material-ui/src/utils/withWidth.js","statementMap":{"0":{"start":{"line":10,"column":25},"end":{"line":12,"column":1}},"1":{"start":{"line":11,"column":2},"end":{"line":11,"column":48}},"2":{"start":{"line":14,"column":27},"end":{"line":16,"column":1}},"3":{"start":{"line":15,"column":2},"end":{"line":15,"column":47}},"4":{"start":{"line":21,"column":6},"end":{"line":21,"column":13}},"5":{"start":{"line":23,"column":2},"end":{"line":111,"column":4}},"6":{"start":{"line":24,"column":20},"end":{"line":24,"column":53}},"7":{"start":{"line":26,"column":4},"end":{"line":110,"column":6}},"8":{"start":{"line":36,"column":8},"end":{"line":36,"column":44}},"9":{"start":{"line":40,"column":8},"end":{"line":40,"column":38}},"10":{"start":{"line":46,"column":8},"end":{"line":46,"column":38}},"11":{"start":{"line":47,"column":8},"end":{"line":49,"column":27}},"12":{"start":{"line":48,"column":10},"end":{"line":48,"column":46}},"13":{"start":{"line":53,"column":28},"end":{"line":53,"column":58}},"14":{"start":{"line":54,"column":20},"end":{"line":54,"column":24}},"15":{"start":{"line":63,"column":20},"end":{"line":63,"column":21}},"16":{"start":{"line":64,"column":8},"end":{"line":73,"column":9}},"17":{"start":{"line":65,"column":31},"end":{"line":65,"column":54}},"18":{"start":{"line":67,"column":10},"end":{"line":70,"column":11}},"19":{"start":{"line":68,"column":12},"end":{"line":68,"column":48}},"20":{"start":{"line":69,"column":12},"end":{"line":69,"column":18}},"21":{"start":{"line":72,"column":10},"end":{"line":72,"column":21}},"22":{"start":{"line":75,"column":8},"end":{"line":75,"column":30}},"23":{"start":{"line":77,"column":8},"end":{"line":81,"column":9}},"24":{"start":{"line":78,"column":10},"end":{"line":80,"column":13}},"25":{"start":{"line":85,"column":22},"end":{"line":85,"column":38}},"26":{"start":{"line":97,"column":8},"end":{"line":99,"column":9}},"27":{"start":{"line":98,"column":10},"end":{"line":98,"column":22}},"28":{"start":{"line":101,"column":8},"end":{"line":108,"column":10}}},"fnMap":{"0":{"name":"(anonymous_0)","decl":{"start":{"line":10,"column":25},"end":{"line":10,"column":26}},"loc":{"start":{"line":11,"column":2},"end":{"line":11,"column":48}}},"1":{"name":"(anonymous_1)","decl":{"start":{"line":14,"column":27},"end":{"line":14,"column":28}},"loc":{"start":{"line":15,"column":2},"end":{"line":15,"column":47}}},"2":{"name":"withWidth","decl":{"start":{"line":18,"column":9},"end":{"line":18,"column":18}},"loc":{"start":{"line":18,"column":33},"end":{"line":112,"column":1}}},"3":{"name":"(anonymous_3)","decl":{"start":{"line":23,"column":9},"end":{"line":23,"column":10}},"loc":{"start":{"line":23,"column":28},"end":{"line":111,"column":3}}},"4":{"name":"(anonymous_4)","decl":{"start":{"line":35,"column":6},"end":{"line":35,"column":7}},"loc":{"start":{"line":35,"column":26},"end":{"line":37,"column":7}}},"5":{"name":"(anonymous_5)","decl":{"start":{"line":39,"column":6},"end":{"line":39,"column":7}},"loc":{"start":{"line":39,"column":29},"end":{"line":41,"column":7}}},"6":{"name":"(anonymous_6)","decl":{"start":{"line":45,"column":21},"end":{"line":45,"column":22}},"loc":{"start":{"line":45,"column":27},"end":{"line":50,"column":7}}},"7":{"name":"(anonymous_7)","decl":{"start":{"line":47,"column":37},"end":{"line":47,"column":38}},"loc":{"start":{"line":47,"column":43},"end":{"line":49,"column":9}}},"8":{"name":"(anonymous_8)","decl":{"start":{"line":52,"column":6},"end":{"line":52,"column":7}},"loc":{"start":{"line":52,"column":30},"end":{"line":82,"column":7}}},"9":{"name":"(anonymous_9)","decl":{"start":{"line":84,"column":6},"end":{"line":84,"column":7}},"loc":{"start":{"line":84,"column":15},"end":{"line":109,"column":7}}}},"branchMap":{"0":{"loc":{"start":{"line":18,"column":19},"end":{"line":18,"column":31}},"type":"default-arg","locations":[{"start":{"line":18,"column":29},"end":{"line":18,"column":31}}]},"1":{"loc":{"start":{"line":20,"column":4},"end":{"line":20,"column":24}},"type":"default-arg","locations":[{"start":{"line":20,"column":21},"end":{"line":20,"column":24}}]},"2":{"loc":{"start":{"line":64,"column":15},"end":{"line":64,"column":64}},"type":"binary-expr","locations":[{"start":{"line":64,"column":15},"end":{"line":64,"column":29}},{"start":{"line":64,"column":33},"end":{"line":64,"column":64}}]},"3":{"loc":{"start":{"line":67,"column":10},"end":{"line":70,"column":11}},"type":"if","locations":[{"start":{"line":67,"column":10},"end":{"line":70,"column":11}},{"start":{"line":67,"column":10},"end":{"line":70,"column":11}}]},"4":{"loc":{"start":{"line":75,"column":16},"end":{"line":75,"column":29}},"type":"binary-expr","locations":[{"start":{"line":75,"column":16},"end":{"line":75,"column":21}},{"start":{"line":75,"column":25},"end":{"line":75,"column":29}}]},"5":{"loc":{"start":{"line":77,"column":8},"end":{"line":81,"column":9}},"type":"if","locations":[{"start":{"line":77,"column":8},"end":{"line":81,"column":9}},{"start":{"line":77,"column":8},"end":{"line":81,"column":9}}]},"6":{"loc":{"start":{"line":97,"column":8},"end":{"line":99,"column":9}},"type":"if","locations":[{"start":{"line":97,"column":8},"end":{"line":99,"column":9}},{"start":{"line":97,"column":8},"end":{"line":99,"column":9}}]}},"s":{"0":1,"1":3,"2":1,"3":3,"4":1,"5":1,"6":1,"7":1,"8":2,"9":1,"10":0,"11":0,"12":0,"13":7,"14":7,"15":7,"16":7,"17":20,"18":20,"19":6,"20":6,"21":14,"22":7,"23":7,"24":7,"25":11,"26":11,"27":4,"28":7},"f":{"0":3,"1":3,"2":1,"3":1,"4":2,"5":1,"6":0,"7":0,"8":7,"9":11},"b":{"0":[1],"1":[1],"2":[21,21],"3":[6,14],"4":[7,1],"5":[7,0],"6":[4,7]},"_coverageSchema":"332fd63041d2c1bcb487cc26dd0d5f7d97098a6c","hash":"c1723f7def8717322a39c256573f2e9e58664fc5","contentHash":"1516ec4f4a9bf0da67efcd4a12df7b9d_10.1.2"}}