<?xml version="1.0" encoding="UTF-8"?>
<coverage generated="1508999940396" clover="3.2.0">
  <project timestamp="1508999940396" name="All files">
    <metrics statements="183" coveredstatements="52" conditionals="47" coveredconditionals="1" methods="79" coveredmethods="16" elements="309" coveredelements="69" complexity="0" loc="183" ncloc="183" packages="6" files="19" classes="19">
      <package name="__tests__">
        <metrics statements="3" coveredstatements="3" conditionals="0" coveredconditionals="0" methods="0" coveredmethods="0"/>
        <file name="setup.js" path="/Users/dmitrij/pat/material-ui-pickers/__tests__/setup.js">
          <metrics statements="3" coveredstatements="3" conditionals="0" coveredconditionals="0" methods="0" coveredmethods="0"/>
          <line num="1" count="16" type="stmt"/>
          <line num="2" count="16" type="stmt"/>
          <line num="5" count="16" type="stmt"/>
        </file>
      </package>
      <package name="src.DatePicker">
        <metrics statements="64" coveredstatements="11" conditionals="16" coveredconditionals="0" methods="34" coveredmethods="5"/>
        <file name="Calendar.jsx" path="/Users/dmitrij/pat/material-ui-pickers/src/DatePicker/Calendar.jsx">
          <metrics statements="19" coveredstatements="2" conditionals="6" coveredconditionals="0" methods="9" coveredmethods="1"/>
          <line num="10" count="3" type="stmt"/>
          <line num="32" count="0" type="stmt"/>
          <line num="36" count="0" type="stmt"/>
          <line num="40" count="0" type="stmt"/>
          <line num="41" count="0" type="stmt"/>
          <line num="42" count="0" type="stmt"/>
          <line num="44" count="0" type="stmt"/>
          <line num="46" count="0" type="stmt"/>
          <line num="53" count="0" type="stmt"/>
          <line num="54" count="0" type="stmt"/>
          <line num="55" count="0" type="stmt"/>
          <line num="57" count="0" type="stmt"/>
          <line num="59" count="0" type="stmt"/>
          <line num="65" count="0" type="stmt"/>
          <line num="69" count="0" type="stmt"/>
          <line num="78" count="0" type="stmt"/>
          <line num="79" count="0" type="stmt"/>
          <line num="81" count="0" type="stmt"/>
          <line num="96" count="3" type="stmt"/>
        </file>
        <file name="CalendarHeader.jsx" path="/Users/dmitrij/pat/material-ui-pickers/src/DatePicker/CalendarHeader.jsx">
          <metrics statements="8" coveredstatements="3" conditionals="0" coveredconditionals="0" methods="5" coveredmethods="1"/>
          <line num="6" count="4" type="stmt"/>
          <line num="7" count="0" type="stmt"/>
          <line num="9" count="0" type="stmt"/>
          <line num="10" count="0" type="stmt"/>
          <line num="12" count="0" type="stmt"/>
          <line num="30" count="0" type="stmt"/>
          <line num="37" count="4" type="stmt"/>
          <line num="43" count="4" type="stmt"/>
        </file>
        <file name="DatePicker.jsx" path="/Users/dmitrij/pat/material-ui-pickers/src/DatePicker/DatePicker.jsx">
          <metrics statements="9" coveredstatements="1" conditionals="2" coveredconditionals="0" methods="7" coveredmethods="1"/>
          <line num="36" count="0" type="stmt"/>
          <line num="40" count="0" type="stmt"/>
          <line num="44" count="0" type="stmt"/>
          <line num="48" count="0" type="stmt"/>
          <line num="52" count="0" type="stmt"/>
          <line num="58" count="0" type="stmt"/>
          <line num="59" count="0" type="stmt"/>
          <line num="61" count="0" type="stmt"/>
          <line num="104" count="2" type="stmt"/>
        </file>
        <file name="DatePickerModal.jsx" path="/Users/dmitrij/pat/material-ui-pickers/src/DatePicker/DatePickerModal.jsx">
          <metrics statements="11" coveredstatements="3" conditionals="2" coveredconditionals="0" methods="6" coveredmethods="1"/>
          <line num="39" count="0" type="stmt"/>
          <line num="43" count="0" type="stmt"/>
          <line num="44" count="0" type="cond" truecount="0" falsecount="2"/>
          <line num="45" count="0" type="stmt"/>
          <line num="51" count="0" type="stmt"/>
          <line num="52" count="0" type="stmt"/>
          <line num="56" count="0" type="stmt"/>
          <line num="60" count="0" type="stmt"/>
          <line num="64" count="1" type="stmt"/>
          <line num="68" count="1" type="stmt"/>
          <line num="70" count="1" type="stmt"/>
        </file>
        <file name="YearSelection.jsx" path="/Users/dmitrij/pat/material-ui-pickers/src/DatePicker/YearSelection.jsx">
          <metrics statements="17" coveredstatements="2" conditionals="6" coveredconditionals="0" methods="7" coveredmethods="1"/>
          <line num="8" count="3" type="stmt"/>
          <line num="22" count="0" type="stmt"/>
          <line num="23" count="0" type="stmt"/>
          <line num="25" count="0" type="cond" truecount="0" falsecount="2"/>
          <line num="26" count="0" type="stmt"/>
          <line num="33" count="0" type="stmt"/>
          <line num="35" count="0" type="stmt"/>
          <line num="36" count="0" type="stmt"/>
          <line num="42" count="0" type="stmt"/>
          <line num="43" count="0" type="stmt"/>
          <line num="45" count="0" type="stmt"/>
          <line num="50" count="0" type="stmt"/>
          <line num="51" count="0" type="stmt"/>
          <line num="56" count="0" type="stmt"/>
          <line num="62" count="0" type="stmt"/>
          <line num="63" count="0" type="stmt"/>
          <line num="75" count="3" type="stmt"/>
        </file>
      </package>
      <package name="src.TimePicker">
        <metrics statements="69" coveredstatements="14" conditionals="22" coveredconditionals="1" methods="32" coveredmethods="7"/>
        <file name="Clock.jsx" path="/Users/dmitrij/pat/material-ui-pickers/src/TimePicker/Clock.jsx">
          <metrics statements="21" coveredstatements="1" conditionals="12" coveredconditionals="0" methods="8" coveredmethods="1"/>
          <line num="19" count="0" type="stmt"/>
          <line num="21" count="0" type="cond" truecount="0" falsecount="2"/>
          <line num="22" count="0" type="stmt"/>
          <line num="24" count="0" type="stmt"/>
          <line num="25" count="0" type="stmt"/>
          <line num="28" count="0" type="cond" truecount="0" falsecount="2"/>
          <line num="32" count="0" type="stmt"/>
          <line num="36" count="0" type="stmt"/>
          <line num="40" count="0" type="stmt"/>
          <line num="44" count="0" type="stmt"/>
          <line num="45" count="0" type="stmt"/>
          <line num="49" count="0" type="stmt"/>
          <line num="51" count="0" type="cond" truecount="0" falsecount="4"/>
          <line num="52" count="0" type="stmt"/>
          <line num="57" count="0" type="stmt"/>
          <line num="59" count="0" type="cond" truecount="0" falsecount="2"/>
          <line num="60" count="0" type="stmt"/>
          <line num="63" count="0" type="stmt"/>
          <line num="69" count="0" type="stmt"/>
          <line num="71" count="0" type="stmt"/>
          <line num="97" count="5" type="stmt"/>
        </file>
        <file name="ClockNumber.jsx" path="/Users/dmitrij/pat/material-ui-pickers/src/TimePicker/ClockNumber.jsx">
          <metrics statements="7" coveredstatements="2" conditionals="2" coveredconditionals="1" methods="3" coveredmethods="1"/>
          <line num="8" count="5" type="stmt"/>
          <line num="32" count="0" type="stmt"/>
          <line num="34" count="0" type="stmt"/>
          <line num="42" count="0" type="stmt"/>
          <line num="44" count="0" type="stmt"/>
          <line num="48" count="0" type="stmt"/>
          <line num="59" count="5" type="stmt"/>
        </file>
        <file name="ClockPointer.jsx" path="/Users/dmitrij/pat/material-ui-pickers/src/TimePicker/ClockPointer.jsx">
          <metrics statements="6" coveredstatements="1" conditionals="0" coveredconditionals="0" methods="3" coveredmethods="1"/>
          <line num="15" count="0" type="stmt"/>
          <line num="16" count="0" type="stmt"/>
          <line num="18" count="0" type="stmt"/>
          <line num="24" count="0" type="stmt"/>
          <line num="26" count="0" type="stmt"/>
          <line num="37" count="6" type="stmt"/>
        </file>
        <file name="HourView.jsx" path="/Users/dmitrij/pat/material-ui-pickers/src/TimePicker/HourView.jsx">
          <metrics statements="6" coveredstatements="4" conditionals="0" coveredconditionals="0" methods="2" coveredmethods="1"/>
          <line num="14" count="0" type="stmt"/>
          <line num="15" count="0" type="stmt"/>
          <line num="19" count="1" type="stmt"/>
          <line num="21" count="1" type="stmt"/>
          <line num="22" count="1" type="stmt"/>
          <line num="24" count="1" type="stmt"/>
        </file>
        <file name="MinutesView.jsx" path="/Users/dmitrij/pat/material-ui-pickers/src/TimePicker/MinutesView.jsx">
          <metrics statements="4" coveredstatements="2" conditionals="0" coveredconditionals="0" methods="2" coveredmethods="1"/>
          <line num="14" count="0" type="stmt"/>
          <line num="15" count="0" type="stmt"/>
          <line num="19" count="1" type="stmt"/>
          <line num="21" count="1" type="stmt"/>
        </file>
        <file name="TimePicker.jsx" path="/Users/dmitrij/pat/material-ui-pickers/src/TimePicker/TimePicker.jsx">
          <metrics statements="14" coveredstatements="1" conditionals="6" coveredconditionals="0" methods="8" coveredmethods="1"/>
          <line num="21" count="0" type="stmt"/>
          <line num="22" count="0" type="stmt"/>
          <line num="24" count="0" type="stmt"/>
          <line num="29" count="0" type="stmt"/>
          <line num="31" count="0" type="cond" truecount="0" falsecount="2"/>
          <line num="32" count="0" type="cond" truecount="0" falsecount="2"/>
          <line num="36" count="0" type="stmt"/>
          <line num="39" count="0" type="stmt"/>
          <line num="43" count="0" type="stmt"/>
          <line num="47" count="0" type="stmt"/>
          <line num="51" count="0" type="stmt"/>
          <line num="52" count="0" type="stmt"/>
          <line num="54" count="0" type="stmt"/>
          <line num="115" count="2" type="stmt"/>
        </file>
        <file name="TimePickerModal.jsx" path="/Users/dmitrij/pat/material-ui-pickers/src/TimePicker/TimePickerModal.jsx">
          <metrics statements="11" coveredstatements="3" conditionals="2" coveredconditionals="0" methods="6" coveredmethods="1"/>
          <line num="29" count="0" type="stmt"/>
          <line num="33" count="0" type="stmt"/>
          <line num="34" count="0" type="cond" truecount="0" falsecount="2"/>
          <line num="35" count="0" type="stmt"/>
          <line num="41" count="0" type="stmt"/>
          <line num="42" count="0" type="stmt"/>
          <line num="46" count="0" type="stmt"/>
          <line num="50" count="0" type="stmt"/>
          <line num="54" count="1" type="stmt"/>
          <line num="58" count="1" type="stmt"/>
          <line num="60" count="1" type="stmt"/>
        </file>
      </package>
      <package name="src.TimePicker.utils">
        <metrics statements="20" coveredstatements="8" conditionals="5" coveredconditionals="0" methods="4" coveredmethods="0"/>
        <file name="time-utils.js" path="/Users/dmitrij/pat/material-ui-pickers/src/TimePicker/utils/time-utils.js">
          <metrics statements="20" coveredstatements="8" conditionals="5" coveredconditionals="0" methods="4" coveredmethods="0"/>
          <line num="1" count="5" type="stmt"/>
          <line num="6" count="5" type="stmt"/>
          <line num="11" count="5" type="stmt"/>
          <line num="12" count="5" type="stmt"/>
          <line num="14" count="5" type="stmt"/>
          <line num="16" count="5" type="stmt"/>
          <line num="17" count="0" type="stmt"/>
          <line num="18" count="0" type="stmt"/>
          <line num="20" count="0" type="stmt"/>
          <line num="22" count="0" type="stmt"/>
          <line num="23" count="0" type="stmt"/>
          <line num="24" count="0" type="stmt"/>
          <line num="26" count="0" type="cond" truecount="0" falsecount="2"/>
          <line num="28" count="0" type="stmt"/>
          <line num="31" count="5" type="stmt"/>
          <line num="32" count="0" type="cond" truecount="0" falsecount="2"/>
          <line num="34" count="0" type="stmt"/>
          <line num="37" count="5" type="cond" truecount="0" falsecount="1"/>
          <line num="38" count="0" type="stmt"/>
          <line num="40" count="0" type="stmt"/>
        </file>
      </package>
      <package name="src._shared">
        <metrics statements="25" coveredstatements="14" conditionals="4" coveredconditionals="0" methods="9" coveredmethods="4"/>
        <file name="DateTextField.jsx" path="/Users/dmitrij/pat/material-ui-pickers/src/_shared/DateTextField.jsx">
          <metrics statements="9" coveredstatements="4" conditionals="4" coveredconditionals="0" methods="4" coveredmethods="2"/>
          <line num="14" count="0" type="cond" truecount="0" falsecount="2"/>
          <line num="19" count="1" type="stmt"/>
          <line num="21" count="1" type="stmt"/>
          <line num="25" count="0" type="stmt"/>
          <line num="26" count="0" type="stmt"/>
          <line num="28" count="0" type="cond" truecount="0" falsecount="2"/>
          <line num="29" count="0" type="stmt"/>
          <line num="34" count="1" type="stmt"/>
          <line num="36" count="1" type="stmt"/>
        </file>
        <file name="ModalDialog.jsx" path="/Users/dmitrij/pat/material-ui-pickers/src/_shared/ModalDialog.jsx">
          <metrics statements="5" coveredstatements="3" conditionals="0" coveredconditionals="0" methods="1" coveredmethods="0"/>
          <line num="5" count="3" type="stmt"/>
          <line num="13" count="3" type="stmt"/>
          <line num="16" count="0" type="stmt"/>
          <line num="18" count="0" type="stmt"/>
          <line num="32" count="3" type="stmt"/>
        </file>
        <file name="PickerToolbar.jsx" path="/Users/dmitrij/pat/material-ui-pickers/src/_shared/PickerToolbar.jsx">
          <metrics statements="6" coveredstatements="4" conditionals="0" coveredconditionals="0" methods="2" coveredmethods="1"/>
          <line num="6" count="5" type="stmt"/>
          <line num="9" count="0" type="stmt"/>
          <line num="11" count="0" type="stmt"/>
          <line num="18" count="5" type="stmt"/>
          <line num="24" count="5" type="stmt"/>
          <line num="28" count="5" type="stmt"/>
        </file>
        <file name="ToolbarButton.jsx" path="/Users/dmitrij/pat/material-ui-pickers/src/_shared/ToolbarButton.jsx">
          <metrics statements="5" coveredstatements="3" conditionals="0" coveredconditionals="0" methods="2" coveredmethods="1"/>
          <line num="6" count="5" type="stmt"/>
          <line num="9" count="0" type="stmt"/>
          <line num="11" count="0" type="stmt"/>
          <line num="23" count="5" type="stmt"/>
          <line num="30" count="5" type="stmt"/>
        </file>
      </package>
      <package name="src.constants">
        <metrics statements="2" coveredstatements="2" conditionals="0" coveredconditionals="0" methods="0" coveredmethods="0"/>
        <file name="clock-types.js" path="/Users/dmitrij/pat/material-ui-pickers/src/constants/clock-types.js">
          <metrics statements="2" coveredstatements="2" conditionals="0" coveredconditionals="0" methods="0" coveredmethods="0"/>
          <line num="1" count="6" type="stmt"/>
          <line num="3" count="6" type="stmt"/>
        </file>
      </package>
    </metrics>
  </project>
</coverage>
