{"/Users/dmitrij/pat/material-ui-pickers/__tests__/setup.js": {"path":"/Users/dmitrij/pat/material-ui-pickers/__tests__/setup.js","statementMap":{"0":{"start":{"line":1,"column":15},"end":{"line":1,"column":32}},"1":{"start":{"line":2,"column":22},"end":{"line":2,"column":56}},"2":{"start":{"line":5,"column":0},"end":{"line":5,"column":51}}},"fnMap":{},"branchMap":{},"s":{"0":16,"1":16,"2":16},"f":{},"b":{},"_coverageSchema":"332fd63041d2c1bcb487cc26dd0d5f7d97098a6c","hash":"4488c509628707460c0cc35672c57201b7be4fd2"}
,"/Users/dmitrij/pat/material-ui-pickers/src/DatePicker/Calendar.jsx": {"path":"/Users/dmitrij/pat/material-ui-pickers/src/DatePicker/Calendar.jsx","statementMap":{"0":{"start":{"line":10,"column":15},"end":{"line":10,"column":35}},"1":{"start":{"line":32,"column":4},"end":{"line":32,"column":29}},"2":{"start":{"line":36,"column":4},"end":{"line":36,"column":46}},"3":{"start":{"line":40,"column":29},"end":{"line":40,"column":39}},"4":{"start":{"line":41,"column":18},"end":{"line":41,"column":54}},"5":{"start":{"line":42,"column":16},"end":{"line":42,"column":65}},"6":{"start":{"line":44,"column":4},"end":{"line":49,"column":9}},"7":{"start":{"line":46,"column":8},"end":{"line":48,"column":14}},"8":{"start":{"line":53,"column":63},"end":{"line":53,"column":73}},"9":{"start":{"line":54,"column":16},"end":{"line":54,"column":42}},"10":{"start":{"line":55,"column":31},"end":{"line":55,"column":67}},"11":{"start":{"line":57,"column":4},"end":{"line":74,"column":9}},"12":{"start":{"line":59,"column":25},"end":{"line":63,"column":10}},"13":{"start":{"line":65,"column":8},"end":{"line":73,"column":10}},"14":{"start":{"line":69,"column":27},"end":{"line":69,"column":49}},"15":{"start":{"line":78,"column":29},"end":{"line":78,"column":39}},"16":{"start":{"line":79,"column":24},"end":{"line":79,"column":34}},"17":{"start":{"line":81,"column":4},"end":{"line":92,"column":6}},"18":{"start":{"line":96,"column":15},"end":{"line":123,"column":2}},"19":{"start":{"line":96,"column":25},"end":{"line":123,"column":1}}},"fnMap":{"0":{"name":"(anonymous_0)","decl":{"start":{"line":31,"column":17},"end":{"line":31,"column":18}},"loc":{"start":{"line":31,"column":26},"end":{"line":33,"column":3}},"line":31},"1":{"name":"(anonymous_1)","decl":{"start":{"line":35,"column":22},"end":{"line":35,"column":23}},"loc":{"start":{"line":35,"column":36},"end":{"line":37,"column":3}},"line":35},"2":{"name":"(anonymous_2)","decl":{"start":{"line":39,"column":16},"end":{"line":39,"column":17}},"loc":{"start":{"line":39,"column":22},"end":{"line":50,"column":3}},"line":39},"3":{"name":"(anonymous_3)","decl":{"start":{"line":45,"column":11},"end":{"line":45,"column":12}},"loc":{"start":{"line":46,"column":8},"end":{"line":48,"column":14}},"line":46},"4":{"name":"(anonymous_4)","decl":{"start":{"line":52,"column":15},"end":{"line":52,"column":16}},"loc":{"start":{"line":52,"column":25},"end":{"line":75,"column":3}},"line":52},"5":{"name":"(anonymous_5)","decl":{"start":{"line":58,"column":11},"end":{"line":58,"column":12}},"loc":{"start":{"line":58,"column":20},"end":{"line":74,"column":7}},"line":58},"6":{"name":"(anonymous_6)","decl":{"start":{"line":69,"column":21},"end":{"line":69,"column":22}},"loc":{"start":{"line":69,"column":27},"end":{"line":69,"column":49}},"line":69},"7":{"name":"(anonymous_7)","decl":{"start":{"line":77,"column":2},"end":{"line":77,"column":3}},"loc":{"start":{"line":77,"column":11},"end":{"line":93,"column":3}},"line":77},"8":{"name":"(anonymous_8)","decl":{"start":{"line":96,"column":15},"end":{"line":96,"column":16}},"loc":{"start":{"line":96,"column":25},"end":{"line":123,"column":1}},"line":96}},"branchMap":{"0":{"loc":{"start":{"line":62,"column":30},"end":{"line":62,"column":139}},"type":"binary-expr","locations":[{"start":{"line":62,"column":30},"end":{"line":62,"column":43}},{"start":{"line":62,"column":47},"end":{"line":62,"column":68}},{"start":{"line":62,"column":72},"end":{"line":62,"column":79}},{"start":{"line":62,"column":83},"end":{"line":62,"column":104}},{"start":{"line":62,"column":108},"end":{"line":62,"column":115}},{"start":{"line":62,"column":119},"end":{"line":62,"column":139}}],"line":62}},"s":{"0":3,"1":0,"2":0,"3":0,"4":0,"5":0,"6":0,"7":0,"8":0,"9":0,"10":0,"11":0,"12":0,"13":0,"14":0,"15":0,"16":0,"17":0,"18":3,"19":1},"f":{"0":0,"1":0,"2":0,"3":0,"4":0,"5":0,"6":0,"7":0,"8":1},"b":{"0":[0,0,0,0,0,0]},"_coverageSchema":"332fd63041d2c1bcb487cc26dd0d5f7d97098a6c","hash":"f7bfaa4165ccdc8922d5926521fd2e15ba1781c9"}
,"/Users/dmitrij/pat/material-ui-pickers/src/DatePicker/CalendarHeader.jsx": {"path":"/Users/dmitrij/pat/material-ui-pickers/src/DatePicker/CalendarHeader.jsx","statementMap":{"0":{"start":{"line":6,"column":23},"end":{"line":35,"column":1}},"1":{"start":{"line":7,"column":51},"end":{"line":7,"column":56}},"2":{"start":{"line":9,"column":26},"end":{"line":9,"column":84}},"3":{"start":{"line":9,"column":32},"end":{"line":9,"column":84}},"4":{"start":{"line":10,"column":30},"end":{"line":10,"column":93}},"5":{"start":{"line":10,"column":36},"end":{"line":10,"column":93}},"6":{"start":{"line":12,"column":2},"end":{"line":34,"column":4}},"7":{"start":{"line":30,"column":10},"end":{"line":30,"column":69}},"8":{"start":{"line":37,"column":0},"end":{"line":41,"column":2}},"9":{"start":{"line":43,"column":15},"end":{"line":65,"column":2}},"10":{"start":{"line":43,"column":25},"end":{"line":65,"column":1}}},"fnMap":{"0":{"name":"(anonymous_0)","decl":{"start":{"line":6,"column":23},"end":{"line":6,"column":24}},"loc":{"start":{"line":6,"column":34},"end":{"line":35,"column":1}},"line":6},"1":{"name":"(anonymous_1)","decl":{"start":{"line":9,"column":26},"end":{"line":9,"column":27}},"loc":{"start":{"line":9,"column":32},"end":{"line":9,"column":84}},"line":9},"2":{"name":"(anonymous_2)","decl":{"start":{"line":10,"column":30},"end":{"line":10,"column":31}},"loc":{"start":{"line":10,"column":36},"end":{"line":10,"column":93}},"line":10},"3":{"name":"(anonymous_3)","decl":{"start":{"line":29,"column":35},"end":{"line":29,"column":36}},"loc":{"start":{"line":30,"column":10},"end":{"line":30,"column":69}},"line":30},"4":{"name":"(anonymous_4)","decl":{"start":{"line":43,"column":15},"end":{"line":43,"column":16}},"loc":{"start":{"line":43,"column":25},"end":{"line":65,"column":1}},"line":43}},"branchMap":{},"s":{"0":4,"1":0,"2":0,"3":0,"4":0,"5":0,"6":0,"7":0,"8":4,"9":4,"10":1},"f":{"0":0,"1":0,"2":0,"3":0,"4":1},"b":{},"_coverageSchema":"332fd63041d2c1bcb487cc26dd0d5f7d97098a6c","hash":"8aa3e37f45dc1f5d731319b55da54302f0305a30"}
,"/Users/dmitrij/pat/material-ui-pickers/src/DatePicker/DatePicker.jsx": {"path":"/Users/dmitrij/pat/material-ui-pickers/src/DatePicker/DatePicker.jsx","statementMap":{"0":{"start":{"line":36,"column":4},"end":{"line":36,"column":42}},"1":{"start":{"line":40,"column":4},"end":{"line":40,"column":38}},"2":{"start":{"line":44,"column":4},"end":{"line":44,"column":38}},"3":{"start":{"line":48,"column":4},"end":{"line":48,"column":47}},"4":{"start":{"line":52,"column":4},"end":{"line":52,"column":48}},"5":{"start":{"line":58,"column":8},"end":{"line":58,"column":18}},"6":{"start":{"line":59,"column":34},"end":{"line":59,"column":44}},"7":{"start":{"line":61,"column":4},"end":{"line":100,"column":6}},"8":{"start":{"line":104,"column":15},"end":{"line":109,"column":2}},"9":{"start":{"line":104,"column":25},"end":{"line":109,"column":1}}},"fnMap":{"0":{"name":"(anonymous_0)","decl":{"start":{"line":35,"column":2},"end":{"line":35,"column":3}},"loc":{"start":{"line":35,"column":13},"end":{"line":37,"column":3}},"line":35},"1":{"name":"(anonymous_1)","decl":{"start":{"line":39,"column":2},"end":{"line":39,"column":3}},"loc":{"start":{"line":39,"column":16},"end":{"line":41,"column":3}},"line":39},"2":{"name":"(anonymous_2)","decl":{"start":{"line":43,"column":2},"end":{"line":43,"column":3}},"loc":{"start":{"line":43,"column":16},"end":{"line":45,"column":3}},"line":43},"3":{"name":"(anonymous_3)","decl":{"start":{"line":47,"column":22},"end":{"line":47,"column":23}},"loc":{"start":{"line":47,"column":28},"end":{"line":49,"column":3}},"line":47},"4":{"name":"(anonymous_4)","decl":{"start":{"line":51,"column":17},"end":{"line":51,"column":18}},"loc":{"start":{"line":51,"column":23},"end":{"line":53,"column":3}},"line":51},"5":{"name":"(anonymous_5)","decl":{"start":{"line":55,"column":2},"end":{"line":55,"column":3}},"loc":{"start":{"line":55,"column":11},"end":{"line":101,"column":3}},"line":55},"6":{"name":"(anonymous_6)","decl":{"start":{"line":104,"column":15},"end":{"line":104,"column":16}},"loc":{"start":{"line":104,"column":25},"end":{"line":109,"column":1}},"line":104}},"branchMap":{"0":{"loc":{"start":{"line":80,"column":10},"end":{"line":97,"column":16}},"type":"cond-expr","locations":[{"start":{"line":82,"column":14},"end":{"line":89,"column":16}},{"start":{"line":91,"column":14},"end":{"line":97,"column":16}}],"line":80}},"s":{"0":0,"1":0,"2":0,"3":0,"4":0,"5":0,"6":0,"7":0,"8":2,"9":1},"f":{"0":0,"1":0,"2":0,"3":0,"4":0,"5":0,"6":1},"b":{"0":[0,0]},"_coverageSchema":"332fd63041d2c1bcb487cc26dd0d5f7d97098a6c","hash":"e25222dbb33f63d49045e3d655977b3489febd98"}
,"/Users/dmitrij/pat/material-ui-pickers/src/DatePicker/DatePickerModal.jsx": {"path":"/Users/dmitrij/pat/material-ui-pickers/src/DatePicker/DatePickerModal.jsx","statementMap":{"0":{"start":{"line":39,"column":4},"end":{"line":39,"column":46}},"1":{"start":{"line":43,"column":4},"end":{"line":47,"column":7}},"2":{"start":{"line":44,"column":6},"end":{"line":46,"column":7}},"3":{"start":{"line":45,"column":8},"end":{"line":45,"column":28}},"4":{"start":{"line":51,"column":4},"end":{"line":51,"column":41}},"5":{"start":{"line":52,"column":4},"end":{"line":52,"column":24}},"6":{"start":{"line":56,"column":4},"end":{"line":58,"column":7}},"7":{"start":{"line":60,"column":4},"end":{"line":60,"column":24}},"8":{"start":{"line":64,"column":21},"end":{"line":64,"column":31}},"9":{"start":{"line":68,"column":8},"end":{"line":68,"column":18}},"10":{"start":{"line":70,"column":4},"end":{"line":95,"column":6}}},"fnMap":{"0":{"name":"(anonymous_0)","decl":{"start":{"line":38,"column":17},"end":{"line":38,"column":18}},"loc":{"start":{"line":38,"column":23},"end":{"line":40,"column":3}},"line":38},"1":{"name":"(anonymous_1)","decl":{"start":{"line":42,"column":17},"end":{"line":42,"column":18}},"loc":{"start":{"line":42,"column":27},"end":{"line":48,"column":3}},"line":42},"2":{"name":"(anonymous_2)","decl":{"start":{"line":43,"column":28},"end":{"line":43,"column":29}},"loc":{"start":{"line":43,"column":34},"end":{"line":47,"column":5}},"line":43},"3":{"name":"(anonymous_3)","decl":{"start":{"line":50,"column":17},"end":{"line":50,"column":18}},"loc":{"start":{"line":50,"column":23},"end":{"line":53,"column":3}},"line":50},"4":{"name":"(anonymous_4)","decl":{"start":{"line":55,"column":18},"end":{"line":55,"column":19}},"loc":{"start":{"line":55,"column":24},"end":{"line":61,"column":3}},"line":55},"5":{"name":"(anonymous_5)","decl":{"start":{"line":63,"column":2},"end":{"line":63,"column":3}},"loc":{"start":{"line":63,"column":11},"end":{"line":96,"column":3}},"line":63}},"branchMap":{"0":{"loc":{"start":{"line":44,"column":6},"end":{"line":46,"column":7}},"type":"if","locations":[{"start":{"line":44,"column":6},"end":{"line":46,"column":7}},{"start":{"line":44,"column":6},"end":{"line":46,"column":7}}],"line":44}},"s":{"0":0,"1":0,"2":0,"3":0,"4":0,"5":0,"6":0,"7":0,"8":1,"9":1,"10":1},"f":{"0":0,"1":0,"2":0,"3":0,"4":0,"5":1},"b":{"0":[0,0]},"_coverageSchema":"332fd63041d2c1bcb487cc26dd0d5f7d97098a6c","hash":"a12e54379f0cc9850c2bc3b1e89b2d2083023a68"}
,"/Users/dmitrij/pat/material-ui-pickers/src/DatePicker/YearSelection.jsx": {"path":"/Users/dmitrij/pat/material-ui-pickers/src/DatePicker/YearSelection.jsx","statementMap":{"0":{"start":{"line":8,"column":15},"end":{"line":8,"column":35}},"1":{"start":{"line":22,"column":37},"end":{"line":22,"column":47}},"2":{"start":{"line":23,"column":31},"end":{"line":23,"column":98}},"3":{"start":{"line":25,"column":4},"end":{"line":29,"column":5}},"4":{"start":{"line":26,"column":6},"end":{"line":28,"column":9}},"5":{"start":{"line":33,"column":31},"end":{"line":33,"column":41}},"6":{"start":{"line":35,"column":20},"end":{"line":35,"column":50}},"7":{"start":{"line":36,"column":4},"end":{"line":36,"column":22}},"8":{"start":{"line":42,"column":8},"end":{"line":42,"column":18}},"9":{"start":{"line":43,"column":24},"end":{"line":43,"column":40}},"10":{"start":{"line":45,"column":4},"end":{"line":71,"column":6}},"11":{"start":{"line":50,"column":33},"end":{"line":50,"column":49}},"12":{"start":{"line":51,"column":32},"end":{"line":54,"column":16}},"13":{"start":{"line":56,"column":14},"end":{"line":67,"column":16}},"14":{"start":{"line":62,"column":33},"end":{"line":62,"column":62}},"15":{"start":{"line":63,"column":36},"end":{"line":63,"column":65}},"16":{"start":{"line":75,"column":15},"end":{"line":99,"column":2}},"17":{"start":{"line":75,"column":25},"end":{"line":99,"column":1}}},"fnMap":{"0":{"name":"(anonymous_0)","decl":{"start":{"line":21,"column":22},"end":{"line":21,"column":23}},"loc":{"start":{"line":21,"column":28},"end":{"line":30,"column":3}},"line":21},"1":{"name":"(anonymous_1)","decl":{"start":{"line":32,"column":17},"end":{"line":32,"column":18}},"loc":{"start":{"line":32,"column":27},"end":{"line":37,"column":3}},"line":32},"2":{"name":"(anonymous_2)","decl":{"start":{"line":39,"column":2},"end":{"line":39,"column":3}},"loc":{"start":{"line":39,"column":11},"end":{"line":72,"column":3}},"line":39},"3":{"name":"(anonymous_3)","decl":{"start":{"line":49,"column":17},"end":{"line":49,"column":18}},"loc":{"start":{"line":49,"column":27},"end":{"line":68,"column":13}},"line":49},"4":{"name":"(anonymous_4)","decl":{"start":{"line":62,"column":27},"end":{"line":62,"column":28}},"loc":{"start":{"line":62,"column":33},"end":{"line":62,"column":62}},"line":62},"5":{"name":"(anonymous_5)","decl":{"start":{"line":63,"column":30},"end":{"line":63,"column":31}},"loc":{"start":{"line":63,"column":36},"end":{"line":63,"column":65}},"line":63},"6":{"name":"(anonymous_6)","decl":{"start":{"line":75,"column":15},"end":{"line":75,"column":16}},"loc":{"start":{"line":75,"column":25},"end":{"line":99,"column":1}},"line":75}},"branchMap":{"0":{"loc":{"start":{"line":25,"column":4},"end":{"line":29,"column":5}},"type":"if","locations":[{"start":{"line":25,"column":4},"end":{"line":29,"column":5}},{"start":{"line":25,"column":4},"end":{"line":29,"column":5}}],"line":25},"1":{"loc":{"start":{"line":27,"column":18},"end":{"line":27,"column":58}},"type":"cond-expr","locations":[{"start":{"line":27,"column":41},"end":{"line":27,"column":49}},{"start":{"line":27,"column":52},"end":{"line":27,"column":58}}],"line":27},"2":{"loc":{"start":{"line":53,"column":36},"end":{"line":53,"column":75}},"type":"binary-expr","locations":[{"start":{"line":53,"column":36},"end":{"line":53,"column":49}},{"start":{"line":53,"column":53},"end":{"line":53,"column":75}}],"line":53}},"s":{"0":3,"1":0,"2":0,"3":0,"4":0,"5":0,"6":0,"7":0,"8":0,"9":0,"10":0,"11":0,"12":0,"13":0,"14":0,"15":0,"16":3,"17":1},"f":{"0":0,"1":0,"2":0,"3":0,"4":0,"5":0,"6":1},"b":{"0":[0,0],"1":[0,0],"2":[0,0]},"_coverageSchema":"332fd63041d2c1bcb487cc26dd0d5f7d97098a6c","hash":"9f0a58699ac80517d4d72b0db91d5db0f9bfe204"}
,"/Users/dmitrij/pat/material-ui-pickers/src/TimePicker/Clock.jsx": {"path":"/Users/dmitrij/pat/material-ui-pickers/src/TimePicker/Clock.jsx","statementMap":{"0":{"start":{"line":19,"column":31},"end":{"line":19,"column":32}},"1":{"start":{"line":21,"column":4},"end":{"line":26,"column":5}},"2":{"start":{"line":22,"column":19},"end":{"line":22,"column":51}},"3":{"start":{"line":24,"column":6},"end":{"line":24,"column":56}},"4":{"start":{"line":25,"column":6},"end":{"line":25,"column":55}},"5":{"start":{"line":28,"column":18},"end":{"line":30,"column":34}},"6":{"start":{"line":32,"column":4},"end":{"line":32,"column":31}},"7":{"start":{"line":36,"column":4},"end":{"line":36,"column":20}},"8":{"start":{"line":40,"column":4},"end":{"line":40,"column":28}},"9":{"start":{"line":44,"column":4},"end":{"line":44,"column":27}},"10":{"start":{"line":45,"column":4},"end":{"line":45,"column":42}},"11":{"start":{"line":49,"column":4},"end":{"line":49,"column":23}},"12":{"start":{"line":51,"column":4},"end":{"line":53,"column":5}},"13":{"start":{"line":52,"column":6},"end":{"line":52,"column":41}},"14":{"start":{"line":57,"column":28},"end":{"line":57,"column":38}},"15":{"start":{"line":59,"column":4},"end":{"line":61,"column":5}},"16":{"start":{"line":60,"column":6},"end":{"line":60,"column":18}},"17":{"start":{"line":63,"column":4},"end":{"line":63,"column":27}},"18":{"start":{"line":69,"column":8},"end":{"line":69,"column":18}},"19":{"start":{"line":71,"column":4},"end":{"line":93,"column":6}},"20":{"start":{"line":97,"column":15},"end":{"line":118,"column":2}},"21":{"start":{"line":97,"column":25},"end":{"line":118,"column":1}}},"fnMap":{"0":{"name":"(anonymous_0)","decl":{"start":{"line":18,"column":2},"end":{"line":18,"column":3}},"loc":{"start":{"line":18,"column":13},"end":{"line":33,"column":3}},"line":18},"1":{"name":"(anonymous_1)","decl":{"start":{"line":35,"column":20},"end":{"line":35,"column":21}},"loc":{"start":{"line":35,"column":27},"end":{"line":37,"column":3}},"line":35},"2":{"name":"(anonymous_2)","decl":{"start":{"line":39,"column":19},"end":{"line":39,"column":20}},"loc":{"start":{"line":39,"column":26},"end":{"line":41,"column":3}},"line":39},"3":{"name":"(anonymous_3)","decl":{"start":{"line":43,"column":13},"end":{"line":43,"column":14}},"loc":{"start":{"line":43,"column":24},"end":{"line":46,"column":3}},"line":43},"4":{"name":"(anonymous_4)","decl":{"start":{"line":48,"column":15},"end":{"line":48,"column":16}},"loc":{"start":{"line":48,"column":22},"end":{"line":54,"column":3}},"line":48},"5":{"name":"(anonymous_5)","decl":{"start":{"line":56,"column":16},"end":{"line":56,"column":17}},"loc":{"start":{"line":56,"column":22},"end":{"line":64,"column":3}},"line":56},"6":{"name":"(anonymous_6)","decl":{"start":{"line":66,"column":2},"end":{"line":66,"column":3}},"loc":{"start":{"line":66,"column":11},"end":{"line":94,"column":3}},"line":66},"7":{"name":"(anonymous_7)","decl":{"start":{"line":97,"column":15},"end":{"line":97,"column":16}},"loc":{"start":{"line":97,"column":25},"end":{"line":118,"column":1}},"line":97}},"branchMap":{"0":{"loc":{"start":{"line":21,"column":4},"end":{"line":26,"column":5}},"type":"if","locations":[{"start":{"line":21,"column":4},"end":{"line":26,"column":5}},{"start":{"line":21,"column":4},"end":{"line":26,"column":5}}],"line":21},"1":{"loc":{"start":{"line":28,"column":18},"end":{"line":30,"column":34}},"type":"cond-expr","locations":[{"start":{"line":29,"column":8},"end":{"line":29,"column":36}},{"start":{"line":30,"column":8},"end":{"line":30,"column":34}}],"line":28},"2":{"loc":{"start":{"line":51,"column":4},"end":{"line":53,"column":5}},"type":"if","locations":[{"start":{"line":51,"column":4},"end":{"line":53,"column":5}},{"start":{"line":51,"column":4},"end":{"line":53,"column":5}}],"line":51},"3":{"loc":{"start":{"line":51,"column":8},"end":{"line":51,"column":52}},"type":"binary-expr","locations":[{"start":{"line":51,"column":8},"end":{"line":51,"column":23}},{"start":{"line":51,"column":27},"end":{"line":51,"column":52}}],"line":51},"4":{"loc":{"start":{"line":59,"column":4},"end":{"line":61,"column":5}},"type":"if","locations":[{"start":{"line":59,"column":4},"end":{"line":61,"column":5}},{"start":{"line":59,"column":4},"end":{"line":61,"column":5}}],"line":59},"5":{"loc":{"start":{"line":85,"column":17},"end":{"line":85,"column":51}},"type":"cond-expr","locations":[{"start":{"line":85,"column":44},"end":{"line":85,"column":46}},{"start":{"line":85,"column":49},"end":{"line":85,"column":51}}],"line":85}},"s":{"0":0,"1":0,"2":0,"3":0,"4":0,"5":0,"6":0,"7":0,"8":0,"9":0,"10":0,"11":0,"12":0,"13":0,"14":0,"15":0,"16":0,"17":0,"18":0,"19":0,"20":5,"21":1},"f":{"0":0,"1":0,"2":0,"3":0,"4":0,"5":0,"6":0,"7":1},"b":{"0":[0,0],"1":[0,0],"2":[0,0],"3":[0,0],"4":[0,0],"5":[0,0]},"_coverageSchema":"332fd63041d2c1bcb487cc26dd0d5f7d97098a6c","hash":"e68b2ea2bed02ea018d71cb7650dc31aac6267a4"}
,"/Users/dmitrij/pat/material-ui-pickers/src/TimePicker/ClockNumber.jsx": {"path":"/Users/dmitrij/pat/material-ui-pickers/src/TimePicker/ClockNumber.jsx","statementMap":{"0":{"start":{"line":8,"column":18},"end":{"line":21,"column":1}},"1":{"start":{"line":32,"column":21},"end":{"line":32,"column":37}},"2":{"start":{"line":34,"column":4},"end":{"line":36,"column":6}},"3":{"start":{"line":42,"column":8},"end":{"line":42,"column":18}},"4":{"start":{"line":44,"column":22},"end":{"line":46,"column":6}},"5":{"start":{"line":48,"column":4},"end":{"line":55,"column":6}},"6":{"start":{"line":59,"column":15},"end":{"line":76,"column":2}},"7":{"start":{"line":59,"column":25},"end":{"line":76,"column":1}}},"fnMap":{"0":{"name":"(anonymous_0)","decl":{"start":{"line":31,"column":22},"end":{"line":31,"column":23}},"loc":{"start":{"line":31,"column":33},"end":{"line":37,"column":3}},"line":31},"1":{"name":"(anonymous_1)","decl":{"start":{"line":39,"column":2},"end":{"line":39,"column":3}},"loc":{"start":{"line":39,"column":11},"end":{"line":56,"column":3}},"line":39},"2":{"name":"(anonymous_2)","decl":{"start":{"line":59,"column":15},"end":{"line":59,"column":16}},"loc":{"start":{"line":59,"column":25},"end":{"line":76,"column":1}},"line":59}},"branchMap":{"0":{"loc":{"start":{"line":69,"column":11},"end":{"line":71,"column":31}},"type":"cond-expr","locations":[{"start":{"line":70,"column":8},"end":{"line":70,"column":34}},{"start":{"line":71,"column":8},"end":{"line":71,"column":31}}],"line":69}},"s":{"0":5,"1":0,"2":0,"3":0,"4":0,"5":0,"6":5,"7":1},"f":{"0":0,"1":0,"2":1},"b":{"0":[1,0]},"_coverageSchema":"332fd63041d2c1bcb487cc26dd0d5f7d97098a6c","hash":"8636d0e66847f4d936a3893ce1cf02b867a1f1ae"}
,"/Users/dmitrij/pat/material-ui-pickers/src/TimePicker/ClockPointer.jsx": {"path":"/Users/dmitrij/pat/material-ui-pickers/src/TimePicker/ClockPointer.jsx","statementMap":{"0":{"start":{"line":15,"column":27},"end":{"line":15,"column":37}},"1":{"start":{"line":16,"column":18},"end":{"line":16,"column":37}},"2":{"start":{"line":18,"column":4},"end":{"line":20,"column":6}},"3":{"start":{"line":24,"column":37},"end":{"line":24,"column":47}},"4":{"start":{"line":26,"column":4},"end":{"line":33,"column":6}},"5":{"start":{"line":37,"column":15},"end":{"line":61,"column":2}},"6":{"start":{"line":37,"column":25},"end":{"line":61,"column":1}}},"fnMap":{"0":{"name":"(anonymous_0)","decl":{"start":{"line":14,"column":18},"end":{"line":14,"column":19}},"loc":{"start":{"line":14,"column":24},"end":{"line":21,"column":3}},"line":14},"1":{"name":"(anonymous_1)","decl":{"start":{"line":23,"column":2},"end":{"line":23,"column":3}},"loc":{"start":{"line":23,"column":11},"end":{"line":34,"column":3}},"line":23},"2":{"name":"(anonymous_2)","decl":{"start":{"line":37,"column":15},"end":{"line":37,"column":16}},"loc":{"start":{"line":37,"column":25},"end":{"line":61,"column":1}},"line":37}},"branchMap":{},"s":{"0":0,"1":0,"2":0,"3":0,"4":0,"5":6,"6":1},"f":{"0":0,"1":0,"2":1},"b":{},"_coverageSchema":"332fd63041d2c1bcb487cc26dd0d5f7d97098a6c","hash":"981ce9b6edeac743c41cd2d8b03ff1cdfd911b81"}
,"/Users/dmitrij/pat/material-ui-pickers/src/TimePicker/HourView.jsx": {"path":"/Users/dmitrij/pat/material-ui-pickers/src/TimePicker/HourView.jsx","statementMap":{"0":{"start":{"line":14,"column":24},"end":{"line":14,"column":59}},"1":{"start":{"line":15,"column":4},"end":{"line":15,"column":37}},"2":{"start":{"line":19,"column":21},"end":{"line":19,"column":31}},"3":{"start":{"line":21,"column":18},"end":{"line":21,"column":35}},"4":{"start":{"line":22,"column":22},"end":{"line":22,"column":47}},"5":{"start":{"line":24,"column":4},"end":{"line":43,"column":6}}},"fnMap":{"0":{"name":"(anonymous_0)","decl":{"start":{"line":13,"column":17},"end":{"line":13,"column":18}},"loc":{"start":{"line":13,"column":28},"end":{"line":16,"column":3}},"line":13},"1":{"name":"(anonymous_1)","decl":{"start":{"line":18,"column":2},"end":{"line":18,"column":3}},"loc":{"start":{"line":18,"column":11},"end":{"line":44,"column":3}},"line":18}},"branchMap":{},"s":{"0":0,"1":0,"2":1,"3":1,"4":1,"5":1},"f":{"0":0,"1":1},"b":{},"_coverageSchema":"332fd63041d2c1bcb487cc26dd0d5f7d97098a6c","hash":"0c570ceda70aaee53e4ebe71bca08511ece8d547"}
,"/Users/dmitrij/pat/material-ui-pickers/src/TimePicker/MinutesView.jsx": {"path":"/Users/dmitrij/pat/material-ui-pickers/src/TimePicker/MinutesView.jsx","statementMap":{"0":{"start":{"line":14,"column":24},"end":{"line":14,"column":64}},"1":{"start":{"line":15,"column":4},"end":{"line":15,"column":37}},"2":{"start":{"line":19,"column":18},"end":{"line":19,"column":48}},"3":{"start":{"line":21,"column":4},"end":{"line":40,"column":6}}},"fnMap":{"0":{"name":"(anonymous_0)","decl":{"start":{"line":13,"column":17},"end":{"line":13,"column":18}},"loc":{"start":{"line":13,"column":30},"end":{"line":16,"column":3}},"line":13},"1":{"name":"(anonymous_1)","decl":{"start":{"line":18,"column":2},"end":{"line":18,"column":3}},"loc":{"start":{"line":18,"column":11},"end":{"line":41,"column":3}},"line":18}},"branchMap":{},"s":{"0":0,"1":0,"2":1,"3":1},"f":{"0":0,"1":1},"b":{},"_coverageSchema":"332fd63041d2c1bcb487cc26dd0d5f7d97098a6c","hash":"d2b214cfad73b617323d5f3c55dd296ea16d459b"}
,"/Users/dmitrij/pat/material-ui-pickers/src/TimePicker/TimePicker.jsx": {"path":"/Users/dmitrij/pat/material-ui-pickers/src/TimePicker/TimePicker.jsx","statementMap":{"0":{"start":{"line":21,"column":28},"end":{"line":26,"column":3}},"1":{"start":{"line":22,"column":4},"end":{"line":25,"column":6}},"2":{"start":{"line":24,"column":12},"end":{"line":24,"column":46}},"3":{"start":{"line":29,"column":29},"end":{"line":29,"column":39}},"4":{"start":{"line":31,"column":4},"end":{"line":37,"column":5}},"5":{"start":{"line":32,"column":20},"end":{"line":34,"column":27}},"6":{"start":{"line":36,"column":6},"end":{"line":36,"column":39}},"7":{"start":{"line":39,"column":4},"end":{"line":39,"column":30}},"8":{"start":{"line":43,"column":4},"end":{"line":43,"column":46}},"9":{"start":{"line":47,"column":4},"end":{"line":47,"column":45}},"10":{"start":{"line":51,"column":30},"end":{"line":51,"column":40}},"11":{"start":{"line":52,"column":46},"end":{"line":52,"column":56}},"12":{"start":{"line":54,"column":4},"end":{"line":111,"column":6}},"13":{"start":{"line":115,"column":15},"end":{"line":136,"column":2}},"14":{"start":{"line":115,"column":25},"end":{"line":136,"column":1}}},"fnMap":{"0":{"name":"(anonymous_0)","decl":{"start":{"line":21,"column":20},"end":{"line":21,"column":21}},"loc":{"start":{"line":21,"column":28},"end":{"line":26,"column":3}},"line":21},"1":{"name":"(anonymous_1)","decl":{"start":{"line":21,"column":28},"end":{"line":21,"column":29}},"loc":{"start":{"line":21,"column":34},"end":{"line":26,"column":3}},"line":21},"2":{"name":"(anonymous_2)","decl":{"start":{"line":24,"column":6},"end":{"line":24,"column":7}},"loc":{"start":{"line":24,"column":12},"end":{"line":24,"column":46}},"line":24},"3":{"name":"(anonymous_3)","decl":{"start":{"line":28,"column":17},"end":{"line":28,"column":18}},"loc":{"start":{"line":28,"column":27},"end":{"line":40,"column":3}},"line":28},"4":{"name":"(anonymous_4)","decl":{"start":{"line":42,"column":20},"end":{"line":42,"column":21}},"loc":{"start":{"line":42,"column":26},"end":{"line":44,"column":3}},"line":42},"5":{"name":"(anonymous_5)","decl":{"start":{"line":46,"column":17},"end":{"line":46,"column":18}},"loc":{"start":{"line":46,"column":23},"end":{"line":48,"column":3}},"line":46},"6":{"name":"(anonymous_6)","decl":{"start":{"line":50,"column":2},"end":{"line":50,"column":3}},"loc":{"start":{"line":50,"column":11},"end":{"line":112,"column":3}},"line":50},"7":{"name":"(anonymous_7)","decl":{"start":{"line":115,"column":15},"end":{"line":115,"column":16}},"loc":{"start":{"line":115,"column":25},"end":{"line":136,"column":1}},"line":115}},"branchMap":{"0":{"loc":{"start":{"line":31,"column":4},"end":{"line":37,"column":5}},"type":"if","locations":[{"start":{"line":31,"column":4},"end":{"line":37,"column":5}},{"start":{"line":31,"column":4},"end":{"line":37,"column":5}}],"line":31},"1":{"loc":{"start":{"line":32,"column":20},"end":{"line":34,"column":27}},"type":"cond-expr","locations":[{"start":{"line":33,"column":10},"end":{"line":33,"column":27}},{"start":{"line":34,"column":10},"end":{"line":34,"column":27}}],"line":32},"2":{"loc":{"start":{"line":97,"column":10},"end":{"line":107,"column":16}},"type":"cond-expr","locations":[{"start":{"line":99,"column":14},"end":{"line":102,"column":16}},{"start":{"line":104,"column":14},"end":{"line":107,"column":16}}],"line":97}},"s":{"0":0,"1":0,"2":0,"3":0,"4":0,"5":0,"6":0,"7":0,"8":0,"9":0,"10":0,"11":0,"12":0,"13":2,"14":1},"f":{"0":0,"1":0,"2":0,"3":0,"4":0,"5":0,"6":0,"7":1},"b":{"0":[0,0],"1":[0,0],"2":[0,0]},"_coverageSchema":"332fd63041d2c1bcb487cc26dd0d5f7d97098a6c","hash":"fe15dbaf04b198c308e5677cc341584710280b3a"}
,"/Users/dmitrij/pat/material-ui-pickers/src/TimePicker/TimePickerModal.jsx": {"path":"/Users/dmitrij/pat/material-ui-pickers/src/TimePicker/TimePickerModal.jsx","statementMap":{"0":{"start":{"line":29,"column":4},"end":{"line":29,"column":46}},"1":{"start":{"line":33,"column":4},"end":{"line":37,"column":7}},"2":{"start":{"line":34,"column":6},"end":{"line":36,"column":7}},"3":{"start":{"line":35,"column":8},"end":{"line":35,"column":28}},"4":{"start":{"line":41,"column":4},"end":{"line":41,"column":41}},"5":{"start":{"line":42,"column":4},"end":{"line":42,"column":24}},"6":{"start":{"line":46,"column":4},"end":{"line":48,"column":7}},"7":{"start":{"line":50,"column":4},"end":{"line":50,"column":24}},"8":{"start":{"line":54,"column":21},"end":{"line":54,"column":31}},"9":{"start":{"line":58,"column":8},"end":{"line":58,"column":18}},"10":{"start":{"line":60,"column":4},"end":{"line":80,"column":6}}},"fnMap":{"0":{"name":"(anonymous_0)","decl":{"start":{"line":28,"column":17},"end":{"line":28,"column":18}},"loc":{"start":{"line":28,"column":23},"end":{"line":30,"column":3}},"line":28},"1":{"name":"(anonymous_1)","decl":{"start":{"line":32,"column":17},"end":{"line":32,"column":18}},"loc":{"start":{"line":32,"column":27},"end":{"line":38,"column":3}},"line":32},"2":{"name":"(anonymous_2)","decl":{"start":{"line":33,"column":28},"end":{"line":33,"column":29}},"loc":{"start":{"line":33,"column":34},"end":{"line":37,"column":5}},"line":33},"3":{"name":"(anonymous_3)","decl":{"start":{"line":40,"column":17},"end":{"line":40,"column":18}},"loc":{"start":{"line":40,"column":23},"end":{"line":43,"column":3}},"line":40},"4":{"name":"(anonymous_4)","decl":{"start":{"line":45,"column":18},"end":{"line":45,"column":19}},"loc":{"start":{"line":45,"column":24},"end":{"line":51,"column":3}},"line":45},"5":{"name":"(anonymous_5)","decl":{"start":{"line":53,"column":2},"end":{"line":53,"column":3}},"loc":{"start":{"line":53,"column":11},"end":{"line":81,"column":3}},"line":53}},"branchMap":{"0":{"loc":{"start":{"line":34,"column":6},"end":{"line":36,"column":7}},"type":"if","locations":[{"start":{"line":34,"column":6},"end":{"line":36,"column":7}},{"start":{"line":34,"column":6},"end":{"line":36,"column":7}}],"line":34}},"s":{"0":0,"1":0,"2":0,"3":0,"4":0,"5":0,"6":0,"7":0,"8":1,"9":1,"10":1},"f":{"0":0,"1":0,"2":0,"3":0,"4":0,"5":1},"b":{"0":[0,0]},"_coverageSchema":"332fd63041d2c1bcb487cc26dd0d5f7d97098a6c","hash":"3afc8ca5170ae738620faa0ddd80b8698d6ef8af"}
,"/Users/dmitrij/pat/material-ui-pickers/src/TimePicker/utils/time-utils.js": {"path":"/Users/dmitrij/pat/material-ui-pickers/src/TimePicker/utils/time-utils.js","statementMap":{"0":{"start":{"line":1,"column":15},"end":{"line":4,"column":1}},"1":{"start":{"line":6,"column":18},"end":{"line":9,"column":1}},"2":{"start":{"line":11,"column":11},"end":{"line":11,"column":33}},"3":{"start":{"line":12,"column":11},"end":{"line":12,"column":33}},"4":{"start":{"line":14,"column":16},"end":{"line":14,"column":46}},"5":{"start":{"line":14,"column":23},"end":{"line":14,"column":46}},"6":{"start":{"line":16,"column":22},"end":{"line":29,"column":1}},"7":{"start":{"line":17,"column":12},"end":{"line":17,"column":30}},"8":{"start":{"line":18,"column":12},"end":{"line":18,"column":30}},"9":{"start":{"line":20,"column":15},"end":{"line":20,"column":52}},"10":{"start":{"line":22,"column":12},"end":{"line":22,"column":25}},"11":{"start":{"line":23,"column":2},"end":{"line":23,"column":38}},"12":{"start":{"line":24,"column":2},"end":{"line":24,"column":13}},"13":{"start":{"line":26,"column":16},"end":{"line":26,"column":43}},"14":{"start":{"line":28,"column":2},"end":{"line":28,"column":15}},"15":{"start":{"line":31,"column":24},"end":{"line":35,"column":1}},"16":{"start":{"line":32,"column":16},"end":{"line":32,"column":57}},"17":{"start":{"line":34,"column":2},"end":{"line":34,"column":20}},"18":{"start":{"line":37,"column":26},"end":{"line":41,"column":1}},"19":{"start":{"line":38,"column":16},"end":{"line":38,"column":53}},"20":{"start":{"line":40,"column":2},"end":{"line":40,"column":15}}},"fnMap":{"0":{"name":"(anonymous_0)","decl":{"start":{"line":14,"column":16},"end":{"line":14,"column":17}},"loc":{"start":{"line":14,"column":23},"end":{"line":14,"column":46}},"line":14},"1":{"name":"(anonymous_1)","decl":{"start":{"line":16,"column":22},"end":{"line":16,"column":23}},"loc":{"start":{"line":16,"column":50},"end":{"line":29,"column":1}},"line":16},"2":{"name":"(anonymous_2)","decl":{"start":{"line":31,"column":24},"end":{"line":31,"column":25}},"loc":{"start":{"line":31,"column":46},"end":{"line":35,"column":1}},"line":31},"3":{"name":"(anonymous_3)","decl":{"start":{"line":37,"column":26},"end":{"line":37,"column":27}},"loc":{"start":{"line":37,"column":58},"end":{"line":41,"column":1}},"line":37}},"branchMap":{"0":{"loc":{"start":{"line":26,"column":16},"end":{"line":26,"column":43}},"type":"binary-expr","locations":[{"start":{"line":26,"column":16},"end":{"line":26,"column":38}},{"start":{"line":26,"column":42},"end":{"line":26,"column":43}}],"line":26},"1":{"loc":{"start":{"line":32,"column":16},"end":{"line":32,"column":57}},"type":"binary-expr","locations":[{"start":{"line":32,"column":16},"end":{"line":32,"column":51}},{"start":{"line":32,"column":55},"end":{"line":32,"column":57}}],"line":32},"2":{"loc":{"start":{"line":37,"column":45},"end":{"line":37,"column":53}},"type":"default-arg","locations":[{"start":{"line":37,"column":52},"end":{"line":37,"column":53}}],"line":37}},"s":{"0":5,"1":5,"2":5,"3":5,"4":5,"5":0,"6":5,"7":0,"8":0,"9":0,"10":0,"11":0,"12":0,"13":0,"14":0,"15":5,"16":0,"17":0,"18":5,"19":0,"20":0},"f":{"0":0,"1":0,"2":0,"3":0},"b":{"0":[0,0],"1":[0,0],"2":[0]},"_coverageSchema":"332fd63041d2c1bcb487cc26dd0d5f7d97098a6c","hash":"f4182a56f4f29d6aa2c3071887a1db1fe87a6852"}
,"/Users/dmitrij/pat/material-ui-pickers/src/_shared/DateTextField.jsx": {"path":"/Users/dmitrij/pat/material-ui-pickers/src/_shared/DateTextField.jsx","statementMap":{"0":{"start":{"line":14,"column":4},"end":{"line":15,"column":42}},"1":{"start":{"line":19,"column":30},"end":{"line":19,"column":40}},"2":{"start":{"line":21,"column":4},"end":{"line":21,"column":40}},"3":{"start":{"line":25,"column":22},"end":{"line":25,"column":30}},"4":{"start":{"line":26,"column":24},"end":{"line":26,"column":37}},"5":{"start":{"line":28,"column":4},"end":{"line":30,"column":5}},"6":{"start":{"line":29,"column":6},"end":{"line":29,"column":39}},"7":{"start":{"line":34,"column":40},"end":{"line":34,"column":50}},"8":{"start":{"line":36,"column":4},"end":{"line":42,"column":6}}},"fnMap":{"0":{"name":"(anonymous_0)","decl":{"start":{"line":13,"column":26},"end":{"line":13,"column":27}},"loc":{"start":{"line":14,"column":4},"end":{"line":15,"column":42}},"line":14},"1":{"name":"(anonymous_1)","decl":{"start":{"line":18,"column":19},"end":{"line":18,"column":20}},"loc":{"start":{"line":18,"column":25},"end":{"line":22,"column":3}},"line":18},"2":{"name":"(anonymous_2)","decl":{"start":{"line":24,"column":17},"end":{"line":24,"column":18}},"loc":{"start":{"line":24,"column":24},"end":{"line":31,"column":3}},"line":24},"3":{"name":"(anonymous_3)","decl":{"start":{"line":33,"column":2},"end":{"line":33,"column":3}},"loc":{"start":{"line":33,"column":11},"end":{"line":43,"column":3}},"line":33}},"branchMap":{"0":{"loc":{"start":{"line":14,"column":4},"end":{"line":15,"column":42}},"type":"binary-expr","locations":[{"start":{"line":14,"column":4},"end":{"line":14,"column":40}},{"start":{"line":15,"column":4},"end":{"line":15,"column":42}}],"line":14},"1":{"loc":{"start":{"line":28,"column":4},"end":{"line":30,"column":5}},"type":"if","locations":[{"start":{"line":28,"column":4},"end":{"line":30,"column":5}},{"start":{"line":28,"column":4},"end":{"line":30,"column":5}}],"line":28}},"s":{"0":0,"1":1,"2":1,"3":0,"4":0,"5":0,"6":0,"7":1,"8":1},"f":{"0":0,"1":1,"2":0,"3":1},"b":{"0":[0,0],"1":[0,0]},"_coverageSchema":"332fd63041d2c1bcb487cc26dd0d5f7d97098a6c","hash":"c0261dcea76f3d1c9754a6f48fdc08a82ddf89c7"}
,"/Users/dmitrij/pat/material-ui-pickers/src/_shared/ModalDialog.jsx": {"path":"/Users/dmitrij/pat/material-ui-pickers/src/_shared/ModalDialog.jsx","statementMap":{"0":{"start":{"line":5,"column":15},"end":{"line":11,"column":1}},"1":{"start":{"line":13,"column":20},"end":{"line":30,"column":1}},"2":{"start":{"line":16,"column":6},"end":{"line":16,"column":11}},"3":{"start":{"line":18,"column":2},"end":{"line":29,"column":4}},"4":{"start":{"line":32,"column":0},"end":{"line":37,"column":2}}},"fnMap":{"0":{"name":"(anonymous_0)","decl":{"start":{"line":13,"column":20},"end":{"line":13,"column":21}},"loc":{"start":{"line":13,"column":31},"end":{"line":30,"column":1}},"line":13}},"branchMap":{},"s":{"0":3,"1":3,"2":0,"3":0,"4":3},"f":{"0":0},"b":{},"_coverageSchema":"332fd63041d2c1bcb487cc26dd0d5f7d97098a6c","hash":"e272a6ffff51ecce29076049650af49702c615a9"}
,"/Users/dmitrij/pat/material-ui-pickers/src/_shared/PickerToolbar.jsx": {"path":"/Users/dmitrij/pat/material-ui-pickers/src/_shared/PickerToolbar.jsx","statementMap":{"0":{"start":{"line":6,"column":22},"end":{"line":16,"column":1}},"1":{"start":{"line":9,"column":6},"end":{"line":9,"column":11}},"2":{"start":{"line":11,"column":2},"end":{"line":15,"column":4}},"3":{"start":{"line":18,"column":0},"end":{"line":22,"column":2}},"4":{"start":{"line":24,"column":0},"end":{"line":26,"column":2}},"5":{"start":{"line":28,"column":15},"end":{"line":37,"column":2}},"6":{"start":{"line":28,"column":25},"end":{"line":37,"column":1}}},"fnMap":{"0":{"name":"(anonymous_0)","decl":{"start":{"line":6,"column":22},"end":{"line":6,"column":23}},"loc":{"start":{"line":6,"column":33},"end":{"line":16,"column":1}},"line":6},"1":{"name":"(anonymous_1)","decl":{"start":{"line":28,"column":15},"end":{"line":28,"column":16}},"loc":{"start":{"line":28,"column":25},"end":{"line":37,"column":1}},"line":28}},"branchMap":{},"s":{"0":5,"1":0,"2":0,"3":5,"4":5,"5":5,"6":1},"f":{"0":0,"1":1},"b":{},"_coverageSchema":"332fd63041d2c1bcb487cc26dd0d5f7d97098a6c","hash":"16e5e0ea319a0221766f0304361557e770e83a58"}
,"/Users/dmitrij/pat/material-ui-pickers/src/_shared/ToolbarButton.jsx": {"path":"/Users/dmitrij/pat/material-ui-pickers/src/_shared/ToolbarButton.jsx","statementMap":{"0":{"start":{"line":6,"column":22},"end":{"line":21,"column":1}},"1":{"start":{"line":9,"column":6},"end":{"line":9,"column":11}},"2":{"start":{"line":11,"column":2},"end":{"line":20,"column":4}},"3":{"start":{"line":23,"column":0},"end":{"line":28,"column":2}},"4":{"start":{"line":30,"column":15},"end":{"line":38,"column":2}},"5":{"start":{"line":30,"column":25},"end":{"line":38,"column":1}}},"fnMap":{"0":{"name":"(anonymous_0)","decl":{"start":{"line":6,"column":22},"end":{"line":6,"column":23}},"loc":{"start":{"line":6,"column":33},"end":{"line":21,"column":1}},"line":6},"1":{"name":"(anonymous_1)","decl":{"start":{"line":30,"column":15},"end":{"line":30,"column":16}},"loc":{"start":{"line":30,"column":25},"end":{"line":38,"column":1}},"line":30}},"branchMap":{},"s":{"0":5,"1":0,"2":0,"3":5,"4":5,"5":1},"f":{"0":0,"1":1},"b":{},"_coverageSchema":"332fd63041d2c1bcb487cc26dd0d5f7d97098a6c","hash":"7bfb9950c3cb95db25397bd5853e3c21a716d497"}
,"/Users/dmitrij/pat/material-ui-pickers/src/constants/clock-types.js": {"path":"/Users/dmitrij/pat/material-ui-pickers/src/constants/clock-types.js","statementMap":{"0":{"start":{"line":1,"column":21},"end":{"line":1,"column":28}},"1":{"start":{"line":3,"column":23},"end":{"line":3,"column":32}}},"fnMap":{},"branchMap":{},"s":{"0":6,"1":6},"f":{},"b":{},"_coverageSchema":"332fd63041d2c1bcb487cc26dd0d5f7d97098a6c","hash":"a7af97df784eac72cdf36b28d735abe0ba2a8db5"}
}
