TN:
SF:/Users/dmitrij/pat/material-ui-pickers/__tests__/setup.js
FNF:0
FNH:0
DA:1,16
DA:2,16
DA:5,16
LF:3
LH:3
BRF:0
BRH:0
end_of_record
TN:
SF:/Users/dmitrij/pat/material-ui-pickers/src/DatePicker/Calendar.jsx
FN:31,(anonymous_0)
FN:35,(anonymous_1)
FN:39,(anonymous_2)
FN:45,(anonymous_3)
FN:52,(anonymous_4)
FN:58,(anonymous_5)
FN:69,(anonymous_6)
FN:77,(anonymous_7)
FN:96,(anonymous_8)
FNF:9
FNH:1
FNDA:0,(anonymous_0)
FNDA:0,(anonymous_1)
FNDA:0,(anonymous_2)
FNDA:0,(anonymous_3)
FNDA:0,(anonymous_4)
FNDA:0,(anonymous_5)
FNDA:0,(anonymous_6)
FNDA:0,(anonymous_7)
FNDA:1,(anonymous_8)
DA:10,3
DA:32,0
DA:36,0
DA:40,0
DA:41,0
DA:42,0
DA:44,0
DA:46,0
DA:53,0
DA:54,0
DA:55,0
DA:57,0
DA:59,0
DA:65,0
DA:69,0
DA:78,0
DA:79,0
DA:81,0
DA:96,3
LF:19
LH:2
BRDA:62,0,0,0
BRDA:62,0,1,0
BRDA:62,0,2,0
BRDA:62,0,3,0
BRDA:62,0,4,0
BRDA:62,0,5,0
BRF:6
BRH:0
end_of_record
TN:
SF:/Users/dmitrij/pat/material-ui-pickers/src/DatePicker/CalendarHeader.jsx
FN:6,(anonymous_0)
FN:9,(anonymous_1)
FN:10,(anonymous_2)
FN:29,(anonymous_3)
FN:43,(anonymous_4)
FNF:5
FNH:1
FNDA:0,(anonymous_0)
FNDA:0,(anonymous_1)
FNDA:0,(anonymous_2)
FNDA:0,(anonymous_3)
FNDA:1,(anonymous_4)
DA:6,4
DA:7,0
DA:9,0
DA:10,0
DA:12,0
DA:30,0
DA:37,4
DA:43,4
LF:8
LH:3
BRF:0
BRH:0
end_of_record
TN:
SF:/Users/dmitrij/pat/material-ui-pickers/src/DatePicker/DatePicker.jsx
FN:35,(anonymous_0)
FN:39,(anonymous_1)
FN:43,(anonymous_2)
FN:47,(anonymous_3)
FN:51,(anonymous_4)
FN:55,(anonymous_5)
FN:104,(anonymous_6)
FNF:7
FNH:1
FNDA:0,(anonymous_0)
FNDA:0,(anonymous_1)
FNDA:0,(anonymous_2)
FNDA:0,(anonymous_3)
FNDA:0,(anonymous_4)
FNDA:0,(anonymous_5)
FNDA:1,(anonymous_6)
DA:36,0
DA:40,0
DA:44,0
DA:48,0
DA:52,0
DA:58,0
DA:59,0
DA:61,0
DA:104,2
LF:9
LH:1
BRDA:80,0,0,0
BRDA:80,0,1,0
BRF:2
BRH:0
end_of_record
TN:
SF:/Users/dmitrij/pat/material-ui-pickers/src/DatePicker/DatePickerModal.jsx
FN:38,(anonymous_0)
FN:42,(anonymous_1)
FN:43,(anonymous_2)
FN:50,(anonymous_3)
FN:55,(anonymous_4)
FN:63,(anonymous_5)
FNF:6
FNH:1
FNDA:0,(anonymous_0)
FNDA:0,(anonymous_1)
FNDA:0,(anonymous_2)
FNDA:0,(anonymous_3)
FNDA:0,(anonymous_4)
FNDA:1,(anonymous_5)
DA:39,0
DA:43,0
DA:44,0
DA:45,0
DA:51,0
DA:52,0
DA:56,0
DA:60,0
DA:64,1
DA:68,1
DA:70,1
LF:11
LH:3
BRDA:44,0,0,0
BRDA:44,0,1,0
BRF:2
BRH:0
end_of_record
TN:
SF:/Users/dmitrij/pat/material-ui-pickers/src/DatePicker/YearSelection.jsx
FN:21,(anonymous_0)
FN:32,(anonymous_1)
FN:39,(anonymous_2)
FN:49,(anonymous_3)
FN:62,(anonymous_4)
FN:63,(anonymous_5)
FN:75,(anonymous_6)
FNF:7
FNH:1
FNDA:0,(anonymous_0)
FNDA:0,(anonymous_1)
FNDA:0,(anonymous_2)
FNDA:0,(anonymous_3)
FNDA:0,(anonymous_4)
FNDA:0,(anonymous_5)
FNDA:1,(anonymous_6)
DA:8,3
DA:22,0
DA:23,0
DA:25,0
DA:26,0
DA:33,0
DA:35,0
DA:36,0
DA:42,0
DA:43,0
DA:45,0
DA:50,0
DA:51,0
DA:56,0
DA:62,0
DA:63,0
DA:75,3
LF:17
LH:2
BRDA:25,0,0,0
BRDA:25,0,1,0
BRDA:27,1,0,0
BRDA:27,1,1,0
BRDA:53,2,0,0
BRDA:53,2,1,0
BRF:6
BRH:0
end_of_record
TN:
SF:/Users/dmitrij/pat/material-ui-pickers/src/TimePicker/Clock.jsx
FN:18,(anonymous_0)
FN:35,(anonymous_1)
FN:39,(anonymous_2)
FN:43,(anonymous_3)
FN:48,(anonymous_4)
FN:56,(anonymous_5)
FN:66,(anonymous_6)
FN:97,(anonymous_7)
FNF:8
FNH:1
FNDA:0,(anonymous_0)
FNDA:0,(anonymous_1)
FNDA:0,(anonymous_2)
FNDA:0,(anonymous_3)
FNDA:0,(anonymous_4)
FNDA:0,(anonymous_5)
FNDA:0,(anonymous_6)
FNDA:1,(anonymous_7)
DA:19,0
DA:21,0
DA:22,0
DA:24,0
DA:25,0
DA:28,0
DA:32,0
DA:36,0
DA:40,0
DA:44,0
DA:45,0
DA:49,0
DA:51,0
DA:52,0
DA:57,0
DA:59,0
DA:60,0
DA:63,0
DA:69,0
DA:71,0
DA:97,5
LF:21
LH:1
BRDA:21,0,0,0
BRDA:21,0,1,0
BRDA:28,1,0,0
BRDA:28,1,1,0
BRDA:51,2,0,0
BRDA:51,2,1,0
BRDA:51,3,0,0
BRDA:51,3,1,0
BRDA:59,4,0,0
BRDA:59,4,1,0
BRDA:85,5,0,0
BRDA:85,5,1,0
BRF:12
BRH:0
end_of_record
TN:
SF:/Users/dmitrij/pat/material-ui-pickers/src/TimePicker/ClockNumber.jsx
FN:31,(anonymous_0)
FN:39,(anonymous_1)
FN:59,(anonymous_2)
FNF:3
FNH:1
FNDA:0,(anonymous_0)
FNDA:0,(anonymous_1)
FNDA:1,(anonymous_2)
DA:8,5
DA:32,0
DA:34,0
DA:42,0
DA:44,0
DA:48,0
DA:59,5
LF:7
LH:2
BRDA:69,0,0,1
BRDA:69,0,1,0
BRF:2
BRH:1
end_of_record
TN:
SF:/Users/dmitrij/pat/material-ui-pickers/src/TimePicker/ClockPointer.jsx
FN:14,(anonymous_0)
FN:23,(anonymous_1)
FN:37,(anonymous_2)
FNF:3
FNH:1
FNDA:0,(anonymous_0)
FNDA:0,(anonymous_1)
FNDA:1,(anonymous_2)
DA:15,0
DA:16,0
DA:18,0
DA:24,0
DA:26,0
DA:37,6
LF:6
LH:1
BRF:0
BRH:0
end_of_record
TN:
SF:/Users/dmitrij/pat/material-ui-pickers/src/TimePicker/HourView.jsx
FN:13,(anonymous_0)
FN:18,(anonymous_1)
FNF:2
FNH:1
FNDA:0,(anonymous_0)
FNDA:1,(anonymous_1)
DA:14,0
DA:15,0
DA:19,1
DA:21,1
DA:22,1
DA:24,1
LF:6
LH:4
BRF:0
BRH:0
end_of_record
TN:
SF:/Users/dmitrij/pat/material-ui-pickers/src/TimePicker/MinutesView.jsx
FN:13,(anonymous_0)
FN:18,(anonymous_1)
FNF:2
FNH:1
FNDA:0,(anonymous_0)
FNDA:1,(anonymous_1)
DA:14,0
DA:15,0
DA:19,1
DA:21,1
LF:4
LH:2
BRF:0
BRH:0
end_of_record
TN:
SF:/Users/dmitrij/pat/material-ui-pickers/src/TimePicker/TimePicker.jsx
FN:21,(anonymous_0)
FN:21,(anonymous_1)
FN:24,(anonymous_2)
FN:28,(anonymous_3)
FN:42,(anonymous_4)
FN:46,(anonymous_5)
FN:50,(anonymous_6)
FN:115,(anonymous_7)
FNF:8
FNH:1
FNDA:0,(anonymous_0)
FNDA:0,(anonymous_1)
FNDA:0,(anonymous_2)
FNDA:0,(anonymous_3)
FNDA:0,(anonymous_4)
FNDA:0,(anonymous_5)
FNDA:0,(anonymous_6)
FNDA:1,(anonymous_7)
DA:21,0
DA:22,0
DA:24,0
DA:29,0
DA:31,0
DA:32,0
DA:36,0
DA:39,0
DA:43,0
DA:47,0
DA:51,0
DA:52,0
DA:54,0
DA:115,2
LF:14
LH:1
BRDA:31,0,0,0
BRDA:31,0,1,0
BRDA:32,1,0,0
BRDA:32,1,1,0
BRDA:97,2,0,0
BRDA:97,2,1,0
BRF:6
BRH:0
end_of_record
TN:
SF:/Users/dmitrij/pat/material-ui-pickers/src/TimePicker/TimePickerModal.jsx
FN:28,(anonymous_0)
FN:32,(anonymous_1)
FN:33,(anonymous_2)
FN:40,(anonymous_3)
FN:45,(anonymous_4)
FN:53,(anonymous_5)
FNF:6
FNH:1
FNDA:0,(anonymous_0)
FNDA:0,(anonymous_1)
FNDA:0,(anonymous_2)
FNDA:0,(anonymous_3)
FNDA:0,(anonymous_4)
FNDA:1,(anonymous_5)
DA:29,0
DA:33,0
DA:34,0
DA:35,0
DA:41,0
DA:42,0
DA:46,0
DA:50,0
DA:54,1
DA:58,1
DA:60,1
LF:11
LH:3
BRDA:34,0,0,0
BRDA:34,0,1,0
BRF:2
BRH:0
end_of_record
TN:
SF:/Users/dmitrij/pat/material-ui-pickers/src/TimePicker/utils/time-utils.js
FN:14,(anonymous_0)
FN:16,(anonymous_1)
FN:31,(anonymous_2)
FN:37,(anonymous_3)
FNF:4
FNH:0
FNDA:0,(anonymous_0)
FNDA:0,(anonymous_1)
FNDA:0,(anonymous_2)
FNDA:0,(anonymous_3)
DA:1,5
DA:6,5
DA:11,5
DA:12,5
DA:14,5
DA:16,5
DA:17,0
DA:18,0
DA:20,0
DA:22,0
DA:23,0
DA:24,0
DA:26,0
DA:28,0
DA:31,5
DA:32,0
DA:34,0
DA:37,5
DA:38,0
DA:40,0
LF:20
LH:8
BRDA:26,0,0,0
BRDA:26,0,1,0
BRDA:32,1,0,0
BRDA:32,1,1,0
BRDA:37,2,0,0
BRF:5
BRH:0
end_of_record
TN:
SF:/Users/dmitrij/pat/material-ui-pickers/src/_shared/DateTextField.jsx
FN:13,(anonymous_0)
FN:18,(anonymous_1)
FN:24,(anonymous_2)
FN:33,(anonymous_3)
FNF:4
FNH:2
FNDA:0,(anonymous_0)
FNDA:1,(anonymous_1)
FNDA:0,(anonymous_2)
FNDA:1,(anonymous_3)
DA:14,0
DA:19,1
DA:21,1
DA:25,0
DA:26,0
DA:28,0
DA:29,0
DA:34,1
DA:36,1
LF:9
LH:4
BRDA:14,0,0,0
BRDA:14,0,1,0
BRDA:28,1,0,0
BRDA:28,1,1,0
BRF:4
BRH:0
end_of_record
TN:
SF:/Users/dmitrij/pat/material-ui-pickers/src/_shared/ModalDialog.jsx
FN:13,(anonymous_0)
FNF:1
FNH:0
FNDA:0,(anonymous_0)
DA:5,3
DA:13,3
DA:16,0
DA:18,0
DA:32,3
LF:5
LH:3
BRF:0
BRH:0
end_of_record
TN:
SF:/Users/dmitrij/pat/material-ui-pickers/src/_shared/PickerToolbar.jsx
FN:6,(anonymous_0)
FN:28,(anonymous_1)
FNF:2
FNH:1
FNDA:0,(anonymous_0)
FNDA:1,(anonymous_1)
DA:6,5
DA:9,0
DA:11,0
DA:18,5
DA:24,5
DA:28,5
LF:6
LH:4
BRF:0
BRH:0
end_of_record
TN:
SF:/Users/dmitrij/pat/material-ui-pickers/src/_shared/ToolbarButton.jsx
FN:6,(anonymous_0)
FN:30,(anonymous_1)
FNF:2
FNH:1
FNDA:0,(anonymous_0)
FNDA:1,(anonymous_1)
DA:6,5
DA:9,0
DA:11,0
DA:23,5
DA:30,5
LF:5
LH:3
BRF:0
BRH:0
end_of_record
TN:
SF:/Users/dmitrij/pat/material-ui-pickers/src/constants/clock-types.js
FNF:0
FNH:0
DA:1,6
DA:3,6
LF:2
LH:2
BRF:0
BRH:0
end_of_record
